{"accX":41.99,"accY":998.05,"accZ":61.04,"magX":-11.7,"magY":-56.25,"magZ":-108.0,"rotX":-3.05,"rotY":1.53,"rotZ":-2.22,"timestamp":"2021-05-31T13:22:44.158126Z"}
{"accX":42.48,"accY":1011.72,"accZ":31.74,"magX":-12.75,"magY":-55.65,"magZ":-106.65,"rotX":-1.47,"rotY":3.37,"rotZ":1.65,"timestamp":"2021-05-31T13:22:45.212986Z"}
{"accX":27.34,"accY":1015.62,"accZ":36.62,"magX":-12.15,"magY":-56.25,"magZ":-107.55,"rotX":-1.38,"rotY":1.63,"rotZ":0.23,"timestamp":"2021-05-31T13:22:46.263626Z"}
{"accX":36.62,"accY":998.54,"accZ":47.36,"magX":-11.1,"magY":-55.35,"magZ":-106.65,"rotX":-1.39,"rotY":0.47,"rotZ":0.91,"timestamp":"2021-05-31T13:22:47.419925Z"}
{"accX":44.92,"accY":998.05,"accZ":54.2,"magX":-1.65,"magY":-49.2,"magZ":-111.75,"rotX":-1.95,"rotY":2.12,"rotZ":-1.47,"timestamp":"2021-05-31T13:22:49.407520Z"}
{"accX":23.44,"accY":995.12,"accZ":67.38,"magX":-14.85,"magY":-57.15,"magZ":-98.1,"rotX":0.43,"rotY":-1.63,"rotZ":1.19,"timestamp":"2021-05-31T13:22:50.465582Z"}
{"accX":62.5,"accY":1008.3,"accZ":46.88,"magX":-13.05,"magY":-55.35,"magZ":-107.7,"rotX":0.59,"rotY":-1.15,"rotZ":3.34,"timestamp":"2021-05-31T13:22:51.533845Z"}
{"accX":33.69,"accY":1000.98,"accZ":8.79,"magX":-12.45,"magY":-55.5,"magZ":-105.3,"rotX":0.62,"rotY":-3.03,"rotZ":5.12,"timestamp":"2021-05-31T13:22:52.573914Z"}
{"accX":27.83,"accY":1026.86,"accZ":15.14,"magX":-11.85,"magY":-58.5,"magZ":-108.15,"rotX":-0.78,"rotY":0.29,"rotZ":0.57,"timestamp":"2021-05-31T13:22:54.656293Z"}
{"accX":40.04,"accY":1021.48,"accZ":77.15,"magX":-13.2,"magY":-56.25,"magZ":-101.55,"rotX":-0.92,"rotY":-1.44,"rotZ":-0.05,"timestamp":"2021-05-31T13:22:55.191217Z"}
{"accX":61.04,"accY":1013.18,"accZ":45.9,"magX":-13.8,"magY":-57.75,"magZ":-101.7,"rotX":2.15,"rotY":-2.72,"rotZ":1.8,"timestamp":"2021-05-31T13:22:56.253937Z"}
{"accX":45.41,"accY":1010.74,"accZ":42.97,"magX":-11.1,"magY":-53.25,"magZ":-109.35,"rotX":2.6,"rotY":-1.14,"rotZ":0.42,"timestamp":"2021-05-31T13:22:57.306387Z"}
{"accX":30.76,"accY":1004.39,"accZ":19.04,"magX":-13.5,"magY":-54.45,"magZ":-103.95,"rotX":-1.5,"rotY":1.09,"rotZ":0.45,"timestamp":"2021-05-31T13:22:58.356880Z"}
{"accX":11.72,"accY":1009.28,"accZ":35.64,"magX":-13.5,"magY":-57.75,"magZ":-101.7,"rotX":-0.47,"rotY":-0.04,"rotZ":-0.03,"timestamp":"2021-05-31T13:22:59.417767Z"}
{"accX":24.9,"accY":1017.09,"accZ":63.48,"magX":-14.25,"magY":-55.35,"magZ":-101.25,"rotX":-2.13,"rotY":0.28,"rotZ":-1.39,"timestamp":"2021-05-31T13:23:00.464110Z"}
{"accX":41.99,"accY":1013.18,"accZ":71.78,"magX":-13.2,"magY":-60.75,"magZ":-102.3,"rotX":-1.08,"rotY":0.85,"rotZ":-0.39,"timestamp":"2021-05-31T13:23:01.520111Z"}
{"accX":41.02,"accY":1001.46,"accZ":16.11,"magX":-12.3,"magY":-58.5,"magZ":-107.4,"rotX":1.37,"rotY":0.35,"rotZ":1.71,"timestamp":"2021-05-31T13:23:02.565955Z"}
{"accX":23.93,"accY":1002.44,"accZ":53.71,"magX":-14.1,"magY":-58.35,"magZ":-103.8,"rotX":3.53,"rotY":-1.5,"rotZ":3.67,"timestamp":"2021-05-31T13:23:03.621861Z"}
{"accX":26.37,"accY":982.91,"accZ":48.83,"magX":-10.95,"magY":-55.05,"magZ":-111.75,"rotX":0.2,"rotY":0.85,"rotZ":1.38,"timestamp":"2021-05-31T13:23:04.668654Z"}
{"accX":58.11,"accY":985.84,"accZ":0.98,"magX":-12.3,"magY":-52.5,"magZ":-106.95,"rotX":-0.44,"rotY":-2.95,"rotZ":2.15,"timestamp":"2021-05-31T13:23:05.712704Z"}
{"accX":25.88,"accY":992.68,"accZ":67.87,"magX":-13.5,"magY":-56.85,"magZ":-110.1,"rotX":1.54,"rotY":-0.02,"rotZ":1.01,"timestamp":"2021-05-31T13:23:06.774175Z"}
{"accX":35.16,"accY":1015.62,"accZ":75.68,"magX":-14.4,"magY":-59.1,"magZ":-103.05,"rotX":1.53,"rotY":-0.99,"rotZ":4.15,"timestamp":"2021-05-31T13:23:07.306802Z"}
{"accX":51.27,"accY":1008.79,"accZ":37.11,"magX":-14.55,"magY":-59.7,"magZ":-102.45,"rotX":1.17,"rotY":-2.78,"rotZ":2.52,"timestamp":"2021-05-31T13:23:08.361698Z"}
{"accX":15.14,"accY":1001.95,"accZ":73.24,"magX":-12.45,"magY":-55.05,"magZ":-101.55,"rotX":0.59,"rotY":-0.96,"rotZ":3.91,"timestamp":"2021-05-31T13:23:09.407979Z"}
