{"accX":-0.98,"accY":3.42,"accZ":1016.11,"magX":-34.2,"magY":-49.2,"magZ":-79.05,"rotX":2.73,"rotY":-3.26,"rotZ":-1.31,"timestamp":"2021-05-25T15:32:30.398297Z","voltage":-0.58}
{"accX":-5.86,"accY":13.18,"accZ":1015.62,"magX":-33.9,"magY":-48.9,"magZ":-80.4,"rotX":9.76,"rotY":0.35,"rotZ":-3.54,"timestamp":"2021-05-25T15:32:30.399387Z","voltage":-0.58}
{"accX":10.25,"accY":12.21,"accZ":1007.81,"magX":-32.85,"magY":-48.6,"magZ":-78.9,"rotX":7.06,"rotY":2.18,"rotZ":-2.95,"timestamp":"2021-05-25T15:32:30.399495Z","voltage":-0.58}
{"accX":0.0,"accY":-5.86,"accZ":1003.42,"magX":-31.8,"magY":-48.75,"magZ":-80.55,"rotX":5.3,"rotY":-7.34,"rotZ":19.21,"timestamp":"2021-05-25T15:32:30.399600Z","voltage":-0.58}
{"accX":-1.95,"accY":0.98,"accZ":1006.35,"magX":-33.45,"magY":-48.0,"magZ":-78.75,"rotX":4.43,"rotY":-5.98,"rotZ":15.79,"timestamp":"2021-05-25T15:32:30.399706Z","voltage":-0.58}
{"accX":-2.44,"accY":4.39,"accZ":1011.72,"magX":-33.15,"magY":-49.35,"magZ":-80.85,"rotX":4.9,"rotY":-7.6,"rotZ":18.6,"timestamp":"2021-05-25T15:32:30.399802Z","voltage":-0.58}
{"accX":-2.44,"accY":1.95,"accZ":1000.98,"magX":-33.15,"magY":-50.1,"magZ":-80.4,"rotX":7.07,"rotY":-4.51,"rotZ":17.48,"timestamp":"2021-05-25T15:32:30.399899Z","voltage":-0.58}
{"accX":-1.46,"accY":4.39,"accZ":1001.46,"magX":-33.6,"magY":-48.6,"magZ":-78.9,"rotX":4.6,"rotY":-7.45,"rotZ":16.47,"timestamp":"2021-05-25T15:32:30.400Z","voltage":-0.58}
{"accX":7.81,"accY":0.0,"accZ":1002.44,"magX":-33.75,"magY":-49.95,"magZ":-80.25,"rotX":4.11,"rotY":-6.3,"rotZ":15.45,"timestamp":"2021-05-25T15:32:30.400100Z","voltage":-0.58}
{"accX":-0.98,"accY":-0.49,"accZ":1003.91,"magX":-34.2,"magY":-49.95,"magZ":-80.25,"rotX":4.56,"rotY":-5.5,"rotZ":16.48,"timestamp":"2021-05-25T15:32:30.400197Z","voltage":-0.58}
{"accX":3.91,"accY":5.86,"accZ":1013.67,"magX":-31.8,"magY":-49.5,"magZ":-78.3,"rotX":-22.11,"rotY":-2.79,"rotZ":-5.63,"timestamp":"2021-05-25T15:32:30.400297Z","voltage":-0.58}
{"accX":-7.81,"accY":-9.28,"accZ":1009.28,"magX":-33.75,"magY":-49.2,"magZ":-80.25,"rotX":6.44,"rotY":-8.73,"rotZ":16.95,"timestamp":"2021-05-25T15:32:30.400392Z","voltage":-0.58}
{"accX":6.84,"accY":0.49,"accZ":1009.28,"magX":-33.0,"magY":-48.3,"magZ":-79.5,"rotX":-21.18,"rotY":-3.31,"rotZ":-7.63,"timestamp":"2021-05-25T15:32:30.400474Z","voltage":-0.58}
{"accX":3.42,"accY":5.37,"accZ":1012.21,"magX":-32.25,"magY":-49.5,"magZ":-77.55,"rotX":5.69,"rotY":-9.56,"rotZ":17.16,"timestamp":"2021-05-25T15:32:30.400549Z","voltage":-0.58}
{"accX":2.93,"accY":-1.95,"accZ":1005.37,"magX":-33.45,"magY":-49.2,"magZ":-80.25,"rotX":8.15,"rotY":0.48,"rotZ":-1.53,"timestamp":"2021-05-25T15:32:30.400640Z","voltage":-0.58}
{"accX":0.98,"accY":4.39,"accZ":1019.04,"magX":-33.6,"magY":-48.9,"magZ":-80.1,"rotX":9.51,"rotY":0.53,"rotZ":-3.02,"timestamp":"2021-05-25T15:32:30.400740Z","voltage":-0.58}
{"accX":18.07,"accY":-6.35,"accZ":1004.88,"magX":-33.15,"magY":-49.8,"magZ":-79.35,"rotX":3.32,"rotY":-4.92,"rotZ":15.83,"timestamp":"2021-05-25T15:32:30.400838Z","voltage":-0.58}
{"accX":9.77,"accY":4.39,"accZ":1004.39,"magX":-31.65,"magY":-49.35,"magZ":-80.1,"rotX":-21.52,"rotY":-1.33,"rotZ":-7.05,"timestamp":"2021-05-25T15:32:30.400938Z","voltage":-0.58}
{"accX":11.23,"accY":7.32,"accZ":1012.7,"magX":-33.0,"magY":-49.2,"magZ":-79.8,"rotX":5.45,"rotY":-7.36,"rotZ":16.67,"timestamp":"2021-05-25T15:32:30.401033Z","voltage":-0.58}
{"accX":13.67,"accY":0.98,"accZ":1016.6,"magX":-33.0,"magY":-48.0,"magZ":-79.05,"rotX":8.3,"rotY":1.01,"rotZ":-1.16,"timestamp":"2021-05-25T15:32:30.401133Z","voltage":-0.58}
{"accX":-11.72,"accY":-2.93,"accZ":1003.42,"magX":-33.75,"magY":-49.5,"magZ":-78.75,"rotX":11.2,"rotY":1.32,"rotZ":-2.18,"timestamp":"2021-05-25T15:32:30.401228Z","voltage":-0.58}
{"accX":-0.49,"accY":-6.35,"accZ":1010.74,"magX":-32.55,"magY":-49.95,"magZ":-79.5,"rotX":9.24,"rotY":-0.43,"rotZ":-3.35,"timestamp":"2021-05-25T15:32:30.401325Z","voltage":-0.58}
{"accX":-16.11,"accY":-10.25,"accZ":1002.93,"magX":-34.2,"magY":-50.7,"magZ":-79.8,"rotX":6.76,"rotY":0.4,"rotZ":-1.82,"timestamp":"2021-05-25T15:32:30.401415Z","voltage":-0.58}
{"accX":8.3,"accY":8.3,"accZ":1014.65,"magX":-33.75,"magY":-48.3,"magZ":-79.8,"rotX":-23.24,"rotY":-1.88,"rotZ":-8.02,"timestamp":"2021-05-25T15:32:30.401508Z","voltage":-0.58}
{"accX":6.35,"accY":-1.46,"accZ":1000.0,"magX":-33.6,"magY":-50.1,"magZ":-79.65,"rotX":6.2,"rotY":-9.38,"rotZ":17.89,"timestamp":"2021-05-25T15:32:30.401612Z","voltage":-0.58}
{"accX":8.79,"accY":-5.86,"accZ":1003.91,"magX":-34.5,"magY":-49.5,"magZ":-81.0,"rotX":-21.79,"rotY":-1.56,"rotZ":-7.27,"timestamp":"2021-05-25T15:32:30.401711Z","voltage":-0.58}
{"accX":9.77,"accY":13.18,"accZ":1011.72,"magX":-33.75,"magY":-49.5,"magZ":-79.05,"rotX":7.89,"rotY":0.47,"rotZ":-1.85,"timestamp":"2021-05-25T15:32:30.401811Z","voltage":-0.58}
{"accX":5.86,"accY":0.49,"accZ":1013.18,"magX":-34.2,"magY":-49.5,"magZ":-78.75,"rotX":9.67,"rotY":1.3,"rotZ":-2.49,"timestamp":"2021-05-25T15:32:30.401911Z","voltage":-0.58}
{"accX":7.81,"accY":-5.37,"accZ":1005.37,"magX":-32.85,"magY":-50.1,"magZ":-78.9,"rotX":9.86,"rotY":1.85,"rotZ":-4.53,"timestamp":"2021-05-25T15:32:30.402008Z","voltage":-0.58}
{"accX":14.16,"accY":-0.49,"accZ":991.21,"magX":-32.85,"magY":-48.6,"magZ":-79.35,"rotX":5.73,"rotY":-5.03,"rotZ":17.67,"timestamp":"2021-05-25T15:32:30.402101Z","voltage":-0.58}
{"accX":6.35,"accY":9.77,"accZ":1001.46,"magX":-32.85,"magY":-48.15,"magZ":-80.85,"rotX":4.95,"rotY":-5.06,"rotZ":17.58,"timestamp":"2021-05-25T15:32:30.402202Z","voltage":-0.58}
{"accX":-2.44,"accY":4.39,"accZ":995.61,"magX":-34.2,"magY":-49.95,"magZ":-79.8,"rotX":9.21,"rotY":0.46,"rotZ":-3.46,"timestamp":"2021-05-25T15:32:30.402296Z","voltage":-0.58}
{"accX":5.86,"accY":6.35,"accZ":1005.86,"magX":-32.25,"magY":-49.2,"magZ":-79.5,"rotX":7.27,"rotY":-5.78,"rotZ":15.75,"timestamp":"2021-05-25T15:32:30.402398Z","voltage":-0.58}
{"accX":1.95,"accY":4.88,"accZ":1000.0,"magX":-32.85,"magY":-49.8,"magZ":-79.35,"rotX":11.02,"rotY":-0.02,"rotZ":-4.08,"timestamp":"2021-05-25T15:32:30.402498Z","voltage":-0.58}
{"accX":-1.95,"accY":-6.84,"accZ":1014.65,"magX":-31.65,"magY":-49.8,"magZ":-79.65,"rotX":9.69,"rotY":2.27,"rotZ":-1.55,"timestamp":"2021-05-25T15:32:30.402597Z","voltage":-0.58}
{"accX":10.25,"accY":-1.46,"accZ":1008.79,"magX":-32.55,"magY":-49.95,"magZ":-78.3,"rotX":6.37,"rotY":-4.83,"rotZ":19.05,"timestamp":"2021-05-25T15:32:30.402692Z","voltage":-0.58}
{"accX":6.84,"accY":-4.39,"accZ":999.02,"magX":-32.55,"magY":-48.75,"magZ":-78.75,"rotX":4.27,"rotY":-3.98,"rotZ":14.83,"timestamp":"2021-05-25T15:32:30.402778Z","voltage":-0.58}
{"accX":-0.98,"accY":3.91,"accZ":1011.72,"magX":-33.15,"magY":-49.8,"magZ":-79.35,"rotX":8.2,"rotY":0.15,"rotZ":-3.19,"timestamp":"2021-05-25T15:32:30.402872Z","voltage":-0.58}
{"accX":14.65,"accY":12.21,"accZ":1002.93,"magX":-33.15,"magY":-49.8,"magZ":-79.35,"rotX":5.68,"rotY":-5.34,"rotZ":17.44,"timestamp":"2021-05-25T15:32:30.402961Z","voltage":-0.58}
{"accX":10.25,"accY":5.37,"accZ":1000.0,"magX":-32.55,"magY":-49.2,"magZ":-79.05,"rotX":6.2,"rotY":-4.3,"rotZ":17.3,"timestamp":"2021-05-25T15:32:30.403065Z","voltage":-0.58}
{"accX":4.88,"accY":11.23,"accZ":1016.11,"magX":-33.15,"magY":-48.15,"magZ":-79.65,"rotX":3.63,"rotY":-6.4,"rotZ":15.48,"timestamp":"2021-05-25T15:32:30.403157Z","voltage":-0.58}
{"accX":-7.81,"accY":4.39,"accZ":1007.81,"magX":-33.45,"magY":-49.95,"magZ":-79.05,"rotX":4.37,"rotY":-5.53,"rotZ":17.14,"timestamp":"2021-05-25T15:32:30.403257Z","voltage":-0.58}
{"accX":5.86,"accY":4.88,"accZ":1002.93,"magX":-33.0,"magY":-49.95,"magZ":-79.5,"rotX":7.07,"rotY":-6.02,"rotZ":17.93,"timestamp":"2021-05-25T15:32:30.403343Z","voltage":-0.58}
{"accX":0.98,"accY":12.21,"accZ":1002.44,"magX":-33.9,"magY":-49.8,"magZ":-78.9,"rotX":6.87,"rotY":-7.3,"rotZ":16.68,"timestamp":"2021-05-25T15:32:30.403446Z","voltage":-0.58}
{"accX":-2.93,"accY":8.79,"accZ":1015.14,"magX":-32.25,"magY":-49.2,"magZ":-80.55,"rotX":4.54,"rotY":-5.59,"rotZ":19.25,"timestamp":"2021-05-25T15:32:30.403538Z","voltage":-0.58}
{"accX":20.51,"accY":9.77,"accZ":1006.35,"magX":-34.5,"magY":-48.75,"magZ":-79.8,"rotX":6.05,"rotY":-7.53,"rotZ":16.03,"timestamp":"2021-05-25T15:32:30.403628Z","voltage":-0.58}
{"accX":11.72,"accY":12.7,"accZ":1011.23,"magX":-32.4,"magY":-49.8,"magZ":-79.65,"rotX":6.95,"rotY":-6.7,"rotZ":16.52,"timestamp":"2021-05-25T15:32:30.403717Z","voltage":-0.58}
{"accX":-4.39,"accY":-1.95,"accZ":999.51,"magX":-33.15,"magY":-49.35,"magZ":-80.1,"rotX":-23.39,"rotY":-3.24,"rotZ":-7.98,"timestamp":"2021-05-25T15:32:30.403816Z","voltage":-0.58}
{"accX":11.72,"accY":0.98,"accZ":1002.44,"magX":-31.8,"magY":-50.7,"magZ":-79.8,"rotX":6.3,"rotY":-5.22,"rotZ":17.8,"timestamp":"2021-05-25T15:32:30.403915Z","voltage":-0.58}
{"accX":-4.39,"accY":-11.23,"accZ":1012.7,"magX":-33.9,"magY":-48.15,"magZ":-78.9,"rotX":5.31,"rotY":-5.71,"rotZ":16.49,"timestamp":"2021-05-25T15:32:30.404013Z","voltage":-0.58}
{"accX":11.23,"accY":3.42,"accZ":1009.77,"magX":-32.55,"magY":-49.95,"magZ":-78.75,"rotX":-21.85,"rotY":-1.44,"rotZ":-9.98,"timestamp":"2021-05-25T15:32:30.404114Z","voltage":-0.58}
{"accX":0.49,"accY":8.3,"accZ":1003.91,"magX":-33.0,"magY":-49.95,"magZ":-80.55,"rotX":4.95,"rotY":-7.54,"rotZ":16.4,"timestamp":"2021-05-25T15:32:30.404205Z","voltage":-0.58}
{"accX":7.81,"accY":-0.98,"accZ":996.58,"magX":-34.2,"magY":-48.0,"magZ":-79.5,"rotX":7.07,"rotY":-8.32,"rotZ":15.05,"timestamp":"2021-05-25T15:32:30.404296Z","voltage":-0.58}
{"accX":0.0,"accY":9.28,"accZ":1006.84,"magX":-33.75,"magY":-48.75,"magZ":-79.5,"rotX":5.63,"rotY":-5.58,"rotZ":17.13,"timestamp":"2021-05-25T15:32:30.404387Z","voltage":-0.58}
{"accX":-1.95,"accY":0.0,"accZ":1001.95,"magX":-33.0,"magY":-50.4,"magZ":-80.55,"rotX":-22.25,"rotY":-1.73,"rotZ":-7.26,"timestamp":"2021-05-25T15:32:30.404483Z","voltage":-0.58}
{"accX":3.42,"accY":0.0,"accZ":1004.88,"magX":-32.55,"magY":-49.95,"magZ":-79.5,"rotX":-22.31,"rotY":-1.34,"rotZ":-7.65,"timestamp":"2021-05-25T15:32:30.404567Z","voltage":-0.58}
{"accX":0.98,"accY":1.46,"accZ":1005.86,"magX":-33.6,"magY":-48.15,"magZ":-81.15,"rotX":4.43,"rotY":-8.18,"rotZ":17.78,"timestamp":"2021-05-25T15:32:30.404669Z","voltage":-0.58}
{"accX":5.86,"accY":-0.98,"accZ":1002.44,"magX":-32.4,"magY":-49.35,"magZ":-79.65,"rotX":-21.79,"rotY":-2.28,"rotZ":-9.31,"timestamp":"2021-05-25T15:32:30.404760Z","voltage":-0.58}
{"accX":7.81,"accY":0.49,"accZ":996.09,"magX":-33.45,"magY":-49.95,"magZ":-81.0,"rotX":3.85,"rotY":-6.55,"rotZ":18.15,"timestamp":"2021-05-25T15:32:30.404848Z","voltage":-0.58}
{"accX":-0.49,"accY":10.74,"accZ":1009.28,"magX":-32.85,"magY":-49.35,"magZ":-80.1,"rotX":4.94,"rotY":-6.44,"rotZ":17.76,"timestamp":"2021-05-25T15:32:30.404939Z","voltage":-0.58}
{"accX":3.42,"accY":-3.42,"accZ":1006.35,"magX":-33.15,"magY":-49.8,"magZ":-80.4,"rotX":7.59,"rotY":-7.01,"rotZ":18.44,"timestamp":"2021-05-25T15:32:30.405025Z","voltage":-0.58}
{"accX":5.37,"accY":5.86,"accZ":997.56,"magX":-33.45,"magY":-48.3,"magZ":-81.0,"rotX":6.28,"rotY":-8.15,"rotZ":15.76,"timestamp":"2021-05-25T15:32:30.405113Z","voltage":-0.58}
{"accX":1.46,"accY":2.93,"accZ":1007.32,"magX":-33.45,"magY":-48.3,"magZ":-79.5,"rotX":9.95,"rotY":-0.87,"rotZ":-2.56,"timestamp":"2021-05-25T15:32:30.405205Z","voltage":-0.58}
{"accX":5.86,"accY":0.98,"accZ":1004.39,"magX":-33.75,"magY":-48.0,"magZ":-80.25,"rotX":6.15,"rotY":-4.92,"rotZ":17.05,"timestamp":"2021-05-25T15:32:30.405288Z","voltage":-0.58}
{"accX":12.21,"accY":5.37,"accZ":1010.25,"magX":-34.2,"magY":-49.95,"magZ":-79.8,"rotX":5.72,"rotY":-6.93,"rotZ":17.08,"timestamp":"2021-05-25T15:32:30.405372Z","voltage":-0.58}
{"accX":-14.16,"accY":9.28,"accZ":998.05,"magX":-33.0,"magY":-49.5,"magZ":-79.5,"rotX":6.53,"rotY":-7.24,"rotZ":16.58,"timestamp":"2021-05-25T15:32:30.405463Z","voltage":-0.58}
{"accX":-2.44,"accY":-6.84,"accZ":1002.44,"magX":-33.0,"magY":-49.2,"magZ":-78.75,"rotX":4.37,"rotY":-6.79,"rotZ":17.67,"timestamp":"2021-05-25T15:32:30.405550Z","voltage":-0.58}
{"accX":5.86,"accY":10.74,"accZ":1013.18,"magX":-31.2,"magY":-48.15,"magZ":-78.15,"rotX":4.95,"rotY":-6.23,"rotZ":16.5,"timestamp":"2021-05-25T15:32:30.405643Z","voltage":-0.58}
{"accX":1.46,"accY":3.91,"accZ":1011.23,"magX":-32.55,"magY":-50.7,"magZ":-78.3,"rotX":5.76,"rotY":-4.06,"rotZ":18.69,"timestamp":"2021-05-25T15:32:30.405738Z","voltage":-0.58}
{"accX":8.79,"accY":2.93,"accZ":1007.32,"magX":-33.6,"magY":-49.35,"magZ":-80.85,"rotX":4.13,"rotY":-7.69,"rotZ":18.01,"timestamp":"2021-05-25T15:32:30.405829Z","voltage":-0.58}
{"accX":-7.32,"accY":4.88,"accZ":1015.62,"magX":-33.15,"magY":-48.9,"magZ":-80.1,"rotX":5.73,"rotY":-7.53,"rotZ":18.47,"timestamp":"2021-05-25T15:32:30.405916Z","voltage":-0.58}
{"accX":17.58,"accY":10.74,"accZ":1007.81,"magX":-32.85,"magY":-51.0,"magZ":-78.9,"rotX":9.01,"rotY":1.54,"rotZ":-3.34,"timestamp":"2021-05-25T15:32:30.406005Z","voltage":-0.58}
{"accX":2.93,"accY":-8.79,"accZ":1007.32,"magX":-34.2,"magY":-48.75,"magZ":-79.8,"rotX":4.45,"rotY":-6.79,"rotZ":18.87,"timestamp":"2021-05-25T15:32:30.406094Z","voltage":-0.58}
{"accX":2.44,"accY":2.93,"accZ":1007.81,"magX":-34.2,"magY":-49.95,"magZ":-79.8,"rotX":4.49,"rotY":-6.58,"rotZ":17.16,"timestamp":"2021-05-25T15:32:30.406177Z","voltage":-0.58}
{"accX":19.04,"accY":2.44,"accZ":1000.0,"magX":-32.4,"magY":-48.9,"magZ":-80.4,"rotX":8.66,"rotY":4.06,"rotZ":-0.85,"timestamp":"2021-05-25T15:32:30.406264Z","voltage":-0.58}
{"accX":-7.81,"accY":5.37,"accZ":1015.14,"magX":-32.4,"magY":-48.9,"magZ":-78.9,"rotX":4.63,"rotY":-4.99,"rotZ":16.68,"timestamp":"2021-05-25T15:32:30.406352Z","voltage":-0.58}
{"accX":11.72,"accY":2.44,"accZ":996.58,"magX":-31.65,"magY":-48.15,"magZ":-79.35,"rotX":3.57,"rotY":-4.13,"rotZ":16.9,"timestamp":"2021-05-25T15:32:30.406442Z","voltage":-0.58}
{"accX":14.65,"accY":2.93,"accZ":1016.6,"magX":-33.0,"magY":-49.5,"magZ":-78.75,"rotX":8.0,"rotY":2.76,"rotZ":-1.74,"timestamp":"2021-05-25T15:32:30.406528Z","voltage":-0.58}
{"accX":0.98,"accY":-0.49,"accZ":1001.46,"magX":-32.85,"magY":-48.9,"magZ":-79.65,"rotX":4.5,"rotY":-4.7,"rotZ":17.8,"timestamp":"2021-05-25T15:32:30.406621Z","voltage":-0.58}
{"accX":0.0,"accY":3.42,"accZ":1007.81,"magX":-33.15,"magY":-48.6,"magZ":-81.9,"rotX":4.89,"rotY":-4.48,"rotZ":16.32,"timestamp":"2021-05-25T15:32:30.406714Z","voltage":-0.58}
{"accX":-2.93,"accY":20.02,"accZ":1011.72,"magX":-34.35,"magY":-50.1,"magZ":-81.6,"rotX":6.03,"rotY":-4.91,"rotZ":18.27,"timestamp":"2021-05-25T15:32:30.406814Z","voltage":-0.58}
{"accX":-1.95,"accY":14.16,"accZ":1003.91,"magX":-33.9,"magY":-48.6,"magZ":-78.45,"rotX":3.02,"rotY":-6.7,"rotZ":19.31,"timestamp":"2021-05-25T15:32:30.406900Z","voltage":-0.58}
{"accX":-3.42,"accY":2.44,"accZ":1008.3,"magX":-33.15,"magY":-48.15,"magZ":-77.7,"rotX":9.69,"rotY":1.62,"rotZ":-2.53,"timestamp":"2021-05-25T15:32:30.406987Z","voltage":-0.58}
{"accX":2.93,"accY":-6.35,"accZ":1004.39,"magX":-33.45,"magY":-49.95,"magZ":-79.05,"rotX":-21.03,"rotY":-1.21,"rotZ":-7.87,"timestamp":"2021-05-25T15:32:30.407077Z","voltage":-0.58}
{"accX":12.7,"accY":-1.46,"accZ":1021.97,"magX":-34.2,"magY":-49.5,"magZ":-80.25,"rotX":9.15,"rotY":1.71,"rotZ":-1.59,"timestamp":"2021-05-25T15:32:30.407186Z","voltage":-0.58}
{"accX":2.93,"accY":-3.42,"accZ":1009.77,"magX":-33.0,"magY":-49.95,"magZ":-80.25,"rotX":7.93,"rotY":1.41,"rotZ":-2.04,"timestamp":"2021-05-25T15:32:30.407274Z","voltage":-0.58}
{"accX":3.91,"accY":0.98,"accZ":1012.7,"magX":-33.75,"magY":-49.5,"magZ":-78.3,"rotX":10.39,"rotY":2.55,"rotZ":-1.83,"timestamp":"2021-05-25T15:32:30.407372Z","voltage":-0.58}
{"accX":9.77,"accY":7.81,"accZ":1003.91,"magX":-32.55,"magY":-48.3,"magZ":-79.5,"rotX":6.48,"rotY":-6.54,"rotZ":16.62,"timestamp":"2021-05-25T15:32:30.407463Z","voltage":-0.58}
{"accX":-0.98,"accY":3.42,"accZ":1009.28,"magX":-34.35,"magY":-49.8,"magZ":-80.1,"rotX":4.93,"rotY":-6.21,"rotZ":19.36,"timestamp":"2021-05-25T15:32:30.407559Z","voltage":-0.58}
{"accX":-6.84,"accY":-4.39,"accZ":1005.86,"magX":-32.85,"magY":-49.35,"magZ":-78.45,"rotX":6.96,"rotY":-7.02,"rotZ":17.49,"timestamp":"2021-05-25T15:32:30.407650Z","voltage":-0.58}
{"accX":-1.46,"accY":10.74,"accZ":1002.93,"magX":-31.8,"magY":-49.2,"magZ":-79.5,"rotX":8.98,"rotY":1.62,"rotZ":-4.11,"timestamp":"2021-05-25T15:32:30.407736Z","voltage":-0.58}
{"accX":13.67,"accY":-5.86,"accZ":1004.39,"magX":-31.2,"magY":-48.9,"magZ":-80.1,"rotX":10.73,"rotY":-0.39,"rotZ":-2.46,"timestamp":"2021-05-25T15:32:30.407818Z","voltage":-0.58}
{"accX":-0.98,"accY":8.3,"accZ":1013.18,"magX":-34.2,"magY":-49.5,"magZ":-80.55,"rotX":5.74,"rotY":-8.51,"rotZ":16.92,"timestamp":"2021-05-25T15:32:30.407917Z","voltage":-0.58}
{"accX":4.39,"accY":-3.42,"accZ":1012.7,"magX":-33.45,"magY":-48.75,"magZ":-79.8,"rotX":-19.84,"rotY":-0.32,"rotZ":-6.89,"timestamp":"2021-05-25T15:32:30.408Z","voltage":-0.58}
{"accX":6.35,"accY":3.91,"accZ":1007.32,"magX":-33.0,"magY":-49.2,"magZ":-81.0,"rotX":10.02,"rotY":0.15,"rotZ":-2.77,"timestamp":"2021-05-25T15:32:30.408094Z","voltage":-0.58}
{"accX":-8.3,"accY":4.39,"accZ":1024.9,"magX":-34.2,"magY":-51.15,"magZ":-79.8,"rotX":8.18,"rotY":-6.53,"rotZ":15.83,"timestamp":"2021-05-25T15:32:30.408189Z","voltage":-0.58}
{"accX":0.49,"accY":0.0,"accZ":1008.3,"magX":-32.4,"magY":-51.3,"magZ":-80.85,"rotX":5.67,"rotY":-5.08,"rotZ":16.8,"timestamp":"2021-05-25T15:32:30.408284Z","voltage":-0.58}
{"accX":5.86,"accY":1.46,"accZ":1002.44,"magX":-33.6,"magY":-49.35,"magZ":-78.9,"rotX":5.63,"rotY":-7.64,"rotZ":16.38,"timestamp":"2021-05-25T15:32:30.408373Z","voltage":-0.58}
{"accX":-0.98,"accY":-0.49,"accZ":1004.39,"magX":-32.85,"magY":-49.35,"magZ":-79.65,"rotX":4.3,"rotY":-5.14,"rotZ":17.88,"timestamp":"2021-05-25T15:32:30.408466Z","voltage":-0.58}
{"accX":3.42,"accY":10.74,"accZ":998.05,"magX":-33.75,"magY":-49.95,"magZ":-79.5,"rotX":3.78,"rotY":-4.82,"rotZ":16.47,"timestamp":"2021-05-25T15:32:30.408556Z","voltage":-0.58}
{"accX":8.79,"accY":3.42,"accZ":1004.88,"magX":-34.2,"magY":-49.2,"magZ":-79.5,"rotX":5.14,"rotY":-3.91,"rotZ":18.99,"timestamp":"2021-05-25T15:32:30.408644Z","voltage":-0.58}
{"accX":1.46,"accY":5.37,"accZ":1005.86,"magX":-33.0,"magY":-48.75,"magZ":-79.05,"rotX":12.11,"rotY":-0.26,"rotZ":-3.13,"timestamp":"2021-05-25T15:32:30.408730Z","voltage":-0.58}
{"accX":-1.95,"accY":-5.86,"accZ":997.56,"magX":-32.85,"magY":-49.8,"magZ":-78.45,"rotX":3.84,"rotY":-7.63,"rotZ":18.82,"timestamp":"2021-05-25T15:32:30.408812Z","voltage":-0.58}
{"accX":1.46,"accY":0.98,"accZ":1003.91,"magX":-33.6,"magY":-48.15,"magZ":-80.4,"rotX":6.24,"rotY":-6.14,"rotZ":19.38,"timestamp":"2021-05-25T15:32:30.408895Z","voltage":-0.58}
{"accX":7.32,"accY":6.35,"accZ":996.58,"magX":-33.9,"magY":-48.9,"magZ":-80.4,"rotX":10.53,"rotY":1.18,"rotZ":-2.82,"timestamp":"2021-05-25T15:32:30.408979Z","voltage":-0.58}
{"accX":2.93,"accY":-0.98,"accZ":1009.77,"magX":-32.25,"magY":-49.5,"magZ":-80.25,"rotX":9.4,"rotY":0.41,"rotZ":-3.48,"timestamp":"2021-05-25T15:32:30.409072Z","voltage":-0.58}
{"accX":8.3,"accY":1.95,"accZ":1002.93,"magX":-33.15,"magY":-48.9,"magZ":-79.65,"rotX":5.29,"rotY":-3.23,"rotZ":15.36,"timestamp":"2021-05-25T15:32:30.409170Z","voltage":-0.58}
{"accX":12.7,"accY":-8.3,"accZ":1011.23,"magX":-33.75,"magY":-49.5,"magZ":-79.5,"rotX":6.34,"rotY":-8.18,"rotZ":17.99,"timestamp":"2021-05-25T15:32:30.409265Z","voltage":-0.58}
{"accX":3.42,"accY":3.91,"accZ":1004.39,"magX":-32.55,"magY":-48.75,"magZ":-79.8,"rotX":4.48,"rotY":-5.25,"rotZ":17.45,"timestamp":"2021-05-25T15:32:30.409415Z","voltage":-0.58}
{"accX":-11.23,"accY":7.32,"accZ":991.21,"magX":-33.6,"magY":-49.8,"magZ":-79.35,"rotX":5.63,"rotY":-3.46,"rotZ":17.47,"timestamp":"2021-05-25T15:32:30.409532Z","voltage":-0.58}
{"accX":0.49,"accY":0.98,"accZ":1003.42,"magX":-32.4,"magY":-48.9,"magZ":-79.35,"rotX":4.24,"rotY":-7.02,"rotZ":16.92,"timestamp":"2021-05-25T15:32:30.409626Z","voltage":-0.58}
{"accX":10.74,"accY":0.0,"accZ":999.51,"magX":-33.75,"magY":-49.2,"magZ":-79.5,"rotX":3.87,"rotY":-3.82,"rotZ":15.84,"timestamp":"2021-05-25T15:32:30.409711Z","voltage":-0.58}
{"accX":4.88,"accY":10.25,"accZ":1011.72,"magX":-33.0,"magY":-48.75,"magZ":-80.55,"rotX":3.33,"rotY":-6.79,"rotZ":17.17,"timestamp":"2021-05-25T15:32:30.409806Z","voltage":-0.58}
{"accX":-3.91,"accY":0.98,"accZ":999.51,"magX":-32.4,"magY":-49.35,"magZ":-79.35,"rotX":7.45,"rotY":-5.79,"rotZ":15.21,"timestamp":"2021-05-25T15:32:30.409916Z","voltage":-0.58}
{"accX":1.95,"accY":2.44,"accZ":1000.49,"magX":-33.15,"magY":-48.9,"magZ":-79.35,"rotX":4.58,"rotY":-7.18,"rotZ":16.45,"timestamp":"2021-05-25T15:32:30.410042Z","voltage":-0.58}
{"accX":-9.28,"accY":1.46,"accZ":1019.04,"magX":-33.0,"magY":-49.2,"magZ":-79.5,"rotX":5.76,"rotY":-5.59,"rotZ":15.82,"timestamp":"2021-05-25T15:32:30.410146Z","voltage":-0.58}
{"accX":11.72,"accY":-2.44,"accZ":1018.55,"magX":-33.45,"magY":-49.2,"magZ":-79.8,"rotX":7.21,"rotY":-6.42,"rotZ":14.82,"timestamp":"2021-05-25T15:32:30.410832Z","voltage":-0.58}
{"accX":5.37,"accY":-3.42,"accZ":1006.84,"magX":-33.6,"magY":-48.9,"magZ":-80.4,"rotX":4.08,"rotY":-5.52,"rotZ":17.15,"timestamp":"2021-05-25T15:32:30.411037Z","voltage":-0.58}
{"accX":-8.79,"accY":2.44,"accZ":1008.3,"magX":-33.75,"magY":-49.5,"magZ":-79.5,"rotX":-21.37,"rotY":-0.56,"rotZ":-7.23,"timestamp":"2021-05-25T15:32:30.411197Z","voltage":-0.58}
{"accX":5.86,"accY":5.86,"accZ":983.4,"magX":-32.25,"magY":-49.5,"magZ":-79.05,"rotX":5.38,"rotY":-8.73,"rotZ":15.53,"timestamp":"2021-05-25T15:32:30.411286Z","voltage":-0.58}
{"accX":9.28,"accY":8.79,"accZ":1004.88,"magX":-33.9,"magY":-49.8,"magZ":-80.1,"rotX":6.8,"rotY":-5.87,"rotZ":18.79,"timestamp":"2021-05-25T15:32:30.411389Z","voltage":-0.58}
{"accX":0.49,"accY":-2.93,"accZ":1006.84,"magX":-33.6,"magY":-48.9,"magZ":-79.65,"rotX":4.6,"rotY":-5.72,"rotZ":16.43,"timestamp":"2021-05-25T15:32:30.411506Z","voltage":-0.58}
{"accX":5.86,"accY":3.42,"accZ":1007.81,"magX":-33.9,"magY":-50.1,"magZ":-78.45,"rotX":5.88,"rotY":-4.49,"rotZ":18.21,"timestamp":"2021-05-25T15:32:30.411643Z","voltage":-0.58}
{"accX":-12.21,"accY":3.91,"accZ":1003.91,"magX":-33.0,"magY":-48.75,"magZ":-79.5,"rotX":5.13,"rotY":-5.24,"rotZ":18.31,"timestamp":"2021-05-25T15:32:30.411746Z","voltage":-0.58}
{"accX":7.32,"accY":11.72,"accZ":1014.65,"magX":-33.75,"magY":-50.7,"magZ":-78.75,"rotX":7.37,"rotY":-5.26,"rotZ":16.41,"timestamp":"2021-05-25T15:32:30.411851Z","voltage":-0.58}
{"accX":-7.32,"accY":-3.91,"accZ":1013.18,"magX":-33.75,"magY":-50.7,"magZ":-80.55,"rotX":-22.4,"rotY":-1.53,"rotZ":-9.53,"timestamp":"2021-05-25T15:32:30.411938Z","voltage":-0.58}
{"accX":2.44,"accY":1.46,"accZ":1011.23,"magX":-33.15,"magY":-49.35,"magZ":-79.35,"rotX":4.81,"rotY":-5.01,"rotZ":19.47,"timestamp":"2021-05-25T15:32:30.412071Z","voltage":-0.58}
{"accX":4.88,"accY":12.21,"accZ":1017.58,"magX":-32.25,"magY":-49.2,"magZ":-79.5,"rotX":10.14,"rotY":0.85,"rotZ":-4.08,"timestamp":"2021-05-25T15:32:30.412156Z","voltage":-0.58}
{"accX":12.7,"accY":10.74,"accZ":1007.32,"magX":-31.65,"magY":-49.35,"magZ":-79.35,"rotX":6.41,"rotY":-6.31,"rotZ":17.2,"timestamp":"2021-05-25T15:32:30.412250Z","voltage":-0.58}
{"accX":2.93,"accY":8.3,"accZ":1001.46,"magX":-33.75,"magY":-49.5,"magZ":-79.05,"rotX":7.05,"rotY":-9.32,"rotZ":17.12,"timestamp":"2021-05-25T15:32:30.412347Z","voltage":-0.58}
{"accX":4.88,"accY":3.91,"accZ":1000.0,"magX":-33.6,"magY":-48.9,"magZ":-79.35,"rotX":4.69,"rotY":-6.85,"rotZ":15.97,"timestamp":"2021-05-25T15:32:30.412446Z","voltage":-0.58}
{"accX":-14.65,"accY":1.95,"accZ":1000.0,"magX":-33.0,"magY":-50.4,"magZ":-79.05,"rotX":3.07,"rotY":-9.15,"rotZ":17.75,"timestamp":"2021-05-25T15:32:30.412549Z","voltage":-0.58}
{"accX":-0.98,"accY":3.91,"accZ":1020.02,"magX":-34.35,"magY":-48.6,"magZ":-79.35,"rotX":4.92,"rotY":-7.42,"rotZ":18.77,"timestamp":"2021-05-25T15:32:30.412651Z","voltage":-0.58}
{"accX":13.67,"accY":-0.98,"accZ":1013.67,"magX":-33.15,"magY":-49.35,"magZ":-79.65,"rotX":4.92,"rotY":-5.45,"rotZ":18.72,"timestamp":"2021-05-25T15:32:30.412734Z","voltage":-0.58}
{"accX":6.35,"accY":2.44,"accZ":1005.37,"magX":-33.75,"magY":-49.95,"magZ":-79.5,"rotX":3.37,"rotY":-4.59,"rotZ":16.66,"timestamp":"2021-05-25T15:32:30.412814Z","voltage":-0.58}
{"accX":9.77,"accY":7.81,"accZ":1000.98,"magX":-33.9,"magY":-50.1,"magZ":-79.35,"rotX":4.61,"rotY":-5.56,"rotZ":17.85,"timestamp":"2021-05-25T15:32:30.412921Z","voltage":-0.58}
{"accX":-3.42,"accY":-11.72,"accZ":1011.23,"magX":-33.6,"magY":-50.1,"magZ":-79.35,"rotX":11.24,"rotY":3.05,"rotZ":-1.1,"timestamp":"2021-05-25T15:32:30.413010Z","voltage":-0.58}
{"accX":5.37,"accY":0.0,"accZ":1004.88,"magX":-33.45,"magY":-49.5,"magZ":-79.5,"rotX":6.78,"rotY":-8.69,"rotZ":15.85,"timestamp":"2021-05-25T15:32:30.413097Z","voltage":-0.58}
{"accX":11.72,"accY":8.3,"accZ":1014.16,"magX":-32.4,"magY":-50.1,"magZ":-80.1,"rotX":5.63,"rotY":-6.76,"rotZ":19.9,"timestamp":"2021-05-25T15:32:30.413173Z","voltage":-0.58}
{"accX":16.6,"accY":1.46,"accZ":1005.86,"magX":-33.75,"magY":-49.5,"magZ":-79.5,"rotX":9.42,"rotY":1.63,"rotZ":-1.2,"timestamp":"2021-05-25T15:32:30.413262Z","voltage":-0.58}
{"accX":-7.81,"accY":8.79,"accZ":1011.23,"magX":-32.25,"magY":-50.4,"magZ":-79.05,"rotX":6.32,"rotY":-4.76,"rotZ":17.55,"timestamp":"2021-05-25T15:32:30.413343Z","voltage":-0.58}
{"accX":-7.81,"accY":2.93,"accZ":998.05,"magX":-34.2,"magY":-51.15,"magZ":-78.3,"rotX":9.64,"rotY":0.39,"rotZ":-1.24,"timestamp":"2021-05-25T15:32:30.413423Z","voltage":-0.58}
{"accX":6.35,"accY":13.18,"accZ":1008.3,"magX":-32.85,"magY":-50.55,"magZ":-80.1,"rotX":6.75,"rotY":-4.68,"rotZ":16.63,"timestamp":"2021-05-25T15:32:30.413503Z","voltage":-0.58}
{"accX":6.35,"accY":7.81,"accZ":1014.16,"magX":-33.0,"magY":-49.2,"magZ":-79.5,"rotX":3.52,"rotY":-6.82,"rotZ":18.21,"timestamp":"2021-05-25T15:32:30.413585Z","voltage":-0.58}
{"accX":-0.98,"accY":6.35,"accZ":1004.88,"magX":-32.4,"magY":-49.8,"magZ":-78.9,"rotX":9.83,"rotY":-0.59,"rotZ":-0.91,"timestamp":"2021-05-25T15:32:30.413676Z","voltage":-0.58}
{"accX":7.81,"accY":1.95,"accZ":1006.35,"magX":-33.15,"magY":-48.6,"magZ":-79.35,"rotX":4.5,"rotY":-7.43,"rotZ":15.71,"timestamp":"2021-05-25T15:32:30.413768Z","voltage":-0.58}
{"accX":-11.72,"accY":4.39,"accZ":998.54,"magX":-34.2,"magY":-49.5,"magZ":-79.8,"rotX":6.3,"rotY":-4.17,"rotZ":17.4,"timestamp":"2021-05-25T15:32:30.413859Z","voltage":-0.58}
{"accX":13.67,"accY":-11.72,"accZ":1027.83,"magX":-32.25,"magY":-48.75,"magZ":-78.75,"rotX":7.59,"rotY":1.64,"rotZ":-1.02,"timestamp":"2021-05-25T15:32:30.413954Z","voltage":-0.58}
{"accX":6.84,"accY":-4.88,"accZ":997.56,"magX":-32.85,"magY":-48.9,"magZ":-80.4,"rotX":-20.53,"rotY":-2.93,"rotZ":-7.5,"timestamp":"2021-05-25T15:32:30.414046Z","voltage":-0.58}
{"accX":6.84,"accY":9.28,"accZ":1001.95,"magX":-32.25,"magY":-47.55,"magZ":-79.5,"rotX":6.08,"rotY":-7.89,"rotZ":17.89,"timestamp":"2021-05-25T15:32:30.414138Z","voltage":-0.58}
{"accX":1.95,"accY":1.46,"accZ":998.05,"magX":-32.4,"magY":-49.8,"magZ":-78.9,"rotX":9.18,"rotY":1.36,"rotZ":-1.05,"timestamp":"2021-05-25T15:32:30.414227Z","voltage":-0.58}
{"accX":7.81,"accY":10.25,"accZ":1005.86,"magX":-33.75,"magY":-48.0,"magZ":-78.0,"rotX":5.21,"rotY":-7.05,"rotZ":17.26,"timestamp":"2021-05-25T15:32:30.414307Z","voltage":-0.58}
{"accX":5.37,"accY":14.16,"accZ":1005.86,"magX":-33.6,"magY":-48.6,"magZ":-78.9,"rotX":2.95,"rotY":-3.33,"rotZ":20.1,"timestamp":"2021-05-25T15:32:30.414396Z","voltage":-0.58}
{"accX":11.23,"accY":8.79,"accZ":999.02,"magX":-33.75,"magY":-48.75,"magZ":-80.25,"rotX":8.7,"rotY":1.49,"rotZ":-0.96,"timestamp":"2021-05-25T15:32:30.414478Z","voltage":-0.58}
{"accX":16.6,"accY":-7.81,"accZ":1017.58,"magX":-32.4,"magY":-48.9,"magZ":-79.35,"rotX":5.11,"rotY":-5.6,"rotZ":18.36,"timestamp":"2021-05-25T15:32:30.414575Z","voltage":-0.58}
{"accX":-0.49,"accY":6.35,"accZ":1004.88,"magX":-32.25,"magY":-48.75,"magZ":-79.5,"rotX":4.39,"rotY":-6.39,"rotZ":17.19,"timestamp":"2021-05-25T15:32:30.414669Z","voltage":-0.58}
{"accX":-8.3,"accY":0.49,"accZ":1004.39,"magX":-32.55,"magY":-49.95,"magZ":-78.75,"rotX":10.15,"rotY":0.18,"rotZ":-3.24,"timestamp":"2021-05-25T15:32:30.414753Z","voltage":-0.58}
{"accX":5.37,"accY":3.91,"accZ":1003.42,"magX":-32.4,"magY":-49.35,"magZ":-78.45,"rotX":9.26,"rotY":1.49,"rotZ":-3.34,"timestamp":"2021-05-25T15:32:30.414835Z","voltage":-0.58}
{"accX":-6.35,"accY":3.42,"accZ":995.61,"magX":-32.25,"magY":-49.5,"magZ":-79.8,"rotX":4.69,"rotY":-7.19,"rotZ":16.05,"timestamp":"2021-05-25T15:32:30.414918Z","voltage":-0.58}
{"accX":1.95,"accY":7.32,"accZ":1006.84,"magX":-33.75,"magY":-49.95,"magZ":-79.05,"rotX":4.99,"rotY":-6.36,"rotZ":19.31,"timestamp":"2021-05-25T15:32:30.415002Z","voltage":-0.58}
{"accX":-5.37,"accY":-4.88,"accZ":1006.35,"magX":-31.05,"magY":-49.2,"magZ":-78.75,"rotX":3.79,"rotY":-6.68,"rotZ":15.71,"timestamp":"2021-05-25T15:32:30.415121Z","voltage":-0.58}
{"accX":8.79,"accY":2.93,"accZ":1000.98,"magX":-33.9,"magY":-48.6,"magZ":-80.1,"rotX":6.43,"rotY":-6.81,"rotZ":17.46,"timestamp":"2021-05-25T15:32:30.415202Z","voltage":-0.58}
{"accX":1.46,"accY":0.98,"accZ":1004.39,"magX":-33.0,"magY":-50.4,"magZ":-79.5,"rotX":4.98,"rotY":-7.18,"rotZ":17.76,"timestamp":"2021-05-25T15:32:30.415276Z","voltage":-0.58}
{"accX":-3.42,"accY":5.86,"accZ":1003.42,"magX":-32.85,"magY":-49.8,"magZ":-79.35,"rotX":-20.89,"rotY":-2.31,"rotZ":-10.64,"timestamp":"2021-05-25T15:32:30.415378Z","voltage":-0.58}
{"accX":7.81,"accY":4.88,"accZ":1006.84,"magX":-33.9,"magY":-48.15,"magZ":-80.1,"rotX":7.92,"rotY":-0.03,"rotZ":-1.51,"timestamp":"2021-05-25T15:32:30.415460Z","voltage":-0.58}
{"accX":-5.37,"accY":4.88,"accZ":1007.81,"magX":-33.6,"magY":-49.35,"magZ":-78.45,"rotX":10.26,"rotY":-0.24,"rotZ":-3.63,"timestamp":"2021-05-25T15:32:30.415544Z","voltage":-0.58}
{"accX":-8.3,"accY":-0.49,"accZ":1000.0,"magX":-32.85,"magY":-49.35,"magZ":-80.1,"rotX":6.51,"rotY":-4.26,"rotZ":16.81,"timestamp":"2021-05-25T15:32:30.415645Z","voltage":-0.58}
{"accX":-4.39,"accY":7.32,"accZ":1005.37,"magX":-32.55,"magY":-48.75,"magZ":-79.5,"rotX":5.66,"rotY":-6.69,"rotZ":16.52,"timestamp":"2021-05-25T15:32:30.415738Z","voltage":-0.58}
{"accX":7.81,"accY":-3.91,"accZ":1011.72,"magX":-33.9,"magY":-51.0,"magZ":-79.65,"rotX":10.59,"rotY":3.31,"rotZ":-4.42,"timestamp":"2021-05-25T15:32:30.415829Z","voltage":-0.58}
{"accX":12.21,"accY":-3.42,"accZ":1013.18,"magX":-33.9,"magY":-48.15,"magZ":-77.4,"rotX":8.69,"rotY":0.6,"rotZ":-3.0,"timestamp":"2021-05-25T15:32:30.415912Z","voltage":-0.58}
{"accX":-0.49,"accY":0.49,"accZ":999.02,"magX":-33.6,"magY":-48.9,"magZ":-80.1,"rotX":11.51,"rotY":-0.72,"rotZ":-2.24,"timestamp":"2021-05-25T15:32:30.415997Z","voltage":-0.58}
{"accX":-2.44,"accY":9.77,"accZ":1013.67,"magX":-33.15,"magY":-48.6,"magZ":-78.9,"rotX":6.12,"rotY":-6.52,"rotZ":15.89,"timestamp":"2021-05-25T15:32:30.416080Z","voltage":-0.58}
{"accX":2.44,"accY":-1.46,"accZ":1011.23,"magX":-33.45,"magY":-48.75,"magZ":-79.5,"rotX":3.88,"rotY":-5.38,"rotZ":16.72,"timestamp":"2021-05-25T15:32:30.416165Z","voltage":-0.58}
{"accX":4.88,"accY":4.39,"accZ":1005.37,"magX":-33.15,"magY":-48.9,"magZ":-79.35,"rotX":5.55,"rotY":-5.33,"rotZ":18.61,"timestamp":"2021-05-25T15:32:30.416251Z","voltage":-0.58}
{"accX":0.49,"accY":-2.93,"accZ":1021.97,"magX":-33.45,"magY":-47.55,"magZ":-79.05,"rotX":-21.07,"rotY":-1.24,"rotZ":-10.27,"timestamp":"2021-05-25T15:32:30.416337Z","voltage":-0.58}
{"accX":8.79,"accY":4.39,"accZ":1034.18,"magX":-33.75,"magY":-48.75,"magZ":-78.0,"rotX":5.82,"rotY":-6.67,"rotZ":16.15,"timestamp":"2021-05-25T15:32:30.416419Z","voltage":-0.58}
{"accX":-1.46,"accY":1.95,"accZ":1002.93,"magX":-33.6,"magY":-48.15,"magZ":-78.9,"rotX":4.93,"rotY":-6.61,"rotZ":18.6,"timestamp":"2021-05-25T15:32:30.416505Z","voltage":-0.58}
{"accX":2.93,"accY":-4.88,"accZ":1002.93,"magX":-33.9,"magY":-47.7,"magZ":-78.45,"rotX":3.27,"rotY":-5.0,"rotZ":18.69,"timestamp":"2021-05-25T15:32:30.416588Z","voltage":-0.58}
{"accX":2.44,"accY":1.46,"accZ":999.51,"magX":-31.95,"magY":-48.6,"magZ":-79.65,"rotX":3.95,"rotY":-7.35,"rotZ":15.83,"timestamp":"2021-05-25T15:32:30.416667Z","voltage":-0.58}
{"accX":9.77,"accY":-2.44,"accZ":1010.74,"magX":-32.85,"magY":-48.6,"magZ":-79.65,"rotX":4.65,"rotY":-7.11,"rotZ":17.29,"timestamp":"2021-05-25T15:32:30.416743Z","voltage":-0.58}
{"accX":14.65,"accY":0.49,"accZ":1013.18,"magX":-32.25,"magY":-48.0,"magZ":-80.55,"rotX":5.27,"rotY":-4.67,"rotZ":18.56,"timestamp":"2021-05-25T15:32:30.416820Z","voltage":-0.58}
{"accX":-0.49,"accY":4.88,"accZ":1004.39,"magX":-33.15,"magY":-47.7,"magZ":-79.35,"rotX":4.85,"rotY":-7.5,"rotZ":16.11,"timestamp":"2021-05-25T15:32:30.416917Z","voltage":-0.58}
{"accX":5.37,"accY":5.37,"accZ":1015.14,"magX":-33.6,"magY":-49.35,"magZ":-78.9,"rotX":9.91,"rotY":-1.03,"rotZ":-1.59,"timestamp":"2021-05-25T15:32:30.416998Z","voltage":-0.58}
{"accX":5.37,"accY":10.25,"accZ":1008.79,"magX":-32.55,"magY":-49.5,"magZ":-78.75,"rotX":4.99,"rotY":-6.56,"rotZ":19.21,"timestamp":"2021-05-25T15:32:30.417095Z","voltage":-0.58}
{"accX":15.63,"accY":5.37,"accZ":1005.37,"magX":-33.15,"magY":-48.15,"magZ":-80.1,"rotX":6.91,"rotY":-8.17,"rotZ":17.14,"timestamp":"2021-05-25T15:32:30.417198Z","voltage":-0.58}
{"accX":6.84,"accY":15.14,"accZ":1013.18,"magX":-33.45,"magY":-48.3,"magZ":-78.3,"rotX":7.15,"rotY":-4.15,"rotZ":17.2,"timestamp":"2021-05-25T15:32:30.417289Z","voltage":-0.58}
{"accX":13.18,"accY":1.95,"accZ":1009.28,"magX":-33.15,"magY":-49.8,"magZ":-79.35,"rotX":6.48,"rotY":-6.84,"rotZ":16.34,"timestamp":"2021-05-25T15:32:30.417379Z","voltage":-0.58}
{"accX":-2.93,"accY":7.32,"accZ":1010.25,"magX":-32.4,"magY":-50.1,"magZ":-80.85,"rotX":9.26,"rotY":3.76,"rotZ":-3.23,"timestamp":"2021-05-25T15:32:30.417472Z","voltage":-0.58}
{"accX":0.0,"accY":2.93,"accZ":1009.28,"magX":-34.8,"magY":-48.15,"magZ":-78.9,"rotX":4.78,"rotY":-6.24,"rotZ":16.1,"timestamp":"2021-05-25T15:32:30.417557Z","voltage":-0.58}
{"accX":20.51,"accY":15.14,"accZ":1011.72,"magX":-33.9,"magY":-48.6,"magZ":-80.4,"rotX":10.28,"rotY":0.36,"rotZ":-2.9,"timestamp":"2021-05-25T15:32:30.417687Z","voltage":-0.58}
{"accX":-13.67,"accY":5.86,"accZ":1014.65,"magX":-33.0,"magY":-48.75,"magZ":-80.55,"rotX":7.08,"rotY":-3.81,"rotZ":15.4,"timestamp":"2021-05-25T15:32:30.417781Z","voltage":-0.58}
{"accX":6.35,"accY":-8.79,"accZ":998.05,"magX":-34.35,"magY":-49.8,"magZ":-78.45,"rotX":6.76,"rotY":-5.02,"rotZ":18.11,"timestamp":"2021-05-25T15:32:30.417868Z","voltage":-0.58}
{"accX":-2.93,"accY":11.23,"accZ":1009.77,"magX":-33.0,"magY":-48.3,"magZ":-79.05,"rotX":4.18,"rotY":-4.27,"rotZ":17.33,"timestamp":"2021-05-25T15:32:30.417964Z","voltage":-0.58}
{"accX":6.35,"accY":4.88,"accZ":1001.95,"magX":-33.0,"magY":-48.0,"magZ":-79.5,"rotX":4.37,"rotY":-6.29,"rotZ":17.17,"timestamp":"2021-05-25T15:32:30.418053Z","voltage":-0.58}
{"accX":0.0,"accY":0.0,"accZ":1011.23,"magX":-32.4,"magY":-48.15,"magZ":-80.1,"rotX":8.56,"rotY":1.28,"rotZ":-1.3,"timestamp":"2021-05-25T15:32:30.418137Z","voltage":-0.58}
{"accX":-8.3,"accY":4.39,"accZ":1004.88,"magX":-33.0,"magY":-48.3,"magZ":-79.05,"rotX":8.17,"rotY":2.1,"rotZ":-2.21,"timestamp":"2021-05-25T15:32:30.418223Z","voltage":-0.58}
{"accX":7.32,"accY":8.79,"accZ":999.02,"magX":-33.15,"magY":-46.2,"magZ":-79.35,"rotX":6.31,"rotY":-6.39,"rotZ":18.01,"timestamp":"2021-05-25T15:32:30.418285Z","voltage":-0.58}
{"accX":-5.37,"accY":2.44,"accZ":1002.93,"magX":-33.9,"magY":-48.15,"magZ":-79.65,"rotX":4.24,"rotY":-6.37,"rotZ":15.7,"timestamp":"2021-05-25T15:32:30.418373Z","voltage":-0.58}
{"accX":-2.93,"accY":6.35,"accZ":1000.0,"magX":-33.75,"magY":-48.75,"magZ":-79.8,"rotX":4.5,"rotY":-5.92,"rotZ":14.39,"timestamp":"2021-05-25T15:32:30.418459Z","voltage":-0.58}
{"accX":14.16,"accY":-1.95,"accZ":1007.81,"magX":-33.0,"magY":-49.5,"magZ":-78.3,"rotX":5.33,"rotY":-6.38,"rotZ":16.54,"timestamp":"2021-05-25T15:32:30.418527Z","voltage":-0.58}
{"accX":-4.39,"accY":4.39,"accZ":990.72,"magX":-31.2,"magY":-48.6,"magZ":-79.35,"rotX":5.85,"rotY":-5.89,"rotZ":17.15,"timestamp":"2021-05-25T15:32:30.418607Z","voltage":-0.58}
{"accX":4.88,"accY":12.21,"accZ":1008.3,"magX":-33.15,"magY":-48.15,"magZ":-79.35,"rotX":3.24,"rotY":-7.03,"rotZ":17.56,"timestamp":"2021-05-25T15:32:30.418692Z","voltage":-0.58}
{"accX":3.42,"accY":14.16,"accZ":1006.84,"magX":-32.55,"magY":-47.55,"magZ":-79.05,"rotX":9.06,"rotY":0.4,"rotZ":-2.34,"timestamp":"2021-05-25T15:32:30.418773Z","voltage":-0.58}
{"accX":7.81,"accY":3.42,"accZ":1004.39,"magX":-34.5,"magY":-48.75,"magZ":-78.3,"rotX":5.34,"rotY":-5.5,"rotZ":16.97,"timestamp":"2021-05-25T15:32:30.418828Z","voltage":-0.58}
{"accX":-2.93,"accY":6.35,"accZ":1003.91,"magX":-34.8,"magY":-48.6,"magZ":-80.4,"rotX":9.08,"rotY":1.51,"rotZ":-2.15,"timestamp":"2021-05-25T15:32:30.418881Z","voltage":-0.58}
{"accX":-3.42,"accY":-2.93,"accZ":1000.49,"magX":-33.75,"magY":-48.75,"magZ":-78.75,"rotX":5.66,"rotY":-7.31,"rotZ":16.95,"timestamp":"2021-05-25T15:32:30.418950Z","voltage":-0.58}
{"accX":6.35,"accY":-0.98,"accZ":1003.91,"magX":-33.0,"magY":-49.5,"magZ":-79.8,"rotX":9.39,"rotY":0.88,"rotZ":-1.4,"timestamp":"2021-05-25T15:32:30.419028Z","voltage":-0.58}
{"accX":-0.98,"accY":-2.93,"accZ":1008.79,"magX":-33.6,"magY":-48.15,"magZ":-79.65,"rotX":4.84,"rotY":-5.95,"rotZ":14.59,"timestamp":"2021-05-25T15:32:30.419100Z","voltage":-0.58}
{"accX":13.67,"accY":-3.42,"accZ":1000.0,"magX":-32.4,"magY":-49.8,"magZ":-78.45,"rotX":10.59,"rotY":-2.41,"rotZ":-0.83,"timestamp":"2021-05-25T15:32:30.419176Z","voltage":-0.58}
{"accX":-9.77,"accY":0.0,"accZ":1002.93,"magX":-33.45,"magY":-49.2,"magZ":-79.05,"rotX":-21.48,"rotY":-1.64,"rotZ":-8.07,"timestamp":"2021-05-25T15:32:30.419253Z","voltage":-0.58}
{"accX":13.67,"accY":2.44,"accZ":1001.46,"magX":-34.2,"magY":-48.75,"magZ":-79.05,"rotX":2.35,"rotY":-7.15,"rotZ":18.33,"timestamp":"2021-05-25T15:32:30.419326Z","voltage":-0.58}
{"accX":7.81,"accY":-0.98,"accZ":1020.02,"magX":-33.75,"magY":-51.15,"magZ":-78.75,"rotX":2.69,"rotY":-8.32,"rotZ":14.85,"timestamp":"2021-05-25T15:32:30.419404Z","voltage":-0.58}
{"accX":6.84,"accY":-2.44,"accZ":1003.91,"magX":-33.15,"magY":-49.35,"magZ":-78.45,"rotX":5.31,"rotY":-6.67,"rotZ":19.76,"timestamp":"2021-05-25T15:32:30.419493Z","voltage":-0.58}
{"accX":-6.84,"accY":7.81,"accZ":1001.95,"magX":-33.45,"magY":-49.2,"magZ":-79.8,"rotX":5.74,"rotY":-3.74,"rotZ":18.47,"timestamp":"2021-05-25T15:32:30.419584Z","voltage":-0.58}
{"accX":8.3,"accY":2.93,"accZ":1006.35,"magX":-33.15,"magY":-50.55,"magZ":-79.65,"rotX":4.18,"rotY":-7.04,"rotZ":18.38,"timestamp":"2021-05-25T15:32:30.419670Z","voltage":-0.58}
{"accX":3.42,"accY":2.44,"accZ":1009.77,"magX":-33.15,"magY":-47.7,"magZ":-79.65,"rotX":9.37,"rotY":0.63,"rotZ":-1.76,"timestamp":"2021-05-25T15:32:30.419768Z","voltage":-0.58}
{"accX":11.23,"accY":0.98,"accZ":999.02,"magX":-33.6,"magY":-48.9,"magZ":-80.4,"rotX":4.03,"rotY":-4.9,"rotZ":15.39,"timestamp":"2021-05-25T15:32:30.419924Z","voltage":-0.58}
{"accX":16.6,"accY":-6.84,"accZ":1018.07,"magX":-33.75,"magY":-48.3,"magZ":-80.25,"rotX":4.53,"rotY":-6.38,"rotZ":17.34,"timestamp":"2021-05-25T15:32:30.420011Z","voltage":-0.58}
{"accX":8.3,"accY":10.25,"accZ":1005.37,"magX":-33.9,"magY":-49.35,"magZ":-78.45,"rotX":10.97,"rotY":0.82,"rotZ":-1.88,"timestamp":"2021-05-25T15:32:30.420095Z","voltage":-0.58}
{"accX":0.98,"accY":4.39,"accZ":1008.79,"magX":-32.25,"magY":-48.75,"magZ":-79.8,"rotX":5.42,"rotY":-4.82,"rotZ":15.1,"timestamp":"2021-05-25T15:32:30.420178Z","voltage":-0.58}
{"accX":-0.98,"accY":7.32,"accZ":1002.93,"magX":-33.45,"magY":-48.75,"magZ":-79.8,"rotX":4.14,"rotY":-7.94,"rotZ":16.58,"timestamp":"2021-05-25T15:32:30.420280Z","voltage":-0.58}
{"accX":5.37,"accY":-1.95,"accZ":1008.3,"magX":-33.9,"magY":-48.6,"magZ":-80.1,"rotX":6.69,"rotY":-7.78,"rotZ":16.89,"timestamp":"2021-05-25T15:32:30.420377Z","voltage":-0.58}
{"accX":-2.44,"accY":-1.95,"accZ":1005.86,"magX":-33.15,"magY":-47.7,"magZ":-79.35,"rotX":8.83,"rotY":0.44,"rotZ":-0.46,"timestamp":"2021-05-25T15:32:30.420464Z","voltage":-0.58}
{"accX":6.35,"accY":2.44,"accZ":1002.93,"magX":-32.85,"magY":-48.15,"magZ":-80.4,"rotX":7.81,"rotY":3.19,"rotZ":-2.66,"timestamp":"2021-05-25T15:32:30.420556Z","voltage":-0.58}
{"accX":5.86,"accY":-3.91,"accZ":1001.46,"magX":-33.9,"magY":-48.6,"magZ":-80.1,"rotX":10.61,"rotY":2.22,"rotZ":-1.74,"timestamp":"2021-05-25T15:32:30.420644Z","voltage":-0.58}
{"accX":-6.35,"accY":-3.91,"accZ":1009.77,"magX":-33.9,"magY":-48.9,"magZ":-80.1,"rotX":4.62,"rotY":-7.49,"rotZ":16.76,"timestamp":"2021-05-25T15:32:30.420729Z","voltage":-0.58}
{"accX":-6.84,"accY":1.46,"accZ":1004.88,"magX":-33.9,"magY":-47.7,"magZ":-78.15,"rotX":6.27,"rotY":-5.66,"rotZ":16.9,"timestamp":"2021-05-25T15:32:30.420820Z","voltage":-0.58}
{"accX":-0.49,"accY":6.35,"accZ":1001.95,"magX":-32.55,"magY":-48.0,"magZ":-79.5,"rotX":-23.37,"rotY":-0.95,"rotZ":-8.61,"timestamp":"2021-05-25T15:32:30.420907Z","voltage":-0.58}
{"accX":15.63,"accY":-4.39,"accZ":1004.88,"magX":-33.0,"magY":-48.3,"magZ":-79.5,"rotX":8.89,"rotY":-2.8,"rotZ":-3.69,"timestamp":"2021-05-25T15:32:30.421008Z","voltage":-0.58}
{"accX":-4.39,"accY":6.35,"accZ":1005.37,"magX":-33.9,"magY":-48.9,"magZ":-80.4,"rotX":9.01,"rotY":0.98,"rotZ":-2.83,"timestamp":"2021-05-25T15:32:30.421104Z","voltage":-0.58}
{"accX":5.37,"accY":5.86,"accZ":1006.84,"magX":-34.5,"magY":-49.5,"magZ":-80.25,"rotX":4.7,"rotY":-7.07,"rotZ":17.63,"timestamp":"2021-05-25T15:32:30.421196Z","voltage":-0.58}
{"accX":-0.49,"accY":0.49,"accZ":1012.21,"magX":-33.15,"magY":-48.6,"magZ":-80.1,"rotX":3.17,"rotY":-6.24,"rotZ":17.07,"timestamp":"2021-05-25T15:32:30.421288Z","voltage":-0.58}
{"accX":-4.88,"accY":-2.93,"accZ":1010.25,"magX":-33.45,"magY":-49.2,"magZ":-77.55,"rotX":4.74,"rotY":-4.95,"rotZ":15.36,"timestamp":"2021-05-25T15:32:30.421375Z","voltage":-0.58}
{"accX":2.44,"accY":2.93,"accZ":1002.93,"magX":-33.9,"magY":-47.7,"magZ":-79.65,"rotX":8.8,"rotY":-0.31,"rotZ":-3.14,"timestamp":"2021-05-25T15:32:30.421463Z","voltage":-0.58}
{"accX":3.42,"accY":-0.49,"accZ":1015.62,"magX":-34.2,"magY":-49.2,"magZ":-79.05,"rotX":3.64,"rotY":-7.04,"rotZ":13.95,"timestamp":"2021-05-25T15:32:30.421559Z","voltage":-0.58}
{"accX":-3.42,"accY":-1.46,"accZ":1001.46,"magX":-32.25,"magY":-47.55,"magZ":-79.5,"rotX":5.47,"rotY":-6.56,"rotZ":16.4,"timestamp":"2021-05-25T15:32:30.421660Z","voltage":-0.58}
{"accX":1.95,"accY":3.91,"accZ":1009.28,"magX":-32.85,"magY":-49.35,"magZ":-80.1,"rotX":4.9,"rotY":-8.02,"rotZ":16.5,"timestamp":"2021-05-25T15:32:30.421754Z","voltage":-0.58}
{"accX":4.39,"accY":8.79,"accZ":1006.84,"magX":-32.25,"magY":-48.0,"magZ":-80.25,"rotX":3.35,"rotY":-6.06,"rotZ":16.53,"timestamp":"2021-05-25T15:32:30.421837Z","voltage":-0.58}
{"accX":5.86,"accY":9.28,"accZ":1014.16,"magX":-33.75,"magY":-48.3,"magZ":-80.25,"rotX":2.69,"rotY":-7.69,"rotZ":17.04,"timestamp":"2021-05-25T15:32:30.421968Z","voltage":-0.58}
{"accX":-2.44,"accY":12.7,"accZ":1000.98,"magX":-33.9,"magY":-47.7,"magZ":-78.45,"rotX":3.8,"rotY":-7.18,"rotZ":18.16,"timestamp":"2021-05-25T15:32:30.422076Z","voltage":-0.58}
{"accX":5.37,"accY":9.28,"accZ":1000.49,"magX":-33.15,"magY":-48.15,"magZ":-78.15,"rotX":9.03,"rotY":1.29,"rotZ":-1.18,"timestamp":"2021-05-25T15:32:30.422198Z","voltage":-0.58}
{"accX":-1.95,"accY":5.37,"accZ":1009.77,"magX":-33.45,"magY":-48.75,"magZ":-79.8,"rotX":5.59,"rotY":-4.89,"rotZ":16.95,"timestamp":"2021-05-25T15:32:30.422323Z","voltage":-0.58}
{"accX":-0.49,"accY":2.44,"accZ":1001.95,"magX":-32.85,"magY":-47.7,"magZ":-79.35,"rotX":5.96,"rotY":-5.83,"rotZ":16.98,"timestamp":"2021-05-25T15:32:30.422445Z","voltage":-0.58}
{"accX":12.21,"accY":-0.98,"accZ":997.07,"magX":-33.45,"magY":-48.75,"magZ":-79.5,"rotX":10.75,"rotY":2.56,"rotZ":-3.11,"timestamp":"2021-05-25T15:32:30.422538Z","voltage":-0.58}
{"accX":1.46,"accY":5.86,"accZ":1016.11,"magX":-33.45,"magY":-48.75,"magZ":-78.0,"rotX":8.37,"rotY":-1.98,"rotZ":-1.39,"timestamp":"2021-05-25T15:32:30.422641Z","voltage":-0.58}
{"accX":-5.86,"accY":-0.49,"accZ":1011.72,"magX":-33.15,"magY":-48.9,"magZ":-78.9,"rotX":5.36,"rotY":-8.76,"rotZ":16.7,"timestamp":"2021-05-25T15:32:30.422727Z","voltage":-0.58}
{"accX":-7.32,"accY":12.21,"accZ":1008.3,"magX":-32.55,"magY":-47.55,"magZ":-79.5,"rotX":10.31,"rotY":0.94,"rotZ":-4.38,"timestamp":"2021-05-25T15:32:30.422859Z","voltage":-0.58}
{"accX":-0.98,"accY":-2.93,"accZ":1008.79,"magX":-33.6,"magY":-49.35,"magZ":-80.1,"rotX":4.59,"rotY":-5.64,"rotZ":16.98,"timestamp":"2021-05-25T15:32:30.422950Z","voltage":-0.58}
{"accX":4.39,"accY":9.77,"accZ":1005.37,"magX":-32.85,"magY":-49.8,"magZ":-79.35,"rotX":5.16,"rotY":-3.76,"rotZ":17.2,"timestamp":"2021-05-25T15:32:30.423038Z","voltage":-0.58}
{"accX":-4.39,"accY":9.28,"accZ":998.54,"magX":-32.4,"magY":-48.6,"magZ":-79.35,"rotX":5.05,"rotY":-6.16,"rotZ":18.65,"timestamp":"2021-05-25T15:32:30.423136Z","voltage":-0.58}
{"accX":0.0,"accY":5.37,"accZ":1007.32,"magX":-33.75,"magY":-49.5,"magZ":-80.25,"rotX":11.37,"rotY":2.2,"rotZ":-2.92,"timestamp":"2021-05-25T15:32:30.423230Z","voltage":-0.58}
{"accX":-3.42,"accY":-7.81,"accZ":996.09,"magX":-33.75,"magY":-49.5,"magZ":-79.5,"rotX":-20.98,"rotY":-1.01,"rotZ":-8.95,"timestamp":"2021-05-25T15:32:30.423283Z","voltage":-0.58}
{"accX":-2.93,"accY":4.88,"accZ":1004.39,"magX":-33.75,"magY":-47.55,"magZ":-79.5,"rotX":8.03,"rotY":-0.18,"rotZ":-0.75,"timestamp":"2021-05-25T15:32:30.423356Z","voltage":-0.58}
{"accX":-3.42,"accY":8.3,"accZ":1010.74,"magX":-32.85,"magY":-48.15,"magZ":-79.35,"rotX":4.76,"rotY":-6.53,"rotZ":15.63,"timestamp":"2021-05-25T15:32:30.423426Z","voltage":-0.58}
{"accX":10.25,"accY":3.91,"accZ":1008.3,"magX":-32.55,"magY":-49.2,"magZ":-79.8,"rotX":10.05,"rotY":0.62,"rotZ":-2.71,"timestamp":"2021-05-25T15:32:30.423522Z","voltage":-0.58}
{"accX":7.32,"accY":5.37,"accZ":996.09,"magX":-33.15,"magY":-48.15,"magZ":-79.35,"rotX":4.79,"rotY":-6.48,"rotZ":16.13,"timestamp":"2021-05-25T15:32:30.423607Z","voltage":-0.58}
{"accX":3.42,"accY":6.84,"accZ":1008.79,"magX":-33.15,"magY":-48.6,"magZ":-78.45,"rotX":8.91,"rotY":0.98,"rotZ":0.02,"timestamp":"2021-05-25T15:32:32.480324Z","voltage":-0.58}
{"accX":9.28,"accY":-7.32,"accZ":1000.49,"magX":-34.2,"magY":-50.4,"magZ":-79.8,"rotX":5.41,"rotY":-4.42,"rotZ":16.68,"timestamp":"2021-05-25T15:32:34.566956Z","voltage":-0.58}
{"accX":3.42,"accY":-9.77,"accZ":1012.7,"magX":-32.85,"magY":-48.15,"magZ":-79.35,"rotX":8.52,"rotY":-0.63,"rotZ":-3.08,"timestamp":"2021-05-25T15:32:36.652358Z","voltage":-0.58}
{"accX":4.88,"accY":0.49,"accZ":1008.3,"magX":-33.0,"magY":-48.75,"magZ":-79.5,"rotX":3.31,"rotY":-4.97,"rotZ":15.79,"timestamp":"2021-05-25T15:32:37.713634Z","voltage":-0.58}
{"accX":4.88,"accY":0.98,"accZ":1013.67,"magX":-33.45,"magY":-49.5,"magZ":-79.05,"rotX":3.73,"rotY":-4.6,"rotZ":16.02,"timestamp":"2021-05-25T15:32:39.795829Z","voltage":-0.58}
{"accX":9.77,"accY":10.74,"accZ":1012.7,"magX":-33.9,"magY":-49.35,"magZ":-79.65,"rotX":11.29,"rotY":3.25,"rotZ":-1.66,"timestamp":"2021-05-25T15:32:41.876612Z","voltage":-0.58}
{"accX":-6.35,"accY":-2.93,"accZ":1015.62,"magX":-33.6,"magY":-49.35,"magZ":-78.15,"rotX":5.54,"rotY":-4.73,"rotZ":18.45,"timestamp":"2021-05-25T15:32:43.949009Z","voltage":-0.58}
{"accX":8.79,"accY":12.21,"accZ":1004.88,"magX":-33.0,"magY":-49.2,"magZ":-79.8,"rotX":7.31,"rotY":-5.7,"rotZ":17.95,"timestamp":"2021-05-25T15:32:46.018590Z","voltage":-0.58}
{"accX":6.84,"accY":-0.49,"accZ":1002.44,"magX":-33.45,"magY":-47.55,"magZ":-79.05,"rotX":9.27,"rotY":-0.2,"rotZ":-4.75,"timestamp":"2021-05-25T15:32:47.067738Z","voltage":-0.58}
