{"accX":-0.98,"accY":3.42,"accZ":1016.11,"magX":-34.2,"magY":-49.2,"magZ":-79.05,"rotX":2.73,"rotY":-3.26,"rotZ":-1.31,"timestamp":"2021-05-25T15:41:50.125821Z","voltage":-0.58}
{"accX":-5.86,"accY":13.18,"accZ":1015.62,"magX":-33.9,"magY":-48.9,"magZ":-80.4,"rotX":9.76,"rotY":0.35,"rotZ":-3.54,"timestamp":"2021-05-25T15:41:50.126673Z","voltage":-0.58}
{"accX":10.25,"accY":12.21,"accZ":1007.81,"magX":-32.85,"magY":-48.6,"magZ":-78.9,"rotX":7.06,"rotY":2.18,"rotZ":-2.95,"timestamp":"2021-05-25T15:41:50.126777Z","voltage":-0.58}
{"accX":0.0,"accY":-5.86,"accZ":1003.42,"magX":-31.8,"magY":-48.75,"magZ":-80.55,"rotX":5.3,"rotY":-7.34,"rotZ":19.21,"timestamp":"2021-05-25T15:41:50.126958Z","voltage":-0.58}
{"accX":-1.95,"accY":0.98,"accZ":1006.35,"magX":-33.45,"magY":-48.0,"magZ":-78.75,"rotX":4.43,"rotY":-5.98,"rotZ":15.79,"timestamp":"2021-05-25T15:41:50.127067Z","voltage":-0.58}
{"accX":-2.44,"accY":4.39,"accZ":1011.72,"magX":-33.15,"magY":-49.35,"magZ":-80.85,"rotX":4.9,"rotY":-7.6,"rotZ":18.6,"timestamp":"2021-05-25T15:41:50.127222Z","voltage":-0.58}
{"accX":-2.44,"accY":1.95,"accZ":1000.98,"magX":-33.15,"magY":-50.1,"magZ":-80.4,"rotX":7.07,"rotY":-4.51,"rotZ":17.48,"timestamp":"2021-05-25T15:41:50.127385Z","voltage":-0.58}
{"accX":-1.46,"accY":4.39,"accZ":1001.46,"magX":-33.6,"magY":-48.6,"magZ":-78.9,"rotX":4.6,"rotY":-7.45,"rotZ":16.47,"timestamp":"2021-05-25T15:41:50.127478Z","voltage":-0.58}
{"accX":7.81,"accY":0.0,"accZ":1002.44,"magX":-33.75,"magY":-49.95,"magZ":-80.25,"rotX":4.11,"rotY":-6.3,"rotZ":15.45,"timestamp":"2021-05-25T15:41:50.127597Z","voltage":-0.58}
{"accX":-0.98,"accY":-0.49,"accZ":1003.91,"magX":-34.2,"magY":-49.95,"magZ":-80.25,"rotX":4.56,"rotY":-5.5,"rotZ":16.48,"timestamp":"2021-05-25T15:41:50.127692Z","voltage":-0.58}
{"accX":3.91,"accY":5.86,"accZ":1013.67,"magX":-31.8,"magY":-49.5,"magZ":-78.3,"rotX":-22.11,"rotY":-2.79,"rotZ":-5.63,"timestamp":"2021-05-25T15:41:50.127837Z","voltage":-0.58}
{"accX":-7.81,"accY":-9.28,"accZ":1009.28,"magX":-33.75,"magY":-49.2,"magZ":-80.25,"rotX":6.44,"rotY":-8.73,"rotZ":16.95,"timestamp":"2021-05-25T15:41:50.127949Z","voltage":-0.58}
{"accX":6.84,"accY":0.49,"accZ":1009.28,"magX":-33.0,"magY":-48.3,"magZ":-79.5,"rotX":-21.18,"rotY":-3.31,"rotZ":-7.63,"timestamp":"2021-05-25T15:41:50.128056Z","voltage":-0.58}
{"accX":3.42,"accY":5.37,"accZ":1012.21,"magX":-32.25,"magY":-49.5,"magZ":-77.55,"rotX":5.69,"rotY":-9.56,"rotZ":17.16,"timestamp":"2021-05-25T15:41:50.128163Z","voltage":-0.58}
{"accX":2.93,"accY":-1.95,"accZ":1005.37,"magX":-33.45,"magY":-49.2,"magZ":-80.25,"rotX":8.15,"rotY":0.48,"rotZ":-1.53,"timestamp":"2021-05-25T15:41:50.128259Z","voltage":-0.58}
{"accX":0.98,"accY":4.39,"accZ":1019.04,"magX":-33.6,"magY":-48.9,"magZ":-80.1,"rotX":9.51,"rotY":0.53,"rotZ":-3.02,"timestamp":"2021-05-25T15:41:50.128361Z","voltage":-0.58}
{"accX":18.07,"accY":-6.35,"accZ":1004.88,"magX":-33.15,"magY":-49.8,"magZ":-79.35,"rotX":3.32,"rotY":-4.92,"rotZ":15.83,"timestamp":"2021-05-25T15:41:50.128493Z","voltage":-0.58}
{"accX":9.77,"accY":4.39,"accZ":1004.39,"magX":-31.65,"magY":-49.35,"magZ":-80.1,"rotX":-21.52,"rotY":-1.33,"rotZ":-7.05,"timestamp":"2021-05-25T15:41:50.128582Z","voltage":-0.58}
{"accX":11.23,"accY":7.32,"accZ":1012.7,"magX":-33.0,"magY":-49.2,"magZ":-79.8,"rotX":5.45,"rotY":-7.36,"rotZ":16.67,"timestamp":"2021-05-25T15:41:50.128666Z","voltage":-0.58}
{"accX":13.67,"accY":0.98,"accZ":1016.6,"magX":-33.0,"magY":-48.0,"magZ":-79.05,"rotX":8.3,"rotY":1.01,"rotZ":-1.16,"timestamp":"2021-05-25T15:41:50.128772Z","voltage":-0.58}
{"accX":-11.72,"accY":-2.93,"accZ":1003.42,"magX":-33.75,"magY":-49.5,"magZ":-78.75,"rotX":11.2,"rotY":1.32,"rotZ":-2.18,"timestamp":"2021-05-25T15:41:50.128897Z","voltage":-0.58}
{"accX":-0.49,"accY":-6.35,"accZ":1010.74,"magX":-32.55,"magY":-49.95,"magZ":-79.5,"rotX":9.24,"rotY":-0.43,"rotZ":-3.35,"timestamp":"2021-05-25T15:41:50.128992Z","voltage":-0.58}
{"accX":-16.11,"accY":-10.25,"accZ":1002.93,"magX":-34.2,"magY":-50.7,"magZ":-79.8,"rotX":6.76,"rotY":0.4,"rotZ":-1.82,"timestamp":"2021-05-25T15:41:50.129083Z","voltage":-0.58}
{"accX":8.3,"accY":8.3,"accZ":1014.65,"magX":-33.75,"magY":-48.3,"magZ":-79.8,"rotX":-23.24,"rotY":-1.88,"rotZ":-8.02,"timestamp":"2021-05-25T15:41:50.129179Z","voltage":-0.58}
{"accX":6.35,"accY":-1.46,"accZ":1000.0,"magX":-33.6,"magY":-50.1,"magZ":-79.65,"rotX":6.2,"rotY":-9.38,"rotZ":17.89,"timestamp":"2021-05-25T15:41:50.129276Z","voltage":-0.58}
{"accX":8.79,"accY":-5.86,"accZ":1003.91,"magX":-34.5,"magY":-49.5,"magZ":-81.0,"rotX":-21.79,"rotY":-1.56,"rotZ":-7.27,"timestamp":"2021-05-25T15:41:50.129394Z","voltage":-0.58}
{"accX":9.77,"accY":13.18,"accZ":1011.72,"magX":-33.75,"magY":-49.5,"magZ":-79.05,"rotX":7.89,"rotY":0.47,"rotZ":-1.85,"timestamp":"2021-05-25T15:41:50.129506Z","voltage":-0.58}
{"accX":5.86,"accY":0.49,"accZ":1013.18,"magX":-34.2,"magY":-49.5,"magZ":-78.75,"rotX":9.67,"rotY":1.3,"rotZ":-2.49,"timestamp":"2021-05-25T15:41:50.129622Z","voltage":-0.58}
{"accX":7.81,"accY":-5.37,"accZ":1005.37,"magX":-32.85,"magY":-50.1,"magZ":-78.9,"rotX":9.86,"rotY":1.85,"rotZ":-4.53,"timestamp":"2021-05-25T15:41:50.129769Z","voltage":-0.58}
{"accX":14.16,"accY":-0.49,"accZ":991.21,"magX":-32.85,"magY":-48.6,"magZ":-79.35,"rotX":5.73,"rotY":-5.03,"rotZ":17.67,"timestamp":"2021-05-25T15:41:50.129907Z","voltage":-0.58}
{"accX":6.35,"accY":9.77,"accZ":1001.46,"magX":-32.85,"magY":-48.15,"magZ":-80.85,"rotX":4.95,"rotY":-5.06,"rotZ":17.58,"timestamp":"2021-05-25T15:41:50.129997Z","voltage":-0.58}
{"accX":-2.44,"accY":4.39,"accZ":995.61,"magX":-34.2,"magY":-49.95,"magZ":-79.8,"rotX":9.21,"rotY":0.46,"rotZ":-3.46,"timestamp":"2021-05-25T15:41:50.130093Z","voltage":-0.58}
{"accX":5.86,"accY":6.35,"accZ":1005.86,"magX":-32.25,"magY":-49.2,"magZ":-79.5,"rotX":7.27,"rotY":-5.78,"rotZ":15.75,"timestamp":"2021-05-25T15:41:50.130260Z","voltage":-0.58}
{"accX":1.95,"accY":4.88,"accZ":1000.0,"magX":-32.85,"magY":-49.8,"magZ":-79.35,"rotX":11.02,"rotY":-0.02,"rotZ":-4.08,"timestamp":"2021-05-25T15:41:50.130408Z","voltage":-0.58}
{"accX":-1.95,"accY":-6.84,"accZ":1014.65,"magX":-31.65,"magY":-49.8,"magZ":-79.65,"rotX":9.69,"rotY":2.27,"rotZ":-1.55,"timestamp":"2021-05-25T15:41:50.130535Z","voltage":-0.58}
{"accX":10.25,"accY":-1.46,"accZ":1008.79,"magX":-32.55,"magY":-49.95,"magZ":-78.3,"rotX":6.37,"rotY":-4.83,"rotZ":19.05,"timestamp":"2021-05-25T15:41:50.130647Z","voltage":-0.58}
{"accX":6.84,"accY":-4.39,"accZ":999.02,"magX":-32.55,"magY":-48.75,"magZ":-78.75,"rotX":4.27,"rotY":-3.98,"rotZ":14.83,"timestamp":"2021-05-25T15:41:50.130825Z","voltage":-0.58}
{"accX":-0.98,"accY":3.91,"accZ":1011.72,"magX":-33.15,"magY":-49.8,"magZ":-79.35,"rotX":8.2,"rotY":0.15,"rotZ":-3.19,"timestamp":"2021-05-25T15:41:50.130962Z","voltage":-0.58}
{"accX":14.65,"accY":12.21,"accZ":1002.93,"magX":-33.15,"magY":-49.8,"magZ":-79.35,"rotX":5.68,"rotY":-5.34,"rotZ":17.44,"timestamp":"2021-05-25T15:41:50.131090Z","voltage":-0.58}
{"accX":10.25,"accY":5.37,"accZ":1000.0,"magX":-32.55,"magY":-49.2,"magZ":-79.05,"rotX":6.2,"rotY":-4.3,"rotZ":17.3,"timestamp":"2021-05-25T15:41:50.131212Z","voltage":-0.58}
{"accX":4.88,"accY":11.23,"accZ":1016.11,"magX":-33.15,"magY":-48.15,"magZ":-79.65,"rotX":3.63,"rotY":-6.4,"rotZ":15.48,"timestamp":"2021-05-25T15:41:50.131381Z","voltage":-0.58}
{"accX":-7.81,"accY":4.39,"accZ":1007.81,"magX":-33.45,"magY":-49.95,"magZ":-79.05,"rotX":4.37,"rotY":-5.53,"rotZ":17.14,"timestamp":"2021-05-25T15:41:50.131530Z","voltage":-0.58}
{"accX":5.86,"accY":4.88,"accZ":1002.93,"magX":-33.0,"magY":-49.95,"magZ":-79.5,"rotX":7.07,"rotY":-6.02,"rotZ":17.93,"timestamp":"2021-05-25T15:41:50.131685Z","voltage":-0.58}
{"accX":0.98,"accY":12.21,"accZ":1002.44,"magX":-33.9,"magY":-49.8,"magZ":-78.9,"rotX":6.87,"rotY":-7.3,"rotZ":16.68,"timestamp":"2021-05-25T15:41:50.132027Z","voltage":-0.58}
{"accX":-2.93,"accY":8.79,"accZ":1015.14,"magX":-32.25,"magY":-49.2,"magZ":-80.55,"rotX":4.54,"rotY":-5.59,"rotZ":19.25,"timestamp":"2021-05-25T15:41:50.132133Z","voltage":-0.58}
{"accX":20.51,"accY":9.77,"accZ":1006.35,"magX":-34.5,"magY":-48.75,"magZ":-79.8,"rotX":6.05,"rotY":-7.53,"rotZ":16.03,"timestamp":"2021-05-25T15:41:50.132230Z","voltage":-0.58}
{"accX":11.72,"accY":12.7,"accZ":1011.23,"magX":-32.4,"magY":-49.8,"magZ":-79.65,"rotX":6.95,"rotY":-6.7,"rotZ":16.52,"timestamp":"2021-05-25T15:41:50.132328Z","voltage":-0.58}
{"accX":-4.39,"accY":-1.95,"accZ":999.51,"magX":-33.15,"magY":-49.35,"magZ":-80.1,"rotX":-23.39,"rotY":-3.24,"rotZ":-7.98,"timestamp":"2021-05-25T15:41:50.132429Z","voltage":-0.58}
{"accX":11.72,"accY":0.98,"accZ":1002.44,"magX":-31.8,"magY":-50.7,"magZ":-79.8,"rotX":6.3,"rotY":-5.22,"rotZ":17.8,"timestamp":"2021-05-25T15:41:50.132524Z","voltage":-0.58}
{"accX":-4.39,"accY":-11.23,"accZ":1012.7,"magX":-33.9,"magY":-48.15,"magZ":-78.9,"rotX":5.31,"rotY":-5.71,"rotZ":16.49,"timestamp":"2021-05-25T15:41:50.132611Z","voltage":-0.58}
{"accX":11.23,"accY":3.42,"accZ":1009.77,"magX":-32.55,"magY":-49.95,"magZ":-78.75,"rotX":-21.85,"rotY":-1.44,"rotZ":-9.98,"timestamp":"2021-05-25T15:41:50.132701Z","voltage":-0.58}
{"accX":0.49,"accY":8.3,"accZ":1003.91,"magX":-33.0,"magY":-49.95,"magZ":-80.55,"rotX":4.95,"rotY":-7.54,"rotZ":16.4,"timestamp":"2021-05-25T15:41:50.132797Z","voltage":-0.58}
{"accX":7.81,"accY":-0.98,"accZ":996.58,"magX":-34.2,"magY":-48.0,"magZ":-79.5,"rotX":7.07,"rotY":-8.32,"rotZ":15.05,"timestamp":"2021-05-25T15:41:50.132989Z","voltage":-0.58}
{"accX":0.0,"accY":9.28,"accZ":1006.84,"magX":-33.75,"magY":-48.75,"magZ":-79.5,"rotX":5.63,"rotY":-5.58,"rotZ":17.13,"timestamp":"2021-05-25T15:41:50.133079Z","voltage":-0.58}
{"accX":-1.95,"accY":0.0,"accZ":1001.95,"magX":-33.0,"magY":-50.4,"magZ":-80.55,"rotX":-22.25,"rotY":-1.73,"rotZ":-7.26,"timestamp":"2021-05-25T15:41:50.133163Z","voltage":-0.58}
{"accX":3.42,"accY":0.0,"accZ":1004.88,"magX":-32.55,"magY":-49.95,"magZ":-79.5,"rotX":-22.31,"rotY":-1.34,"rotZ":-7.65,"timestamp":"2021-05-25T15:41:50.133254Z","voltage":-0.58}
{"accX":0.98,"accY":1.46,"accZ":1005.86,"magX":-33.6,"magY":-48.15,"magZ":-81.15,"rotX":4.43,"rotY":-8.18,"rotZ":17.78,"timestamp":"2021-05-25T15:41:50.133345Z","voltage":-0.58}
{"accX":5.86,"accY":-0.98,"accZ":1002.44,"magX":-32.4,"magY":-49.35,"magZ":-79.65,"rotX":-21.79,"rotY":-2.28,"rotZ":-9.31,"timestamp":"2021-05-25T15:41:50.133439Z","voltage":-0.58}
{"accX":7.81,"accY":0.49,"accZ":996.09,"magX":-33.45,"magY":-49.95,"magZ":-81.0,"rotX":3.85,"rotY":-6.55,"rotZ":18.15,"timestamp":"2021-05-25T15:41:50.133523Z","voltage":-0.58}
{"accX":-0.49,"accY":10.74,"accZ":1009.28,"magX":-32.85,"magY":-49.35,"magZ":-80.1,"rotX":4.94,"rotY":-6.44,"rotZ":17.76,"timestamp":"2021-05-25T15:41:50.133609Z","voltage":-0.58}
{"accX":3.42,"accY":-3.42,"accZ":1006.35,"magX":-33.15,"magY":-49.8,"magZ":-80.4,"rotX":7.59,"rotY":-7.01,"rotZ":18.44,"timestamp":"2021-05-25T15:41:50.133702Z","voltage":-0.58}
{"accX":5.37,"accY":5.86,"accZ":997.56,"magX":-33.45,"magY":-48.3,"magZ":-81.0,"rotX":6.28,"rotY":-8.15,"rotZ":15.76,"timestamp":"2021-05-25T15:41:50.133798Z","voltage":-0.58}
{"accX":1.46,"accY":2.93,"accZ":1007.32,"magX":-33.45,"magY":-48.3,"magZ":-79.5,"rotX":9.95,"rotY":-0.87,"rotZ":-2.56,"timestamp":"2021-05-25T15:41:50.133913Z","voltage":-0.58}
{"accX":5.86,"accY":0.98,"accZ":1004.39,"magX":-33.75,"magY":-48.0,"magZ":-80.25,"rotX":6.15,"rotY":-4.92,"rotZ":17.05,"timestamp":"2021-05-25T15:41:50.134012Z","voltage":-0.58}
{"accX":12.21,"accY":5.37,"accZ":1010.25,"magX":-34.2,"magY":-49.95,"magZ":-79.8,"rotX":5.72,"rotY":-6.93,"rotZ":17.08,"timestamp":"2021-05-25T15:41:50.134100Z","voltage":-0.58}
{"accX":-14.16,"accY":9.28,"accZ":998.05,"magX":-33.0,"magY":-49.5,"magZ":-79.5,"rotX":6.53,"rotY":-7.24,"rotZ":16.58,"timestamp":"2021-05-25T15:41:50.134196Z","voltage":-0.58}
{"accX":-2.44,"accY":-6.84,"accZ":1002.44,"magX":-33.0,"magY":-49.2,"magZ":-78.75,"rotX":4.37,"rotY":-6.79,"rotZ":17.67,"timestamp":"2021-05-25T15:41:50.134284Z","voltage":-0.58}
{"accX":5.86,"accY":10.74,"accZ":1013.18,"magX":-31.2,"magY":-48.15,"magZ":-78.15,"rotX":4.95,"rotY":-6.23,"rotZ":16.5,"timestamp":"2021-05-25T15:41:50.134367Z","voltage":-0.58}
{"accX":1.46,"accY":3.91,"accZ":1011.23,"magX":-32.55,"magY":-50.7,"magZ":-78.3,"rotX":5.76,"rotY":-4.06,"rotZ":18.69,"timestamp":"2021-05-25T15:41:50.134458Z","voltage":-0.58}
{"accX":8.79,"accY":2.93,"accZ":1007.32,"magX":-33.6,"magY":-49.35,"magZ":-80.85,"rotX":4.13,"rotY":-7.69,"rotZ":18.01,"timestamp":"2021-05-25T15:41:50.134540Z","voltage":-0.58}
{"accX":-7.32,"accY":4.88,"accZ":1015.62,"magX":-33.15,"magY":-48.9,"magZ":-80.1,"rotX":5.73,"rotY":-7.53,"rotZ":18.47,"timestamp":"2021-05-25T15:41:50.134634Z","voltage":-0.58}
{"accX":17.58,"accY":10.74,"accZ":1007.81,"magX":-32.85,"magY":-51.0,"magZ":-78.9,"rotX":9.01,"rotY":1.54,"rotZ":-3.34,"timestamp":"2021-05-25T15:41:50.134723Z","voltage":-0.58}
{"accX":2.93,"accY":-8.79,"accZ":1007.32,"magX":-34.2,"magY":-48.75,"magZ":-79.8,"rotX":4.45,"rotY":-6.79,"rotZ":18.87,"timestamp":"2021-05-25T15:41:50.134819Z","voltage":-0.58}
{"accX":2.44,"accY":2.93,"accZ":1007.81,"magX":-34.2,"magY":-49.95,"magZ":-79.8,"rotX":4.49,"rotY":-6.58,"rotZ":17.16,"timestamp":"2021-05-25T15:41:50.134918Z","voltage":-0.58}
{"accX":19.04,"accY":2.44,"accZ":1000.0,"magX":-32.4,"magY":-48.9,"magZ":-80.4,"rotX":8.66,"rotY":4.06,"rotZ":-0.85,"timestamp":"2021-05-25T15:41:50.135015Z","voltage":-0.58}
{"accX":-7.81,"accY":5.37,"accZ":1015.14,"magX":-32.4,"magY":-48.9,"magZ":-78.9,"rotX":4.63,"rotY":-4.99,"rotZ":16.68,"timestamp":"2021-05-25T15:41:50.135103Z","voltage":-0.58}
{"accX":11.72,"accY":2.44,"accZ":996.58,"magX":-31.65,"magY":-48.15,"magZ":-79.35,"rotX":3.57,"rotY":-4.13,"rotZ":16.9,"timestamp":"2021-05-25T15:41:50.135204Z","voltage":-0.58}
{"accX":14.65,"accY":2.93,"accZ":1016.6,"magX":-33.0,"magY":-49.5,"magZ":-78.75,"rotX":8.0,"rotY":2.76,"rotZ":-1.74,"timestamp":"2021-05-25T15:41:50.135295Z","voltage":-0.58}
{"accX":0.98,"accY":-0.49,"accZ":1001.46,"magX":-32.85,"magY":-48.9,"magZ":-79.65,"rotX":4.5,"rotY":-4.7,"rotZ":17.8,"timestamp":"2021-05-25T15:41:50.135385Z","voltage":-0.58}
{"accX":0.0,"accY":3.42,"accZ":1007.81,"magX":-33.15,"magY":-48.6,"magZ":-81.9,"rotX":4.89,"rotY":-4.48,"rotZ":16.32,"timestamp":"2021-05-25T15:41:50.135479Z","voltage":-0.58}
{"accX":-2.93,"accY":20.02,"accZ":1011.72,"magX":-34.35,"magY":-50.1,"magZ":-81.6,"rotX":6.03,"rotY":-4.91,"rotZ":18.27,"timestamp":"2021-05-25T15:41:50.135567Z","voltage":-0.58}
{"accX":-1.95,"accY":14.16,"accZ":1003.91,"magX":-33.9,"magY":-48.6,"magZ":-78.45,"rotX":3.02,"rotY":-6.7,"rotZ":19.31,"timestamp":"2021-05-25T15:41:50.135655Z","voltage":-0.58}
{"accX":-3.42,"accY":2.44,"accZ":1008.3,"magX":-33.15,"magY":-48.15,"magZ":-77.7,"rotX":9.69,"rotY":1.62,"rotZ":-2.53,"timestamp":"2021-05-25T15:41:50.135738Z","voltage":-0.58}
{"accX":2.93,"accY":-6.35,"accZ":1004.39,"magX":-33.45,"magY":-49.95,"magZ":-79.05,"rotX":-21.03,"rotY":-1.21,"rotZ":-7.87,"timestamp":"2021-05-25T15:41:50.135829Z","voltage":-0.58}
{"accX":12.7,"accY":-1.46,"accZ":1021.97,"magX":-34.2,"magY":-49.5,"magZ":-80.25,"rotX":9.15,"rotY":1.71,"rotZ":-1.59,"timestamp":"2021-05-25T15:41:50.135917Z","voltage":-0.58}
{"accX":2.93,"accY":-3.42,"accZ":1009.77,"magX":-33.0,"magY":-49.95,"magZ":-80.25,"rotX":7.93,"rotY":1.41,"rotZ":-2.04,"timestamp":"2021-05-25T15:41:50.136008Z","voltage":-0.58}
{"accX":3.91,"accY":0.98,"accZ":1012.7,"magX":-33.75,"magY":-49.5,"magZ":-78.3,"rotX":10.39,"rotY":2.55,"rotZ":-1.83,"timestamp":"2021-05-25T15:41:50.136100Z","voltage":-0.58}
{"accX":9.77,"accY":7.81,"accZ":1003.91,"magX":-32.55,"magY":-48.3,"magZ":-79.5,"rotX":6.48,"rotY":-6.54,"rotZ":16.62,"timestamp":"2021-05-25T15:41:50.136197Z","voltage":-0.58}
{"accX":-0.98,"accY":3.42,"accZ":1009.28,"magX":-34.35,"magY":-49.8,"magZ":-80.1,"rotX":4.93,"rotY":-6.21,"rotZ":19.36,"timestamp":"2021-05-25T15:41:50.136297Z","voltage":-0.58}
{"accX":-6.84,"accY":-4.39,"accZ":1005.86,"magX":-32.85,"magY":-49.35,"magZ":-78.45,"rotX":6.96,"rotY":-7.02,"rotZ":17.49,"timestamp":"2021-05-25T15:41:50.136393Z","voltage":-0.58}
{"accX":-1.46,"accY":10.74,"accZ":1002.93,"magX":-31.8,"magY":-49.2,"magZ":-79.5,"rotX":8.98,"rotY":1.62,"rotZ":-4.11,"timestamp":"2021-05-25T15:41:50.136483Z","voltage":-0.58}
{"accX":13.67,"accY":-5.86,"accZ":1004.39,"magX":-31.2,"magY":-48.9,"magZ":-80.1,"rotX":10.73,"rotY":-0.39,"rotZ":-2.46,"timestamp":"2021-05-25T15:41:50.136573Z","voltage":-0.58}
{"accX":-0.98,"accY":8.3,"accZ":1013.18,"magX":-34.2,"magY":-49.5,"magZ":-80.55,"rotX":5.74,"rotY":-8.51,"rotZ":16.92,"timestamp":"2021-05-25T15:41:50.136658Z","voltage":-0.58}
{"accX":4.39,"accY":-3.42,"accZ":1012.7,"magX":-33.45,"magY":-48.75,"magZ":-79.8,"rotX":-19.84,"rotY":-0.32,"rotZ":-6.89,"timestamp":"2021-05-25T15:41:50.136782Z","voltage":-0.58}
{"accX":6.35,"accY":3.91,"accZ":1007.32,"magX":-33.0,"magY":-49.2,"magZ":-81.0,"rotX":10.02,"rotY":0.15,"rotZ":-2.77,"timestamp":"2021-05-25T15:41:50.136883Z","voltage":-0.58}
{"accX":-8.3,"accY":4.39,"accZ":1024.9,"magX":-34.2,"magY":-51.15,"magZ":-79.8,"rotX":8.18,"rotY":-6.53,"rotZ":15.83,"timestamp":"2021-05-25T15:41:50.136971Z","voltage":-0.58}
{"accX":0.49,"accY":0.0,"accZ":1008.3,"magX":-32.4,"magY":-51.3,"magZ":-80.85,"rotX":5.67,"rotY":-5.08,"rotZ":16.8,"timestamp":"2021-05-25T15:41:50.137104Z","voltage":-0.58}
{"accX":5.86,"accY":1.46,"accZ":1002.44,"magX":-33.6,"magY":-49.35,"magZ":-78.9,"rotX":5.63,"rotY":-7.64,"rotZ":16.38,"timestamp":"2021-05-25T15:41:50.137207Z","voltage":-0.58}
{"accX":-0.98,"accY":-0.49,"accZ":1004.39,"magX":-32.85,"magY":-49.35,"magZ":-79.65,"rotX":4.3,"rotY":-5.14,"rotZ":17.88,"timestamp":"2021-05-25T15:41:50.137302Z","voltage":-0.58}
{"accX":3.42,"accY":10.74,"accZ":998.05,"magX":-33.75,"magY":-49.95,"magZ":-79.5,"rotX":3.78,"rotY":-4.82,"rotZ":16.47,"timestamp":"2021-05-25T15:41:50.137423Z","voltage":-0.58}
{"accX":8.79,"accY":3.42,"accZ":1004.88,"magX":-34.2,"magY":-49.2,"magZ":-79.5,"rotX":5.14,"rotY":-3.91,"rotZ":18.99,"timestamp":"2021-05-25T15:41:50.137534Z","voltage":-0.58}
{"accX":1.46,"accY":5.37,"accZ":1005.86,"magX":-33.0,"magY":-48.75,"magZ":-79.05,"rotX":12.11,"rotY":-0.26,"rotZ":-3.13,"timestamp":"2021-05-25T15:41:50.137652Z","voltage":-0.58}
{"accX":-1.95,"accY":-5.86,"accZ":997.56,"magX":-32.85,"magY":-49.8,"magZ":-78.45,"rotX":3.84,"rotY":-7.63,"rotZ":18.82,"timestamp":"2021-05-25T15:41:50.137748Z","voltage":-0.58}
{"accX":1.46,"accY":0.98,"accZ":1003.91,"magX":-33.6,"magY":-48.15,"magZ":-80.4,"rotX":6.24,"rotY":-6.14,"rotZ":19.38,"timestamp":"2021-05-25T15:41:50.137858Z","voltage":-0.58}
{"accX":7.32,"accY":6.35,"accZ":996.58,"magX":-33.9,"magY":-48.9,"magZ":-80.4,"rotX":10.53,"rotY":1.18,"rotZ":-2.82,"timestamp":"2021-05-25T15:41:50.137950Z","voltage":-0.58}
{"accX":2.93,"accY":-0.98,"accZ":1009.77,"magX":-32.25,"magY":-49.5,"magZ":-80.25,"rotX":9.4,"rotY":0.41,"rotZ":-3.48,"timestamp":"2021-05-25T15:41:50.138060Z","voltage":-0.58}
{"accX":8.3,"accY":1.95,"accZ":1002.93,"magX":-33.15,"magY":-48.9,"magZ":-79.65,"rotX":5.29,"rotY":-3.23,"rotZ":15.36,"timestamp":"2021-05-25T15:41:50.138171Z","voltage":-0.58}
{"accX":12.7,"accY":-8.3,"accZ":1011.23,"magX":-33.75,"magY":-49.5,"magZ":-79.5,"rotX":6.34,"rotY":-8.18,"rotZ":17.99,"timestamp":"2021-05-25T15:41:50.138273Z","voltage":-0.58}
{"accX":3.42,"accY":3.91,"accZ":1004.39,"magX":-32.55,"magY":-48.75,"magZ":-79.8,"rotX":4.48,"rotY":-5.25,"rotZ":17.45,"timestamp":"2021-05-25T15:41:50.138409Z","voltage":-0.58}
{"accX":-11.23,"accY":7.32,"accZ":991.21,"magX":-33.6,"magY":-49.8,"magZ":-79.35,"rotX":5.63,"rotY":-3.46,"rotZ":17.47,"timestamp":"2021-05-25T15:41:50.138512Z","voltage":-0.58}
{"accX":0.49,"accY":0.98,"accZ":1003.42,"magX":-32.4,"magY":-48.9,"magZ":-79.35,"rotX":4.24,"rotY":-7.02,"rotZ":16.92,"timestamp":"2021-05-25T15:41:50.138623Z","voltage":-0.58}
{"accX":10.74,"accY":0.0,"accZ":999.51,"magX":-33.75,"magY":-49.2,"magZ":-79.5,"rotX":3.87,"rotY":-3.82,"rotZ":15.84,"timestamp":"2021-05-25T15:41:50.138721Z","voltage":-0.58}
{"accX":4.88,"accY":10.25,"accZ":1011.72,"magX":-33.0,"magY":-48.75,"magZ":-80.55,"rotX":3.33,"rotY":-6.79,"rotZ":17.17,"timestamp":"2021-05-25T15:41:50.138812Z","voltage":-0.58}
{"accX":-3.91,"accY":0.98,"accZ":999.51,"magX":-32.4,"magY":-49.35,"magZ":-79.35,"rotX":7.45,"rotY":-5.79,"rotZ":15.21,"timestamp":"2021-05-25T15:41:50.138903Z","voltage":-0.58}
{"accX":1.95,"accY":2.44,"accZ":1000.49,"magX":-33.15,"magY":-48.9,"magZ":-79.35,"rotX":4.58,"rotY":-7.18,"rotZ":16.45,"timestamp":"2021-05-25T15:41:50.139019Z","voltage":-0.58}
{"accX":-9.28,"accY":1.46,"accZ":1019.04,"magX":-33.0,"magY":-49.2,"magZ":-79.5,"rotX":5.76,"rotY":-5.59,"rotZ":15.82,"timestamp":"2021-05-25T15:41:50.139114Z","voltage":-0.58}
{"accX":11.72,"accY":-2.44,"accZ":1018.55,"magX":-33.45,"magY":-49.2,"magZ":-79.8,"rotX":7.21,"rotY":-6.42,"rotZ":14.82,"timestamp":"2021-05-25T15:41:50.139221Z","voltage":-0.58}
{"accX":5.37,"accY":-3.42,"accZ":1006.84,"magX":-33.6,"magY":-48.9,"magZ":-80.4,"rotX":4.08,"rotY":-5.52,"rotZ":17.15,"timestamp":"2021-05-25T15:41:50.139309Z","voltage":-0.58}
{"accX":-8.79,"accY":2.44,"accZ":1008.3,"magX":-33.75,"magY":-49.5,"magZ":-79.5,"rotX":-21.37,"rotY":-0.56,"rotZ":-7.23,"timestamp":"2021-05-25T15:41:50.139414Z","voltage":-0.58}
{"accX":5.86,"accY":5.86,"accZ":983.4,"magX":-32.25,"magY":-49.5,"magZ":-79.05,"rotX":5.38,"rotY":-8.73,"rotZ":15.53,"timestamp":"2021-05-25T15:41:50.139517Z","voltage":-0.58}
{"accX":9.28,"accY":8.79,"accZ":1004.88,"magX":-33.9,"magY":-49.8,"magZ":-80.1,"rotX":6.8,"rotY":-5.87,"rotZ":18.79,"timestamp":"2021-05-25T15:41:50.139639Z","voltage":-0.58}
{"accX":0.49,"accY":-2.93,"accZ":1006.84,"magX":-33.6,"magY":-48.9,"magZ":-79.65,"rotX":4.6,"rotY":-5.72,"rotZ":16.43,"timestamp":"2021-05-25T15:41:50.139747Z","voltage":-0.58}
{"accX":5.86,"accY":3.42,"accZ":1007.81,"magX":-33.9,"magY":-50.1,"magZ":-78.45,"rotX":5.88,"rotY":-4.49,"rotZ":18.21,"timestamp":"2021-05-25T15:41:50.139842Z","voltage":-0.58}
{"accX":-12.21,"accY":3.91,"accZ":1003.91,"magX":-33.0,"magY":-48.75,"magZ":-79.5,"rotX":5.13,"rotY":-5.24,"rotZ":18.31,"timestamp":"2021-05-25T15:41:50.139936Z","voltage":-0.58}
{"accX":7.32,"accY":11.72,"accZ":1014.65,"magX":-33.75,"magY":-50.7,"magZ":-78.75,"rotX":7.37,"rotY":-5.26,"rotZ":16.41,"timestamp":"2021-05-25T15:41:50.140026Z","voltage":-0.58}
{"accX":-7.32,"accY":-3.91,"accZ":1013.18,"magX":-33.75,"magY":-50.7,"magZ":-80.55,"rotX":-22.4,"rotY":-1.53,"rotZ":-9.53,"timestamp":"2021-05-25T15:41:50.140121Z","voltage":-0.58}
{"accX":2.44,"accY":1.46,"accZ":1011.23,"magX":-33.15,"magY":-49.35,"magZ":-79.35,"rotX":4.81,"rotY":-5.01,"rotZ":19.47,"timestamp":"2021-05-25T15:41:50.140215Z","voltage":-0.58}
{"accX":4.88,"accY":12.21,"accZ":1017.58,"magX":-32.25,"magY":-49.2,"magZ":-79.5,"rotX":10.14,"rotY":0.85,"rotZ":-4.08,"timestamp":"2021-05-25T15:41:50.140300Z","voltage":-0.58}
{"accX":12.7,"accY":10.74,"accZ":1007.32,"magX":-31.65,"magY":-49.35,"magZ":-79.35,"rotX":6.41,"rotY":-6.31,"rotZ":17.2,"timestamp":"2021-05-25T15:41:50.140398Z","voltage":-0.58}
{"accX":2.93,"accY":8.3,"accZ":1001.46,"magX":-33.75,"magY":-49.5,"magZ":-79.05,"rotX":7.05,"rotY":-9.32,"rotZ":17.12,"timestamp":"2021-05-25T15:41:50.140492Z","voltage":-0.58}
{"accX":4.88,"accY":3.91,"accZ":1000.0,"magX":-33.6,"magY":-48.9,"magZ":-79.35,"rotX":4.69,"rotY":-6.85,"rotZ":15.97,"timestamp":"2021-05-25T15:41:50.140587Z","voltage":-0.58}
{"accX":-14.65,"accY":1.95,"accZ":1000.0,"magX":-33.0,"magY":-50.4,"magZ":-79.05,"rotX":3.07,"rotY":-9.15,"rotZ":17.75,"timestamp":"2021-05-25T15:41:50.140672Z","voltage":-0.58}
{"accX":-0.98,"accY":3.91,"accZ":1020.02,"magX":-34.35,"magY":-48.6,"magZ":-79.35,"rotX":4.92,"rotY":-7.42,"rotZ":18.77,"timestamp":"2021-05-25T15:41:50.140760Z","voltage":-0.58}
{"accX":13.67,"accY":-0.98,"accZ":1013.67,"magX":-33.15,"magY":-49.35,"magZ":-79.65,"rotX":4.92,"rotY":-5.45,"rotZ":18.72,"timestamp":"2021-05-25T15:41:50.140846Z","voltage":-0.58}
{"accX":6.35,"accY":2.44,"accZ":1005.37,"magX":-33.75,"magY":-49.95,"magZ":-79.5,"rotX":3.37,"rotY":-4.59,"rotZ":16.66,"timestamp":"2021-05-25T15:41:50.140945Z","voltage":-0.58}
{"accX":9.77,"accY":7.81,"accZ":1000.98,"magX":-33.9,"magY":-50.1,"magZ":-79.35,"rotX":4.61,"rotY":-5.56,"rotZ":17.85,"timestamp":"2021-05-25T15:41:50.141041Z","voltage":-0.58}
{"accX":-3.42,"accY":-11.72,"accZ":1011.23,"magX":-33.6,"magY":-50.1,"magZ":-79.35,"rotX":11.24,"rotY":3.05,"rotZ":-1.1,"timestamp":"2021-05-25T15:41:50.141134Z","voltage":-0.58}
{"accX":5.37,"accY":0.0,"accZ":1004.88,"magX":-33.45,"magY":-49.5,"magZ":-79.5,"rotX":6.78,"rotY":-8.69,"rotZ":15.85,"timestamp":"2021-05-25T15:41:50.141221Z","voltage":-0.58}
{"accX":11.72,"accY":8.3,"accZ":1014.16,"magX":-32.4,"magY":-50.1,"magZ":-80.1,"rotX":5.63,"rotY":-6.76,"rotZ":19.9,"timestamp":"2021-05-25T15:41:50.141312Z","voltage":-0.58}
{"accX":16.6,"accY":1.46,"accZ":1005.86,"magX":-33.75,"magY":-49.5,"magZ":-79.5,"rotX":9.42,"rotY":1.63,"rotZ":-1.2,"timestamp":"2021-05-25T15:41:50.141400Z","voltage":-0.58}
{"accX":-7.81,"accY":8.79,"accZ":1011.23,"magX":-32.25,"magY":-50.4,"magZ":-79.05,"rotX":6.32,"rotY":-4.76,"rotZ":17.55,"timestamp":"2021-05-25T15:41:50.141489Z","voltage":-0.58}
{"accX":-7.81,"accY":2.93,"accZ":998.05,"magX":-34.2,"magY":-51.15,"magZ":-78.3,"rotX":9.64,"rotY":0.39,"rotZ":-1.24,"timestamp":"2021-05-25T15:41:50.141575Z","voltage":-0.58}
{"accX":6.35,"accY":13.18,"accZ":1008.3,"magX":-32.85,"magY":-50.55,"magZ":-80.1,"rotX":6.75,"rotY":-4.68,"rotZ":16.63,"timestamp":"2021-05-25T15:41:50.141658Z","voltage":-0.58}
{"accX":6.35,"accY":7.81,"accZ":1014.16,"magX":-33.0,"magY":-49.2,"magZ":-79.5,"rotX":3.52,"rotY":-6.82,"rotZ":18.21,"timestamp":"2021-05-25T15:41:50.141749Z","voltage":-0.58}
{"accX":-0.98,"accY":6.35,"accZ":1004.88,"magX":-32.4,"magY":-49.8,"magZ":-78.9,"rotX":9.83,"rotY":-0.59,"rotZ":-0.91,"timestamp":"2021-05-25T15:41:50.141844Z","voltage":-0.58}
{"accX":7.81,"accY":1.95,"accZ":1006.35,"magX":-33.15,"magY":-48.6,"magZ":-79.35,"rotX":4.5,"rotY":-7.43,"rotZ":15.71,"timestamp":"2021-05-25T15:41:50.141930Z","voltage":-0.58}
{"accX":-11.72,"accY":4.39,"accZ":998.54,"magX":-34.2,"magY":-49.5,"magZ":-79.8,"rotX":6.3,"rotY":-4.17,"rotZ":17.4,"timestamp":"2021-05-25T15:41:50.142018Z","voltage":-0.58}
{"accX":13.67,"accY":-11.72,"accZ":1027.83,"magX":-32.25,"magY":-48.75,"magZ":-78.75,"rotX":7.59,"rotY":1.64,"rotZ":-1.02,"timestamp":"2021-05-25T15:41:50.142111Z","voltage":-0.58}
{"accX":6.84,"accY":-4.88,"accZ":997.56,"magX":-32.85,"magY":-48.9,"magZ":-80.4,"rotX":-20.53,"rotY":-2.93,"rotZ":-7.5,"timestamp":"2021-05-25T15:41:50.142195Z","voltage":-0.58}
{"accX":6.84,"accY":9.28,"accZ":1001.95,"magX":-32.25,"magY":-47.55,"magZ":-79.5,"rotX":6.08,"rotY":-7.89,"rotZ":17.89,"timestamp":"2021-05-25T15:41:50.142283Z","voltage":-0.58}
{"accX":1.95,"accY":1.46,"accZ":998.05,"magX":-32.4,"magY":-49.8,"magZ":-78.9,"rotX":9.18,"rotY":1.36,"rotZ":-1.05,"timestamp":"2021-05-25T15:41:50.142374Z","voltage":-0.58}
{"accX":7.81,"accY":10.25,"accZ":1005.86,"magX":-33.75,"magY":-48.0,"magZ":-78.0,"rotX":5.21,"rotY":-7.05,"rotZ":17.26,"timestamp":"2021-05-25T15:41:50.142461Z","voltage":-0.58}
{"accX":5.37,"accY":14.16,"accZ":1005.86,"magX":-33.6,"magY":-48.6,"magZ":-78.9,"rotX":2.95,"rotY":-3.33,"rotZ":20.1,"timestamp":"2021-05-25T15:41:50.142553Z","voltage":-0.58}
{"accX":11.23,"accY":8.79,"accZ":999.02,"magX":-33.75,"magY":-48.75,"magZ":-80.25,"rotX":8.7,"rotY":1.49,"rotZ":-0.96,"timestamp":"2021-05-25T15:41:50.142637Z","voltage":-0.58}
{"accX":16.6,"accY":-7.81,"accZ":1017.58,"magX":-32.4,"magY":-48.9,"magZ":-79.35,"rotX":5.11,"rotY":-5.6,"rotZ":18.36,"timestamp":"2021-05-25T15:41:50.142724Z","voltage":-0.58}
{"accX":-0.49,"accY":6.35,"accZ":1004.88,"magX":-32.25,"magY":-48.75,"magZ":-79.5,"rotX":4.39,"rotY":-6.39,"rotZ":17.19,"timestamp":"2021-05-25T15:41:50.142806Z","voltage":-0.58}
{"accX":-8.3,"accY":0.49,"accZ":1004.39,"magX":-32.55,"magY":-49.95,"magZ":-78.75,"rotX":10.15,"rotY":0.18,"rotZ":-3.24,"timestamp":"2021-05-25T15:41:50.142887Z","voltage":-0.58}
{"accX":5.37,"accY":3.91,"accZ":1003.42,"magX":-32.4,"magY":-49.35,"magZ":-78.45,"rotX":9.26,"rotY":1.49,"rotZ":-3.34,"timestamp":"2021-05-25T15:41:50.142975Z","voltage":-0.58}
{"accX":-6.35,"accY":3.42,"accZ":995.61,"magX":-32.25,"magY":-49.5,"magZ":-79.8,"rotX":4.69,"rotY":-7.19,"rotZ":16.05,"timestamp":"2021-05-25T15:41:50.143058Z","voltage":-0.58}
{"accX":1.95,"accY":7.32,"accZ":1006.84,"magX":-33.75,"magY":-49.95,"magZ":-79.05,"rotX":4.99,"rotY":-6.36,"rotZ":19.31,"timestamp":"2021-05-25T15:41:50.143143Z","voltage":-0.58}
{"accX":-5.37,"accY":-4.88,"accZ":1006.35,"magX":-31.05,"magY":-49.2,"magZ":-78.75,"rotX":3.79,"rotY":-6.68,"rotZ":15.71,"timestamp":"2021-05-25T15:41:50.143232Z","voltage":-0.58}
{"accX":8.79,"accY":2.93,"accZ":1000.98,"magX":-33.9,"magY":-48.6,"magZ":-80.1,"rotX":6.43,"rotY":-6.81,"rotZ":17.46,"timestamp":"2021-05-25T15:41:50.143319Z","voltage":-0.58}
{"accX":1.46,"accY":0.98,"accZ":1004.39,"magX":-33.0,"magY":-50.4,"magZ":-79.5,"rotX":4.98,"rotY":-7.18,"rotZ":17.76,"timestamp":"2021-05-25T15:41:50.143400Z","voltage":-0.58}
{"accX":-3.42,"accY":5.86,"accZ":1003.42,"magX":-32.85,"magY":-49.8,"magZ":-79.35,"rotX":-20.89,"rotY":-2.31,"rotZ":-10.64,"timestamp":"2021-05-25T15:41:50.143480Z","voltage":-0.58}
{"accX":7.81,"accY":4.88,"accZ":1006.84,"magX":-33.9,"magY":-48.15,"magZ":-80.1,"rotX":7.92,"rotY":-0.03,"rotZ":-1.51,"timestamp":"2021-05-25T15:41:50.143574Z","voltage":-0.58}
{"accX":-5.37,"accY":4.88,"accZ":1007.81,"magX":-33.6,"magY":-49.35,"magZ":-78.45,"rotX":10.26,"rotY":-0.24,"rotZ":-3.63,"timestamp":"2021-05-25T15:41:50.143664Z","voltage":-0.58}
{"accX":-8.3,"accY":-0.49,"accZ":1000.0,"magX":-32.85,"magY":-49.35,"magZ":-80.1,"rotX":6.51,"rotY":-4.26,"rotZ":16.81,"timestamp":"2021-05-25T15:41:50.143760Z","voltage":-0.58}
{"accX":-4.39,"accY":7.32,"accZ":1005.37,"magX":-32.55,"magY":-48.75,"magZ":-79.5,"rotX":5.66,"rotY":-6.69,"rotZ":16.52,"timestamp":"2021-05-25T15:41:50.143866Z","voltage":-0.58}
{"accX":7.81,"accY":-3.91,"accZ":1011.72,"magX":-33.9,"magY":-51.0,"magZ":-79.65,"rotX":10.59,"rotY":3.31,"rotZ":-4.42,"timestamp":"2021-05-25T15:41:50.143962Z","voltage":-0.58}
{"accX":12.21,"accY":-3.42,"accZ":1013.18,"magX":-33.9,"magY":-48.15,"magZ":-77.4,"rotX":8.69,"rotY":0.6,"rotZ":-3.0,"timestamp":"2021-05-25T15:41:50.144048Z","voltage":-0.58}
{"accX":-0.49,"accY":0.49,"accZ":999.02,"magX":-33.6,"magY":-48.9,"magZ":-80.1,"rotX":11.51,"rotY":-0.72,"rotZ":-2.24,"timestamp":"2021-05-25T15:41:50.144144Z","voltage":-0.58}
{"accX":-2.44,"accY":9.77,"accZ":1013.67,"magX":-33.15,"magY":-48.6,"magZ":-78.9,"rotX":6.12,"rotY":-6.52,"rotZ":15.89,"timestamp":"2021-05-25T15:41:50.144236Z","voltage":-0.58}
{"accX":2.44,"accY":-1.46,"accZ":1011.23,"magX":-33.45,"magY":-48.75,"magZ":-79.5,"rotX":3.88,"rotY":-5.38,"rotZ":16.72,"timestamp":"2021-05-25T15:41:50.144327Z","voltage":-0.58}
{"accX":4.88,"accY":4.39,"accZ":1005.37,"magX":-33.15,"magY":-48.9,"magZ":-79.35,"rotX":5.55,"rotY":-5.33,"rotZ":18.61,"timestamp":"2021-05-25T15:41:50.144426Z","voltage":-0.58}
{"accX":0.49,"accY":-2.93,"accZ":1021.97,"magX":-33.45,"magY":-47.55,"magZ":-79.05,"rotX":-21.07,"rotY":-1.24,"rotZ":-10.27,"timestamp":"2021-05-25T15:41:50.144515Z","voltage":-0.58}
{"accX":8.79,"accY":4.39,"accZ":1034.18,"magX":-33.75,"magY":-48.75,"magZ":-78.0,"rotX":5.82,"rotY":-6.67,"rotZ":16.15,"timestamp":"2021-05-25T15:41:50.144608Z","voltage":-0.58}
{"accX":-1.46,"accY":1.95,"accZ":1002.93,"magX":-33.6,"magY":-48.15,"magZ":-78.9,"rotX":4.93,"rotY":-6.61,"rotZ":18.6,"timestamp":"2021-05-25T15:41:50.144691Z","voltage":-0.58}
{"accX":2.93,"accY":-4.88,"accZ":1002.93,"magX":-33.9,"magY":-47.7,"magZ":-78.45,"rotX":3.27,"rotY":-5.0,"rotZ":18.69,"timestamp":"2021-05-25T15:41:50.144774Z","voltage":-0.58}
{"accX":2.44,"accY":1.46,"accZ":999.51,"magX":-31.95,"magY":-48.6,"magZ":-79.65,"rotX":3.95,"rotY":-7.35,"rotZ":15.83,"timestamp":"2021-05-25T15:41:50.144858Z","voltage":-0.58}
{"accX":9.77,"accY":-2.44,"accZ":1010.74,"magX":-32.85,"magY":-48.6,"magZ":-79.65,"rotX":4.65,"rotY":-7.11,"rotZ":17.29,"timestamp":"2021-05-25T15:41:50.144945Z","voltage":-0.58}
{"accX":14.65,"accY":0.49,"accZ":1013.18,"magX":-32.25,"magY":-48.0,"magZ":-80.55,"rotX":5.27,"rotY":-4.67,"rotZ":18.56,"timestamp":"2021-05-25T15:41:50.145050Z","voltage":-0.58}
{"accX":-0.49,"accY":4.88,"accZ":1004.39,"magX":-33.15,"magY":-47.7,"magZ":-79.35,"rotX":4.85,"rotY":-7.5,"rotZ":16.11,"timestamp":"2021-05-25T15:41:50.145137Z","voltage":-0.58}
{"accX":5.37,"accY":5.37,"accZ":1015.14,"magX":-33.6,"magY":-49.35,"magZ":-78.9,"rotX":9.91,"rotY":-1.03,"rotZ":-1.59,"timestamp":"2021-05-25T15:41:50.145217Z","voltage":-0.58}
{"accX":5.37,"accY":10.25,"accZ":1008.79,"magX":-32.55,"magY":-49.5,"magZ":-78.75,"rotX":4.99,"rotY":-6.56,"rotZ":19.21,"timestamp":"2021-05-25T15:41:50.145302Z","voltage":-0.58}
{"accX":15.63,"accY":5.37,"accZ":1005.37,"magX":-33.15,"magY":-48.15,"magZ":-80.1,"rotX":6.91,"rotY":-8.17,"rotZ":17.14,"timestamp":"2021-05-25T15:41:50.145382Z","voltage":-0.58}
{"accX":6.84,"accY":15.14,"accZ":1013.18,"magX":-33.45,"magY":-48.3,"magZ":-78.3,"rotX":7.15,"rotY":-4.15,"rotZ":17.2,"timestamp":"2021-05-25T15:41:50.145461Z","voltage":-0.58}
{"accX":13.18,"accY":1.95,"accZ":1009.28,"magX":-33.15,"magY":-49.8,"magZ":-79.35,"rotX":6.48,"rotY":-6.84,"rotZ":16.34,"timestamp":"2021-05-25T15:41:50.145546Z","voltage":-0.58}
{"accX":-2.93,"accY":7.32,"accZ":1010.25,"magX":-32.4,"magY":-50.1,"magZ":-80.85,"rotX":9.26,"rotY":3.76,"rotZ":-3.23,"timestamp":"2021-05-25T15:41:50.145634Z","voltage":-0.58}
{"accX":0.0,"accY":2.93,"accZ":1009.28,"magX":-34.8,"magY":-48.15,"magZ":-78.9,"rotX":4.78,"rotY":-6.24,"rotZ":16.1,"timestamp":"2021-05-25T15:41:50.145718Z","voltage":-0.58}
{"accX":20.51,"accY":15.14,"accZ":1011.72,"magX":-33.9,"magY":-48.6,"magZ":-80.4,"rotX":10.28,"rotY":0.36,"rotZ":-2.9,"timestamp":"2021-05-25T15:41:50.145801Z","voltage":-0.58}
{"accX":-13.67,"accY":5.86,"accZ":1014.65,"magX":-33.0,"magY":-48.75,"magZ":-80.55,"rotX":7.08,"rotY":-3.81,"rotZ":15.4,"timestamp":"2021-05-25T15:41:50.145885Z","voltage":-0.58}
{"accX":6.35,"accY":-8.79,"accZ":998.05,"magX":-34.35,"magY":-49.8,"magZ":-78.45,"rotX":6.76,"rotY":-5.02,"rotZ":18.11,"timestamp":"2021-05-25T15:41:50.145971Z","voltage":-0.58}
{"accX":-2.93,"accY":11.23,"accZ":1009.77,"magX":-33.0,"magY":-48.3,"magZ":-79.05,"rotX":4.18,"rotY":-4.27,"rotZ":17.33,"timestamp":"2021-05-25T15:41:50.146057Z","voltage":-0.58}
{"accX":6.35,"accY":4.88,"accZ":1001.95,"magX":-33.0,"magY":-48.0,"magZ":-79.5,"rotX":4.37,"rotY":-6.29,"rotZ":17.17,"timestamp":"2021-05-25T15:41:50.146142Z","voltage":-0.58}
{"accX":0.0,"accY":0.0,"accZ":1011.23,"magX":-32.4,"magY":-48.15,"magZ":-80.1,"rotX":8.56,"rotY":1.28,"rotZ":-1.3,"timestamp":"2021-05-25T15:41:50.146229Z","voltage":-0.58}
{"accX":-8.3,"accY":4.39,"accZ":1004.88,"magX":-33.0,"magY":-48.3,"magZ":-79.05,"rotX":8.17,"rotY":2.1,"rotZ":-2.21,"timestamp":"2021-05-25T15:41:50.146313Z","voltage":-0.58}
{"accX":7.32,"accY":8.79,"accZ":999.02,"magX":-33.15,"magY":-46.2,"magZ":-79.35,"rotX":6.31,"rotY":-6.39,"rotZ":18.01,"timestamp":"2021-05-25T15:41:50.146401Z","voltage":-0.58}
{"accX":-5.37,"accY":2.44,"accZ":1002.93,"magX":-33.9,"magY":-48.15,"magZ":-79.65,"rotX":4.24,"rotY":-6.37,"rotZ":15.7,"timestamp":"2021-05-25T15:41:50.146486Z","voltage":-0.58}
{"accX":-2.93,"accY":6.35,"accZ":1000.0,"magX":-33.75,"magY":-48.75,"magZ":-79.8,"rotX":4.5,"rotY":-5.92,"rotZ":14.39,"timestamp":"2021-05-25T15:41:50.146575Z","voltage":-0.58}
{"accX":14.16,"accY":-1.95,"accZ":1007.81,"magX":-33.0,"magY":-49.5,"magZ":-78.3,"rotX":5.33,"rotY":-6.38,"rotZ":16.54,"timestamp":"2021-05-25T15:41:50.146658Z","voltage":-0.58}
{"accX":-4.39,"accY":4.39,"accZ":990.72,"magX":-31.2,"magY":-48.6,"magZ":-79.35,"rotX":5.85,"rotY":-5.89,"rotZ":17.15,"timestamp":"2021-05-25T15:41:50.146740Z","voltage":-0.58}
{"accX":4.88,"accY":12.21,"accZ":1008.3,"magX":-33.15,"magY":-48.15,"magZ":-79.35,"rotX":3.24,"rotY":-7.03,"rotZ":17.56,"timestamp":"2021-05-25T15:41:50.146820Z","voltage":-0.58}
{"accX":3.42,"accY":14.16,"accZ":1006.84,"magX":-32.55,"magY":-47.55,"magZ":-79.05,"rotX":9.06,"rotY":0.4,"rotZ":-2.34,"timestamp":"2021-05-25T15:41:50.146901Z","voltage":-0.58}
{"accX":7.81,"accY":3.42,"accZ":1004.39,"magX":-34.5,"magY":-48.75,"magZ":-78.3,"rotX":5.34,"rotY":-5.5,"rotZ":16.97,"timestamp":"2021-05-25T15:41:50.146985Z","voltage":-0.58}
{"accX":-2.93,"accY":6.35,"accZ":1003.91,"magX":-34.8,"magY":-48.6,"magZ":-80.4,"rotX":9.08,"rotY":1.51,"rotZ":-2.15,"timestamp":"2021-05-25T15:41:50.157131Z","voltage":-0.58}
{"accX":-3.42,"accY":-2.93,"accZ":1000.49,"magX":-33.75,"magY":-48.75,"magZ":-78.75,"rotX":5.66,"rotY":-7.31,"rotZ":16.95,"timestamp":"2021-05-25T15:41:50.157250Z","voltage":-0.58}
{"accX":6.35,"accY":-0.98,"accZ":1003.91,"magX":-33.0,"magY":-49.5,"magZ":-79.8,"rotX":9.39,"rotY":0.88,"rotZ":-1.4,"timestamp":"2021-05-25T15:41:50.157353Z","voltage":-0.58}
{"accX":-0.98,"accY":-2.93,"accZ":1008.79,"magX":-33.6,"magY":-48.15,"magZ":-79.65,"rotX":4.84,"rotY":-5.95,"rotZ":14.59,"timestamp":"2021-05-25T15:41:50.157467Z","voltage":-0.58}
{"accX":13.67,"accY":-3.42,"accZ":1000.0,"magX":-32.4,"magY":-49.8,"magZ":-78.45,"rotX":10.59,"rotY":-2.41,"rotZ":-0.83,"timestamp":"2021-05-25T15:41:50.157645Z","voltage":-0.58}
{"accX":-9.77,"accY":0.0,"accZ":1002.93,"magX":-33.45,"magY":-49.2,"magZ":-79.05,"rotX":-21.48,"rotY":-1.64,"rotZ":-8.07,"timestamp":"2021-05-25T15:41:50.157740Z","voltage":-0.58}
{"accX":13.67,"accY":2.44,"accZ":1001.46,"magX":-34.2,"magY":-48.75,"magZ":-79.05,"rotX":2.35,"rotY":-7.15,"rotZ":18.33,"timestamp":"2021-05-25T15:41:50.157833Z","voltage":-0.58}
{"accX":7.81,"accY":-0.98,"accZ":1020.02,"magX":-33.75,"magY":-51.15,"magZ":-78.75,"rotX":2.69,"rotY":-8.32,"rotZ":14.85,"timestamp":"2021-05-25T15:41:50.157925Z","voltage":-0.58}
{"accX":6.84,"accY":-2.44,"accZ":1003.91,"magX":-33.15,"magY":-49.35,"magZ":-78.45,"rotX":5.31,"rotY":-6.67,"rotZ":19.76,"timestamp":"2021-05-25T15:41:50.158023Z","voltage":-0.58}
{"accX":-6.84,"accY":7.81,"accZ":1001.95,"magX":-33.45,"magY":-49.2,"magZ":-79.8,"rotX":5.74,"rotY":-3.74,"rotZ":18.47,"timestamp":"2021-05-25T15:41:50.158121Z","voltage":-0.58}
{"accX":8.3,"accY":2.93,"accZ":1006.35,"magX":-33.15,"magY":-50.55,"magZ":-79.65,"rotX":4.18,"rotY":-7.04,"rotZ":18.38,"timestamp":"2021-05-25T15:41:50.158215Z","voltage":-0.58}
{"accX":3.42,"accY":2.44,"accZ":1009.77,"magX":-33.15,"magY":-47.7,"magZ":-79.65,"rotX":9.37,"rotY":0.63,"rotZ":-1.76,"timestamp":"2021-05-25T15:41:50.158305Z","voltage":-0.58}
{"accX":11.23,"accY":0.98,"accZ":999.02,"magX":-33.6,"magY":-48.9,"magZ":-80.4,"rotX":4.03,"rotY":-4.9,"rotZ":15.39,"timestamp":"2021-05-25T15:41:50.158399Z","voltage":-0.58}
{"accX":16.6,"accY":-6.84,"accZ":1018.07,"magX":-33.75,"magY":-48.3,"magZ":-80.25,"rotX":4.53,"rotY":-6.38,"rotZ":17.34,"timestamp":"2021-05-25T15:41:50.158489Z","voltage":-0.58}
{"accX":8.3,"accY":10.25,"accZ":1005.37,"magX":-33.9,"magY":-49.35,"magZ":-78.45,"rotX":10.97,"rotY":0.82,"rotZ":-1.88,"timestamp":"2021-05-25T15:41:50.158580Z","voltage":-0.58}
{"accX":0.98,"accY":4.39,"accZ":1008.79,"magX":-32.25,"magY":-48.75,"magZ":-79.8,"rotX":5.42,"rotY":-4.82,"rotZ":15.1,"timestamp":"2021-05-25T15:41:50.158670Z","voltage":-0.58}
{"accX":-0.98,"accY":7.32,"accZ":1002.93,"magX":-33.45,"magY":-48.75,"magZ":-79.8,"rotX":4.14,"rotY":-7.94,"rotZ":16.58,"timestamp":"2021-05-25T15:41:50.158762Z","voltage":-0.58}
{"accX":5.37,"accY":-1.95,"accZ":1008.3,"magX":-33.9,"magY":-48.6,"magZ":-80.1,"rotX":6.69,"rotY":-7.78,"rotZ":16.89,"timestamp":"2021-05-25T15:41:50.158860Z","voltage":-0.58}
{"accX":-2.44,"accY":-1.95,"accZ":1005.86,"magX":-33.15,"magY":-47.7,"magZ":-79.35,"rotX":8.83,"rotY":0.44,"rotZ":-0.46,"timestamp":"2021-05-25T15:41:50.158953Z","voltage":-0.58}
{"accX":6.35,"accY":2.44,"accZ":1002.93,"magX":-32.85,"magY":-48.15,"magZ":-80.4,"rotX":7.81,"rotY":3.19,"rotZ":-2.66,"timestamp":"2021-05-25T15:41:50.159050Z","voltage":-0.58}
{"accX":5.86,"accY":-3.91,"accZ":1001.46,"magX":-33.9,"magY":-48.6,"magZ":-80.1,"rotX":10.61,"rotY":2.22,"rotZ":-1.74,"timestamp":"2021-05-25T15:41:50.159142Z","voltage":-0.58}
{"accX":-6.35,"accY":-3.91,"accZ":1009.77,"magX":-33.9,"magY":-48.9,"magZ":-80.1,"rotX":4.62,"rotY":-7.49,"rotZ":16.76,"timestamp":"2021-05-25T15:41:50.159235Z","voltage":-0.58}
{"accX":-6.84,"accY":1.46,"accZ":1004.88,"magX":-33.9,"magY":-47.7,"magZ":-78.15,"rotX":6.27,"rotY":-5.66,"rotZ":16.9,"timestamp":"2021-05-25T15:41:50.159329Z","voltage":-0.58}
{"accX":-0.49,"accY":6.35,"accZ":1001.95,"magX":-32.55,"magY":-48.0,"magZ":-79.5,"rotX":-23.37,"rotY":-0.95,"rotZ":-8.61,"timestamp":"2021-05-25T15:41:50.159418Z","voltage":-0.58}
{"accX":15.63,"accY":-4.39,"accZ":1004.88,"magX":-33.0,"magY":-48.3,"magZ":-79.5,"rotX":8.89,"rotY":-2.8,"rotZ":-3.69,"timestamp":"2021-05-25T15:41:50.159512Z","voltage":-0.58}
{"accX":-4.39,"accY":6.35,"accZ":1005.37,"magX":-33.9,"magY":-48.9,"magZ":-80.4,"rotX":9.01,"rotY":0.98,"rotZ":-2.83,"timestamp":"2021-05-25T15:41:50.159806Z","voltage":-0.58}
{"accX":5.37,"accY":5.86,"accZ":1006.84,"magX":-34.5,"magY":-49.5,"magZ":-80.25,"rotX":4.7,"rotY":-7.07,"rotZ":17.63,"timestamp":"2021-05-25T15:41:50.159981Z","voltage":-0.58}
{"accX":-0.49,"accY":0.49,"accZ":1012.21,"magX":-33.15,"magY":-48.6,"magZ":-80.1,"rotX":3.17,"rotY":-6.24,"rotZ":17.07,"timestamp":"2021-05-25T15:41:50.160086Z","voltage":-0.58}
{"accX":-4.88,"accY":-2.93,"accZ":1010.25,"magX":-33.45,"magY":-49.2,"magZ":-77.55,"rotX":4.74,"rotY":-4.95,"rotZ":15.36,"timestamp":"2021-05-25T15:41:50.160180Z","voltage":-0.58}
{"accX":2.44,"accY":2.93,"accZ":1002.93,"magX":-33.9,"magY":-47.7,"magZ":-79.65,"rotX":8.8,"rotY":-0.31,"rotZ":-3.14,"timestamp":"2021-05-25T15:41:50.160298Z","voltage":-0.58}
{"accX":3.42,"accY":-0.49,"accZ":1015.62,"magX":-34.2,"magY":-49.2,"magZ":-79.05,"rotX":3.64,"rotY":-7.04,"rotZ":13.95,"timestamp":"2021-05-25T15:41:50.160400Z","voltage":-0.58}
{"accX":-3.42,"accY":-1.46,"accZ":1001.46,"magX":-32.25,"magY":-47.55,"magZ":-79.5,"rotX":5.47,"rotY":-6.56,"rotZ":16.4,"timestamp":"2021-05-25T15:41:50.160501Z","voltage":-0.58}
{"accX":1.95,"accY":3.91,"accZ":1009.28,"magX":-32.85,"magY":-49.35,"magZ":-80.1,"rotX":4.9,"rotY":-8.02,"rotZ":16.5,"timestamp":"2021-05-25T15:41:50.160801Z","voltage":-0.58}
{"accX":4.39,"accY":8.79,"accZ":1006.84,"magX":-32.25,"magY":-48.0,"magZ":-80.25,"rotX":3.35,"rotY":-6.06,"rotZ":16.53,"timestamp":"2021-05-25T15:41:50.162556Z","voltage":-0.58}
{"accX":5.86,"accY":9.28,"accZ":1014.16,"magX":-33.75,"magY":-48.3,"magZ":-80.25,"rotX":2.69,"rotY":-7.69,"rotZ":17.04,"timestamp":"2021-05-25T15:41:50.162940Z","voltage":-0.58}
{"accX":-2.44,"accY":12.7,"accZ":1000.98,"magX":-33.9,"magY":-47.7,"magZ":-78.45,"rotX":3.8,"rotY":-7.18,"rotZ":18.16,"timestamp":"2021-05-25T15:41:50.163034Z","voltage":-0.58}
{"accX":5.37,"accY":9.28,"accZ":1000.49,"magX":-33.15,"magY":-48.15,"magZ":-78.15,"rotX":9.03,"rotY":1.29,"rotZ":-1.18,"timestamp":"2021-05-25T15:41:50.163118Z","voltage":-0.58}
{"accX":-1.95,"accY":5.37,"accZ":1009.77,"magX":-33.45,"magY":-48.75,"magZ":-79.8,"rotX":5.59,"rotY":-4.89,"rotZ":16.95,"timestamp":"2021-05-25T15:41:50.163355Z","voltage":-0.58}
{"accX":-0.49,"accY":2.44,"accZ":1001.95,"magX":-32.85,"magY":-47.7,"magZ":-79.35,"rotX":5.96,"rotY":-5.83,"rotZ":16.98,"timestamp":"2021-05-25T15:41:50.163645Z","voltage":-0.58}
{"accX":12.21,"accY":-0.98,"accZ":997.07,"magX":-33.45,"magY":-48.75,"magZ":-79.5,"rotX":10.75,"rotY":2.56,"rotZ":-3.11,"timestamp":"2021-05-25T15:41:50.163933Z","voltage":-0.58}
{"accX":1.46,"accY":5.86,"accZ":1016.11,"magX":-33.45,"magY":-48.75,"magZ":-78.0,"rotX":8.37,"rotY":-1.98,"rotZ":-1.39,"timestamp":"2021-05-25T15:41:50.164185Z","voltage":-0.58}
{"accX":-5.86,"accY":-0.49,"accZ":1011.72,"magX":-33.15,"magY":-48.9,"magZ":-78.9,"rotX":5.36,"rotY":-8.76,"rotZ":16.7,"timestamp":"2021-05-25T15:41:50.164269Z","voltage":-0.58}
{"accX":-7.32,"accY":12.21,"accZ":1008.3,"magX":-32.55,"magY":-47.55,"magZ":-79.5,"rotX":10.31,"rotY":0.94,"rotZ":-4.38,"timestamp":"2021-05-25T15:41:50.164482Z","voltage":-0.58}
{"accX":-0.98,"accY":-2.93,"accZ":1008.79,"magX":-33.6,"magY":-49.35,"magZ":-80.1,"rotX":4.59,"rotY":-5.64,"rotZ":16.98,"timestamp":"2021-05-25T15:41:50.164567Z","voltage":-0.58}
{"accX":4.39,"accY":9.77,"accZ":1005.37,"magX":-32.85,"magY":-49.8,"magZ":-79.35,"rotX":5.16,"rotY":-3.76,"rotZ":17.2,"timestamp":"2021-05-25T15:41:50.164654Z","voltage":-0.58}
{"accX":-4.39,"accY":9.28,"accZ":998.54,"magX":-32.4,"magY":-48.6,"magZ":-79.35,"rotX":5.05,"rotY":-6.16,"rotZ":18.65,"timestamp":"2021-05-25T15:41:50.165289Z","voltage":-0.58}
{"accX":0.0,"accY":5.37,"accZ":1007.32,"magX":-33.75,"magY":-49.5,"magZ":-80.25,"rotX":11.37,"rotY":2.2,"rotZ":-2.92,"timestamp":"2021-05-25T15:41:50.165406Z","voltage":-0.58}
{"accX":-3.42,"accY":-7.81,"accZ":996.09,"magX":-33.75,"magY":-49.5,"magZ":-79.5,"rotX":-20.98,"rotY":-1.01,"rotZ":-8.95,"timestamp":"2021-05-25T15:41:50.165496Z","voltage":-0.58}
{"accX":-2.93,"accY":4.88,"accZ":1004.39,"magX":-33.75,"magY":-47.55,"magZ":-79.5,"rotX":8.03,"rotY":-0.18,"rotZ":-0.75,"timestamp":"2021-05-25T15:41:50.165580Z","voltage":-0.58}
{"accX":-3.42,"accY":8.3,"accZ":1010.74,"magX":-32.85,"magY":-48.15,"magZ":-79.35,"rotX":4.76,"rotY":-6.53,"rotZ":15.63,"timestamp":"2021-05-25T15:41:50.165673Z","voltage":-0.58}
{"accX":10.25,"accY":3.91,"accZ":1008.3,"magX":-32.55,"magY":-49.2,"magZ":-79.8,"rotX":10.05,"rotY":0.62,"rotZ":-2.71,"timestamp":"2021-05-25T15:41:50.165760Z","voltage":-0.58}
{"accX":7.32,"accY":5.37,"accZ":996.09,"magX":-33.15,"magY":-48.15,"magZ":-79.35,"rotX":4.79,"rotY":-6.48,"rotZ":16.13,"timestamp":"2021-05-25T15:41:50.165856Z","voltage":-0.58}
{"accX":3.42,"accY":6.84,"accZ":1008.79,"magX":-33.15,"magY":-48.6,"magZ":-78.45,"rotX":8.91,"rotY":0.98,"rotZ":0.02,"timestamp":"2021-05-25T15:41:50.165935Z","voltage":-0.58}
{"accX":9.28,"accY":-7.32,"accZ":1000.49,"magX":-34.2,"magY":-50.4,"magZ":-79.8,"rotX":5.41,"rotY":-4.42,"rotZ":16.68,"timestamp":"2021-05-25T15:41:50.166024Z","voltage":-0.58}
{"accX":3.42,"accY":-9.77,"accZ":1012.7,"magX":-32.85,"magY":-48.15,"magZ":-79.35,"rotX":8.52,"rotY":-0.63,"rotZ":-3.08,"timestamp":"2021-05-25T15:41:50.166108Z","voltage":-0.58}
{"accX":4.88,"accY":0.49,"accZ":1008.3,"magX":-33.0,"magY":-48.75,"magZ":-79.5,"rotX":3.31,"rotY":-4.97,"rotZ":15.79,"timestamp":"2021-05-25T15:41:50.166193Z","voltage":-0.58}
{"accX":4.88,"accY":0.98,"accZ":1013.67,"magX":-33.45,"magY":-49.5,"magZ":-79.05,"rotX":3.73,"rotY":-4.6,"rotZ":16.02,"timestamp":"2021-05-25T15:41:50.166274Z","voltage":-0.58}
{"accX":9.77,"accY":10.74,"accZ":1012.7,"magX":-33.9,"magY":-49.35,"magZ":-79.65,"rotX":11.29,"rotY":3.25,"rotZ":-1.66,"timestamp":"2021-05-25T15:41:50.166356Z","voltage":-0.58}
{"accX":-6.35,"accY":-2.93,"accZ":1015.62,"magX":-33.6,"magY":-49.35,"magZ":-78.15,"rotX":5.54,"rotY":-4.73,"rotZ":18.45,"timestamp":"2021-05-25T15:41:50.166438Z","voltage":-0.58}
{"accX":8.79,"accY":12.21,"accZ":1004.88,"magX":-33.0,"magY":-49.2,"magZ":-79.8,"rotX":7.31,"rotY":-5.7,"rotZ":17.95,"timestamp":"2021-05-25T15:41:50.166516Z","voltage":-0.58}
{"accX":6.84,"accY":-0.49,"accZ":1002.44,"magX":-33.45,"magY":-47.55,"magZ":-79.05,"rotX":9.27,"rotY":-0.2,"rotZ":-4.75,"timestamp":"2021-05-25T15:41:50.166610Z","voltage":-0.58}
{"accX":3.42,"accY":8.3,"accZ":1004.39,"magX":-33.15,"magY":-49.35,"magZ":-79.35,"rotX":-23.62,"rotY":-0.08,"rotZ":-7.6,"timestamp":"2021-05-25T15:41:50.166699Z","voltage":-0.58}
{"accX":4.88,"accY":6.84,"accZ":1000.98,"magX":-33.9,"magY":-48.15,"magZ":-78.15,"rotX":7.22,"rotY":-5.26,"rotZ":17.13,"timestamp":"2021-05-25T15:41:50.166808Z","voltage":-0.58}
{"accX":-8.3,"accY":0.98,"accZ":1002.44,"magX":-31.95,"magY":-47.7,"magZ":-80.4,"rotX":9.15,"rotY":-0.98,"rotZ":-0.96,"timestamp":"2021-05-25T15:41:50.166904Z","voltage":-0.58}
{"accX":6.35,"accY":-1.46,"accZ":1014.65,"magX":-32.85,"magY":-48.15,"magZ":-79.65,"rotX":8.93,"rotY":2.24,"rotZ":-4.02,"timestamp":"2021-05-25T15:41:50.166994Z","voltage":-0.58}
{"accX":5.86,"accY":13.67,"accZ":1005.86,"magX":-33.45,"magY":-49.95,"magZ":-78.75,"rotX":4.56,"rotY":-8.27,"rotZ":18.85,"timestamp":"2021-05-25T15:41:50.167087Z","voltage":-0.58}
{"accX":7.32,"accY":12.7,"accZ":1003.42,"magX":-34.2,"magY":-49.2,"magZ":-79.5,"rotX":3.24,"rotY":-6.37,"rotZ":16.58,"timestamp":"2021-05-25T15:41:50.167179Z","voltage":-0.58}
{"accX":4.88,"accY":10.74,"accZ":1007.81,"magX":-33.15,"magY":-49.35,"magZ":-78.9,"rotX":10.68,"rotY":0.31,"rotZ":-3.36,"timestamp":"2021-05-25T15:41:50.167285Z","voltage":-0.58}
{"accX":5.86,"accY":0.98,"accZ":1011.23,"magX":-31.95,"magY":-48.15,"magZ":-79.65,"rotX":5.21,"rotY":-3.52,"rotZ":16.24,"timestamp":"2021-05-25T15:41:50.167366Z","voltage":-0.58}
{"accX":7.32,"accY":6.84,"accZ":997.07,"magX":-33.9,"magY":-48.6,"magZ":-78.45,"rotX":4.26,"rotY":-6.01,"rotZ":15.7,"timestamp":"2021-05-25T15:41:50.167449Z","voltage":-0.58}
{"accX":9.77,"accY":0.98,"accZ":1002.44,"magX":-32.55,"magY":-48.75,"magZ":-81.3,"rotX":5.3,"rotY":-6.09,"rotZ":17.57,"timestamp":"2021-05-25T15:41:50.167534Z","voltage":-0.58}
{"accX":-7.81,"accY":-5.86,"accZ":1006.35,"magX":-33.0,"magY":-48.0,"magZ":-79.5,"rotX":2.92,"rotY":-5.89,"rotZ":15.86,"timestamp":"2021-05-25T15:41:50.167632Z","voltage":-0.58}
{"accX":3.42,"accY":1.46,"accZ":1015.62,"magX":-34.35,"magY":-49.35,"magZ":-78.45,"rotX":9.54,"rotY":-1.27,"rotZ":-0.31,"timestamp":"2021-05-25T15:41:50.167719Z","voltage":-0.58}
{"accX":-5.86,"accY":3.91,"accZ":1025.88,"magX":-33.6,"magY":-49.8,"magZ":-78.45,"rotX":9.91,"rotY":0.43,"rotZ":-3.82,"timestamp":"2021-05-25T15:41:50.167810Z","voltage":-0.58}
{"accX":0.49,"accY":-5.37,"accZ":1010.25,"magX":-33.15,"magY":-48.15,"magZ":-79.35,"rotX":-23.15,"rotY":-2.84,"rotZ":-10.67,"timestamp":"2021-05-25T15:41:50.167905Z","voltage":-0.58}
{"accX":1.46,"accY":3.91,"accZ":992.19,"magX":-34.2,"magY":-48.75,"magZ":-79.5,"rotX":9.12,"rotY":0.73,"rotZ":-2.76,"timestamp":"2021-05-25T15:41:50.167998Z","voltage":-0.58}
{"accX":1.95,"accY":9.77,"accZ":1011.72,"magX":-33.45,"magY":-48.75,"magZ":-79.5,"rotX":9.99,"rotY":-2.87,"rotZ":-1.18,"timestamp":"2021-05-25T15:41:50.168118Z","voltage":-0.58}
{"accX":2.44,"accY":-7.32,"accZ":1005.86,"magX":-34.2,"magY":-49.95,"magZ":-79.8,"rotX":5.89,"rotY":-6.95,"rotZ":17.48,"timestamp":"2021-05-25T15:41:50.168217Z","voltage":-0.58}
{"accX":-3.91,"accY":2.44,"accZ":1006.84,"magX":-32.55,"magY":-49.5,"magZ":-79.05,"rotX":6.37,"rotY":-7.5,"rotZ":18.38,"timestamp":"2021-05-25T15:41:50.168315Z","voltage":-0.58}
{"accX":1.46,"accY":3.42,"accZ":1005.37,"magX":-32.4,"magY":-48.15,"magZ":-79.65,"rotX":5.61,"rotY":-4.63,"rotZ":17.23,"timestamp":"2021-05-25T15:41:50.168414Z","voltage":-0.58}
{"accX":10.74,"accY":0.0,"accZ":1020.02,"magX":-32.85,"magY":-48.6,"magZ":-78.9,"rotX":9.78,"rotY":0.02,"rotZ":-2.6,"timestamp":"2021-05-25T15:41:50.168537Z","voltage":-0.58}
{"accX":6.84,"accY":17.09,"accZ":1011.23,"magX":-33.45,"magY":-48.75,"magZ":-79.8,"rotX":5.56,"rotY":-6.6,"rotZ":15.93,"timestamp":"2021-05-25T15:41:50.168652Z","voltage":-0.58}
{"accX":1.95,"accY":-1.46,"accZ":1003.91,"magX":-33.15,"magY":-49.8,"magZ":-78.15,"rotX":8.82,"rotY":1.3,"rotZ":-0.57,"timestamp":"2021-05-25T15:41:50.168761Z","voltage":-0.58}
{"accX":3.91,"accY":9.77,"accZ":1007.81,"magX":-33.75,"magY":-49.2,"magZ":-80.25,"rotX":-24.24,"rotY":-0.92,"rotZ":-8.14,"timestamp":"2021-05-25T15:41:50.168870Z","voltage":-0.58}
{"accX":4.88,"accY":6.84,"accZ":1004.88,"magX":-32.85,"magY":-48.15,"magZ":-78.9,"rotX":10.54,"rotY":-1.02,"rotZ":-3.34,"timestamp":"2021-05-25T15:41:50.168971Z","voltage":-0.58}
{"accX":9.28,"accY":3.42,"accZ":1001.46,"magX":-34.2,"magY":-49.2,"magZ":-79.5,"rotX":5.72,"rotY":-5.02,"rotZ":15.56,"timestamp":"2021-05-25T15:41:50.169083Z","voltage":-0.58}
{"accX":3.42,"accY":3.91,"accZ":1008.79,"magX":-32.85,"magY":-47.7,"magZ":-79.35,"rotX":5.83,"rotY":-4.45,"rotZ":17.31,"timestamp":"2021-05-25T15:41:50.169180Z","voltage":-0.58}
{"accX":7.81,"accY":0.49,"accZ":1001.95,"magX":-33.6,"magY":-48.15,"magZ":-80.1,"rotX":4.38,"rotY":-5.98,"rotZ":15.84,"timestamp":"2021-05-25T15:41:50.169274Z","voltage":-0.58}
{"accX":3.91,"accY":2.93,"accZ":1012.21,"magX":-32.85,"magY":-47.7,"magZ":-78.9,"rotX":9.27,"rotY":0.15,"rotZ":-1.35,"timestamp":"2021-05-25T15:41:50.169364Z","voltage":-0.58}
{"accX":8.3,"accY":5.86,"accZ":1014.16,"magX":-31.8,"magY":-49.2,"magZ":-78.0,"rotX":4.33,"rotY":-5.22,"rotZ":15.55,"timestamp":"2021-05-25T15:41:50.169469Z","voltage":-0.58}
{"accX":-10.74,"accY":13.67,"accZ":999.02,"magX":-33.45,"magY":-47.55,"magZ":-79.8,"rotX":10.24,"rotY":1.42,"rotZ":-0.53,"timestamp":"2021-05-25T15:41:50.169594Z","voltage":-0.58}
{"accX":16.11,"accY":6.35,"accZ":1018.55,"magX":-33.15,"magY":-47.7,"magZ":-79.35,"rotX":4.22,"rotY":-7.66,"rotZ":19.3,"timestamp":"2021-05-25T15:41:50.169689Z","voltage":-0.58}
{"accX":2.44,"accY":5.86,"accZ":1013.67,"magX":-32.25,"magY":-49.2,"magZ":-79.8,"rotX":-22.47,"rotY":0.18,"rotZ":-7.42,"timestamp":"2021-05-25T15:41:50.169773Z","voltage":-0.58}
{"accX":-6.35,"accY":-1.46,"accZ":999.02,"magX":-33.45,"magY":-49.2,"magZ":-79.05,"rotX":8.15,"rotY":-6.5,"rotZ":17.72,"timestamp":"2021-05-25T15:41:50.169851Z","voltage":-0.58}
{"accX":0.49,"accY":3.91,"accZ":995.12,"magX":-32.85,"magY":-48.9,"magZ":-78.15,"rotX":8.78,"rotY":4.12,"rotZ":-1.95,"timestamp":"2021-05-25T15:41:50.169944Z","voltage":-0.58}
{"accX":0.49,"accY":-1.95,"accZ":1011.23,"magX":-32.55,"magY":-47.55,"magZ":-78.3,"rotX":4.87,"rotY":-7.66,"rotZ":14.86,"timestamp":"2021-05-25T15:41:50.170034Z","voltage":-0.58}
{"accX":5.86,"accY":2.44,"accZ":1012.21,"magX":-33.6,"magY":-49.35,"magZ":-80.85,"rotX":5.32,"rotY":-6.27,"rotZ":17.05,"timestamp":"2021-05-25T15:41:50.170122Z","voltage":-0.58}
{"accX":3.91,"accY":-2.93,"accZ":1015.14,"magX":-31.95,"magY":-48.9,"magZ":-78.9,"rotX":11.0,"rotY":-0.51,"rotZ":-1.94,"timestamp":"2021-05-25T15:41:50.173247Z","voltage":-0.58}
{"accX":0.49,"accY":2.93,"accZ":1005.37,"magX":-33.0,"magY":-48.75,"magZ":-78.3,"rotX":9.57,"rotY":2.0,"rotZ":-2.14,"timestamp":"2021-05-25T15:41:50.173400Z","voltage":-0.58}
{"accX":-4.88,"accY":1.46,"accZ":1005.86,"magX":-32.85,"magY":-49.35,"magZ":-80.4,"rotX":8.51,"rotY":1.43,"rotZ":-2.51,"timestamp":"2021-05-25T15:41:50.173500Z","voltage":-0.58}
{"accX":-8.79,"accY":-0.98,"accZ":1003.42,"magX":-35.1,"magY":-50.55,"magZ":-80.4,"rotX":9.85,"rotY":1.66,"rotZ":0.21,"timestamp":"2021-05-25T15:41:50.173590Z","voltage":-0.58}
{"accX":2.44,"accY":-2.93,"accZ":1004.88,"magX":-33.0,"magY":-49.95,"magZ":-78.3,"rotX":4.53,"rotY":-5.85,"rotZ":16.81,"timestamp":"2021-05-25T15:41:50.173782Z","voltage":-0.58}
{"accX":-1.46,"accY":13.18,"accZ":1005.86,"magX":-33.45,"magY":-46.8,"magZ":-78.0,"rotX":3.95,"rotY":-8.87,"rotZ":18.44,"timestamp":"2021-05-25T15:41:50.173874Z","voltage":-0.58}
{"accX":10.25,"accY":5.86,"accZ":1005.86,"magX":-33.9,"magY":-49.8,"magZ":-78.9,"rotX":6.71,"rotY":-6.22,"rotZ":15.11,"timestamp":"2021-05-25T15:41:50.173966Z","voltage":-0.58}
{"accX":-1.46,"accY":-11.23,"accZ":1003.91,"magX":-33.9,"magY":-47.7,"magZ":-79.65,"rotX":7.43,"rotY":-6.67,"rotZ":16.23,"timestamp":"2021-05-25T15:41:50.174055Z","voltage":-0.58}
{"accX":8.3,"accY":19.53,"accZ":1013.18,"magX":-33.6,"magY":-47.7,"magZ":-79.35,"rotX":4.37,"rotY":-6.33,"rotZ":15.71,"timestamp":"2021-05-25T15:41:50.174144Z","voltage":-0.58}
{"accX":0.0,"accY":5.37,"accZ":1014.16,"magX":-33.45,"magY":-48.75,"magZ":-79.8,"rotX":4.32,"rotY":-7.66,"rotZ":16.99,"timestamp":"2021-05-25T15:41:50.174229Z","voltage":-0.58}
{"accX":1.46,"accY":2.93,"accZ":995.12,"magX":-32.25,"magY":-48.75,"magZ":-78.75,"rotX":6.03,"rotY":-5.19,"rotZ":16.38,"timestamp":"2021-05-25T15:41:50.174321Z","voltage":-0.58}
{"accX":-8.79,"accY":4.39,"accZ":1001.46,"magX":-32.55,"magY":-48.75,"magZ":-77.55,"rotX":4.48,"rotY":-5.57,"rotZ":16.68,"timestamp":"2021-05-25T15:41:50.174418Z","voltage":-0.58}
{"accX":-3.42,"accY":2.93,"accZ":1002.93,"magX":-33.15,"magY":-48.9,"magZ":-79.35,"rotX":5.69,"rotY":-5.87,"rotZ":17.05,"timestamp":"2021-05-25T15:41:50.174511Z","voltage":-0.58}
{"accX":5.37,"accY":-9.28,"accZ":999.51,"magX":-32.55,"magY":-48.75,"magZ":-78.3,"rotX":9.91,"rotY":0.21,"rotZ":-2.28,"timestamp":"2021-05-25T15:41:50.175964Z","voltage":-0.58}
{"accX":-2.93,"accY":10.25,"accZ":1001.46,"magX":-32.4,"magY":-50.1,"magZ":-78.45,"rotX":4.99,"rotY":-7.25,"rotZ":18.26,"timestamp":"2021-05-25T15:41:50.176073Z","voltage":-0.58}
{"accX":-5.37,"accY":7.32,"accZ":1012.21,"magX":-33.15,"magY":-49.35,"magZ":-78.9,"rotX":5.96,"rotY":-4.96,"rotZ":17.75,"timestamp":"2021-05-25T15:41:50.176167Z","voltage":-0.58}
{"accX":18.55,"accY":9.77,"accZ":1002.44,"magX":-33.6,"magY":-48.6,"magZ":-78.15,"rotX":4.8,"rotY":-6.34,"rotZ":16.93,"timestamp":"2021-05-25T15:41:50.176255Z","voltage":-0.58}
{"accX":-12.21,"accY":2.93,"accZ":998.05,"magX":-33.9,"magY":-49.35,"magZ":-80.85,"rotX":6.84,"rotY":-8.35,"rotZ":16.27,"timestamp":"2021-05-25T15:41:50.176335Z","voltage":-0.58}
{"accX":-14.16,"accY":9.28,"accZ":1003.42,"magX":-33.45,"magY":-48.3,"magZ":-79.05,"rotX":4.75,"rotY":-6.15,"rotZ":16.89,"timestamp":"2021-05-25T15:41:50.176491Z","voltage":-0.58}
{"accX":9.28,"accY":6.84,"accZ":1006.84,"magX":-32.4,"magY":-49.35,"magZ":-80.1,"rotX":5.91,"rotY":-7.94,"rotZ":16.39,"timestamp":"2021-05-25T15:41:50.176583Z","voltage":-0.58}
{"accX":-5.37,"accY":0.49,"accZ":1006.84,"magX":-32.55,"magY":-48.0,"magZ":-79.5,"rotX":8.89,"rotY":2.68,"rotZ":-2.3,"timestamp":"2021-05-25T15:41:50.176683Z","voltage":-0.58}
{"accX":6.84,"accY":5.37,"accZ":998.54,"magX":-32.55,"magY":-48.3,"magZ":-77.55,"rotX":-21.79,"rotY":-2.18,"rotZ":-8.06,"timestamp":"2021-05-25T15:41:50.176778Z","voltage":-0.58}
{"accX":11.72,"accY":-8.3,"accZ":1002.44,"magX":-31.95,"magY":-50.55,"magZ":-79.35,"rotX":6.78,"rotY":-6.59,"rotZ":14.27,"timestamp":"2021-05-25T15:41:50.176876Z","voltage":-0.58}
{"accX":-4.88,"accY":3.91,"accZ":999.02,"magX":-32.25,"magY":-47.55,"magZ":-78.0,"rotX":5.53,"rotY":-4.28,"rotZ":15.51,"timestamp":"2021-05-25T15:41:50.176956Z","voltage":-0.58}
{"accX":-1.46,"accY":0.0,"accZ":1000.49,"magX":-31.8,"magY":-48.75,"magZ":-79.8,"rotX":3.34,"rotY":-6.48,"rotZ":16.73,"timestamp":"2021-05-25T15:41:50.177049Z","voltage":-0.58}
{"accX":15.14,"accY":3.42,"accZ":1015.62,"magX":-33.9,"magY":-49.8,"magZ":-78.9,"rotX":2.97,"rotY":-5.73,"rotZ":16.38,"timestamp":"2021-05-25T15:41:50.177149Z","voltage":-0.58}
{"accX":0.98,"accY":6.35,"accZ":1008.79,"magX":-33.6,"magY":-48.9,"magZ":-78.9,"rotX":9.82,"rotY":1.4,"rotZ":-3.29,"timestamp":"2021-05-25T15:41:50.177252Z","voltage":-0.58}
{"accX":-1.95,"accY":5.86,"accZ":1008.79,"magX":-33.9,"magY":-47.4,"magZ":-79.65,"rotX":3.88,"rotY":-7.69,"rotZ":17.79,"timestamp":"2021-05-25T15:41:50.177345Z","voltage":-0.58}
{"accX":1.95,"accY":9.77,"accZ":1006.35,"magX":-32.55,"magY":-49.95,"magZ":-78.3,"rotX":9.66,"rotY":1.2,"rotZ":-2.89,"timestamp":"2021-05-25T15:41:50.177442Z","voltage":-0.58}
{"accX":9.28,"accY":7.32,"accZ":997.56,"magX":-33.6,"magY":-48.6,"magZ":-80.1,"rotX":5.81,"rotY":-4.39,"rotZ":18.38,"timestamp":"2021-05-25T15:41:50.177539Z","voltage":-0.58}
{"accX":-0.49,"accY":12.21,"accZ":1004.39,"magX":-32.85,"magY":-49.8,"magZ":-79.65,"rotX":11.15,"rotY":0.24,"rotZ":0.78,"timestamp":"2021-05-25T15:41:50.177629Z","voltage":-0.58}
{"accX":2.93,"accY":4.39,"accZ":1014.16,"magX":-32.85,"magY":-49.35,"magZ":-78.9,"rotX":3.6,"rotY":-5.79,"rotZ":15.78,"timestamp":"2021-05-25T15:41:50.177733Z","voltage":-0.58}
{"accX":9.77,"accY":-5.86,"accZ":1000.0,"magX":-33.0,"magY":-49.5,"magZ":-80.25,"rotX":3.34,"rotY":-5.45,"rotZ":17.32,"timestamp":"2021-05-25T15:41:50.177837Z","voltage":-0.58}
{"accX":11.72,"accY":-15.63,"accZ":1011.72,"magX":-33.9,"magY":-48.9,"magZ":-78.9,"rotX":4.56,"rotY":-9.3,"rotZ":16.67,"timestamp":"2021-05-25T15:41:50.177924Z","voltage":-0.58}
{"accX":-4.39,"accY":8.3,"accZ":1012.21,"magX":-33.0,"magY":-49.5,"magZ":-79.05,"rotX":6.59,"rotY":-5.33,"rotZ":14.63,"timestamp":"2021-05-25T15:41:50.178025Z","voltage":-0.58}
{"accX":0.49,"accY":0.98,"accZ":1011.23,"magX":-31.95,"magY":-48.6,"magZ":-78.9,"rotX":9.35,"rotY":0.05,"rotZ":-0.62,"timestamp":"2021-05-25T15:41:50.178119Z","voltage":-0.58}
{"accX":-2.44,"accY":6.35,"accZ":998.05,"magX":-32.55,"magY":-49.2,"magZ":-78.3,"rotX":5.89,"rotY":-6.12,"rotZ":17.64,"timestamp":"2021-05-25T15:41:50.178217Z","voltage":-0.58}
{"accX":0.0,"accY":-4.39,"accZ":1023.44,"magX":-33.75,"magY":-48.3,"magZ":-79.8,"rotX":11.27,"rotY":1.13,"rotZ":-0.58,"timestamp":"2021-05-25T15:41:50.178303Z","voltage":-0.58}
{"accX":2.44,"accY":0.49,"accZ":1012.7,"magX":-33.75,"magY":-49.5,"magZ":-79.05,"rotX":9.3,"rotY":0.08,"rotZ":-2.67,"timestamp":"2021-05-25T15:41:50.178405Z","voltage":-0.58}
{"accX":1.46,"accY":15.63,"accZ":1001.46,"magX":-32.85,"magY":-49.8,"magZ":-79.65,"rotX":9.99,"rotY":0.52,"rotZ":-1.4,"timestamp":"2021-05-25T15:41:50.178500Z","voltage":-0.58}
{"accX":9.77,"accY":7.81,"accZ":1008.3,"magX":-32.4,"magY":-48.15,"magZ":-78.45,"rotX":6.04,"rotY":-5.91,"rotZ":18.09,"timestamp":"2021-05-25T15:41:50.178594Z","voltage":-0.58}
{"accX":6.84,"accY":6.84,"accZ":1001.95,"magX":-33.6,"magY":-49.35,"magZ":-79.35,"rotX":10.53,"rotY":2.35,"rotZ":-2.2,"timestamp":"2021-05-25T15:41:50.178699Z","voltage":-0.58}
{"accX":10.25,"accY":15.63,"accZ":1005.37,"magX":-33.15,"magY":-48.15,"magZ":-78.9,"rotX":-21.43,"rotY":-0.89,"rotZ":-9.51,"timestamp":"2021-05-25T15:41:50.178800Z","voltage":-0.58}
{"accX":7.32,"accY":10.25,"accZ":1007.32,"magX":-33.75,"magY":-49.2,"magZ":-79.05,"rotX":-20.22,"rotY":-2.84,"rotZ":-6.14,"timestamp":"2021-05-25T15:41:50.178888Z","voltage":-0.58}
{"accX":8.79,"accY":-0.98,"accZ":977.05,"magX":-32.25,"magY":-48.3,"magZ":-79.5,"rotX":5.05,"rotY":-7.31,"rotZ":15.69,"timestamp":"2021-05-25T15:41:50.178996Z","voltage":-0.58}
{"accX":-10.25,"accY":-6.35,"accZ":1001.95,"magX":-32.85,"magY":-48.15,"magZ":-78.45,"rotX":6.4,"rotY":-7.92,"rotZ":18.11,"timestamp":"2021-05-25T15:41:50.179091Z","voltage":-0.58}
{"accX":10.74,"accY":-4.88,"accZ":997.07,"magX":-33.15,"magY":-48.6,"magZ":-78.9,"rotX":4.11,"rotY":-6.4,"rotZ":18.69,"timestamp":"2021-05-25T15:41:50.179200Z","voltage":-0.58}
{"accX":-4.39,"accY":-5.37,"accZ":993.65,"magX":-31.65,"magY":-50.55,"magZ":-79.65,"rotX":8.98,"rotY":2.06,"rotZ":-2.96,"timestamp":"2021-05-25T15:41:50.179302Z","voltage":-0.58}
{"accX":2.44,"accY":6.84,"accZ":1009.28,"magX":-33.75,"magY":-50.4,"magZ":-79.5,"rotX":10.02,"rotY":1.27,"rotZ":-3.68,"timestamp":"2021-05-25T15:41:50.179395Z","voltage":-0.58}
{"accX":2.44,"accY":-2.93,"accZ":1002.44,"magX":-33.75,"magY":-49.2,"magZ":-78.3,"rotX":3.07,"rotY":-7.71,"rotZ":18.68,"timestamp":"2021-05-25T15:41:50.179485Z","voltage":-0.58}
{"accX":5.37,"accY":-1.95,"accZ":1014.16,"magX":-32.4,"magY":-49.8,"magZ":-77.7,"rotX":4.98,"rotY":-4.77,"rotZ":15.69,"timestamp":"2021-05-25T15:41:50.179578Z","voltage":-0.58}
{"accX":8.3,"accY":-4.39,"accZ":1013.67,"magX":-33.6,"magY":-49.35,"magZ":-78.9,"rotX":4.98,"rotY":-5.59,"rotZ":16.05,"timestamp":"2021-05-25T15:41:50.179676Z","voltage":-0.58}
{"accX":5.86,"accY":6.35,"accZ":1017.58,"magX":-33.0,"magY":-49.95,"magZ":-80.55,"rotX":10.69,"rotY":-0.42,"rotZ":-4.43,"timestamp":"2021-05-25T15:41:50.179774Z","voltage":-0.58}
{"accX":6.84,"accY":-5.86,"accZ":1000.98,"magX":-32.55,"magY":-48.75,"magZ":-79.5,"rotX":6.11,"rotY":-6.36,"rotZ":16.25,"timestamp":"2021-05-25T15:41:50.179866Z","voltage":-0.58}
{"accX":0.0,"accY":12.21,"accZ":1015.62,"magX":-32.85,"magY":-49.35,"magZ":-79.35,"rotX":8.71,"rotY":1.66,"rotZ":-3.49,"timestamp":"2021-05-25T15:41:50.179983Z","voltage":-0.58}
{"accX":2.44,"accY":-2.44,"accZ":1018.55,"magX":-33.0,"magY":-48.3,"magZ":-78.3,"rotX":-21.89,"rotY":-0.04,"rotZ":-9.82,"timestamp":"2021-05-25T15:41:50.180096Z","voltage":-0.58}
{"accX":-4.39,"accY":10.74,"accZ":1007.32,"magX":-32.25,"magY":-48.75,"magZ":-79.5,"rotX":10.21,"rotY":1.47,"rotZ":-1.15,"timestamp":"2021-05-25T15:41:50.180182Z","voltage":-0.58}
{"accX":5.37,"accY":2.44,"accZ":1016.6,"magX":-33.9,"magY":-50.1,"magZ":-80.1,"rotX":9.38,"rotY":0.15,"rotZ":-1.5,"timestamp":"2021-05-25T15:41:50.180281Z","voltage":-0.58}
{"accX":-6.35,"accY":-1.95,"accZ":1015.62,"magX":-31.95,"magY":-50.55,"magZ":-80.1,"rotX":7.88,"rotY":-7.76,"rotZ":18.37,"timestamp":"2021-05-25T15:41:50.180732Z","voltage":-0.58}
{"accX":6.84,"accY":-2.44,"accZ":1006.35,"magX":-34.8,"magY":-48.6,"magZ":-79.65,"rotX":4.92,"rotY":-6.05,"rotZ":17.27,"timestamp":"2021-05-25T15:41:50.180861Z","voltage":-0.58}
{"accX":8.3,"accY":6.84,"accZ":1003.42,"magX":-32.85,"magY":-48.6,"magZ":-78.45,"rotX":8.6,"rotY":0.55,"rotZ":-0.53,"timestamp":"2021-05-25T15:41:50.181104Z","voltage":-0.58}
{"accX":-4.88,"accY":-1.95,"accZ":1007.81,"magX":-34.35,"magY":-49.35,"magZ":-79.35,"rotX":4.87,"rotY":-6.24,"rotZ":15.93,"timestamp":"2021-05-25T15:41:50.181199Z","voltage":-0.58}
{"accX":5.37,"accY":7.81,"accZ":1005.37,"magX":-32.25,"magY":-47.55,"magZ":-78.0,"rotX":6.72,"rotY":-0.69,"rotZ":-2.94,"timestamp":"2021-05-25T15:41:50.181287Z","voltage":-0.58}
{"accX":0.98,"accY":5.37,"accZ":1006.35,"magX":-33.75,"magY":-48.0,"magZ":-79.05,"rotX":2.61,"rotY":-4.43,"rotZ":17.51,"timestamp":"2021-05-25T15:41:50.181381Z","voltage":-0.58}
{"accX":-12.21,"accY":3.91,"accZ":1004.88,"magX":-33.75,"magY":-49.5,"magZ":-79.8,"rotX":9.53,"rotY":2.93,"rotZ":-1.69,"timestamp":"2021-05-25T15:41:50.181487Z","voltage":-0.58}
{"accX":3.91,"accY":5.37,"accZ":1008.79,"magX":-33.45,"magY":-49.5,"magZ":-81.0,"rotX":10.82,"rotY":0.71,"rotZ":-1.12,"timestamp":"2021-05-25T15:41:50.181584Z","voltage":-0.58}
{"accX":4.39,"accY":9.28,"accZ":999.51,"magX":-33.45,"magY":-48.3,"magZ":-80.55,"rotX":7.15,"rotY":0.71,"rotZ":-1.62,"timestamp":"2021-05-25T15:41:50.181857Z","voltage":-0.58}
{"accX":6.84,"accY":-2.44,"accZ":1009.77,"magX":-31.95,"magY":-48.9,"magZ":-78.9,"rotX":4.24,"rotY":-6.08,"rotZ":16.17,"timestamp":"2021-05-25T15:41:50.181956Z","voltage":-0.58}
{"accX":1.95,"accY":7.81,"accZ":1020.02,"magX":-33.45,"magY":-48.3,"magZ":-80.25,"rotX":5.41,"rotY":-5.37,"rotZ":16.37,"timestamp":"2021-05-25T15:41:50.182130Z","voltage":-0.58}
{"accX":12.7,"accY":4.88,"accZ":1026.37,"magX":-33.75,"magY":-49.5,"magZ":-79.8,"rotX":2.63,"rotY":-8.63,"rotZ":15.44,"timestamp":"2021-05-25T15:41:50.182226Z","voltage":-0.58}
{"accX":-8.3,"accY":5.86,"accZ":1000.98,"magX":-32.4,"magY":-49.35,"magZ":-79.35,"rotX":-21.33,"rotY":-3.29,"rotZ":-7.4,"timestamp":"2021-05-25T15:41:50.182330Z","voltage":-0.58}
{"accX":-1.46,"accY":4.39,"accZ":998.05,"magX":-32.25,"magY":-49.5,"magZ":-80.55,"rotX":8.05,"rotY":-8.31,"rotZ":14.89,"timestamp":"2021-05-25T15:41:50.182427Z","voltage":-0.58}
{"accX":9.28,"accY":12.21,"accZ":1015.14,"magX":-32.4,"magY":-49.35,"magZ":-77.4,"rotX":5.17,"rotY":-6.38,"rotZ":15.66,"timestamp":"2021-05-25T15:41:50.182521Z","voltage":-0.58}
{"accX":3.42,"accY":-4.88,"accZ":1001.46,"magX":-34.2,"magY":-50.4,"magZ":-79.05,"rotX":5.27,"rotY":-5.98,"rotZ":14.79,"timestamp":"2021-05-25T15:41:50.182618Z","voltage":-0.58}
{"accX":10.74,"accY":7.32,"accZ":993.65,"magX":-33.0,"magY":-48.75,"magZ":-79.8,"rotX":6.49,"rotY":-5.83,"rotZ":16.85,"timestamp":"2021-05-25T15:41:50.182714Z","voltage":-0.58}
{"accX":1.46,"accY":10.25,"accZ":1001.46,"magX":-32.4,"magY":-48.15,"magZ":-80.4,"rotX":4.88,"rotY":-8.21,"rotZ":15.69,"timestamp":"2021-05-25T15:41:50.182814Z","voltage":-0.58}
{"accX":7.32,"accY":-8.3,"accZ":1009.28,"magX":-32.4,"magY":-49.8,"magZ":-79.35,"rotX":1.7,"rotY":-7.65,"rotZ":16.2,"timestamp":"2021-05-25T15:41:50.182915Z","voltage":-0.58}
{"accX":-3.42,"accY":-7.81,"accZ":1025.39,"magX":-33.6,"magY":-47.7,"magZ":-79.65,"rotX":6.03,"rotY":-6.99,"rotZ":16.66,"timestamp":"2021-05-25T15:41:50.183008Z","voltage":-0.58}
{"accX":13.18,"accY":-2.93,"accZ":1004.88,"magX":-33.0,"magY":-48.0,"magZ":-78.75,"rotX":9.93,"rotY":1.7,"rotZ":-1.34,"timestamp":"2021-05-25T15:41:50.183104Z","voltage":-0.58}
{"accX":6.84,"accY":-7.81,"accZ":1013.67,"magX":-32.55,"magY":-49.2,"magZ":-79.5,"rotX":7.98,"rotY":2.41,"rotZ":-2.99,"timestamp":"2021-05-25T15:41:50.183207Z","voltage":-0.58}
{"accX":-5.86,"accY":-2.93,"accZ":1004.88,"magX":-32.25,"magY":-49.2,"magZ":-79.05,"rotX":9.95,"rotY":1.15,"rotZ":0.42,"timestamp":"2021-05-25T15:41:50.183330Z","voltage":-0.58}
{"accX":18.55,"accY":5.37,"accZ":1013.18,"magX":-33.15,"magY":-50.1,"magZ":-77.7,"rotX":9.4,"rotY":0.08,"rotZ":-1.37,"timestamp":"2021-05-25T15:41:50.183424Z","voltage":-0.58}
{"accX":-0.98,"accY":0.0,"accZ":1003.91,"magX":-33.45,"magY":-48.75,"magZ":-79.5,"rotX":9.6,"rotY":0.73,"rotZ":-3.38,"timestamp":"2021-05-25T15:41:50.183518Z","voltage":-0.58}
{"accX":11.23,"accY":4.88,"accZ":1001.46,"magX":-33.45,"magY":-48.3,"magZ":-78.75,"rotX":6.18,"rotY":-8.09,"rotZ":16.36,"timestamp":"2021-05-25T15:41:50.183613Z","voltage":-0.58}
{"accX":-5.37,"accY":11.23,"accZ":1010.74,"magX":-33.9,"magY":-48.9,"magZ":-79.35,"rotX":8.92,"rotY":1.37,"rotZ":-0.67,"timestamp":"2021-05-25T15:41:50.183711Z","voltage":-0.58}
{"accX":4.88,"accY":-1.46,"accZ":1005.37,"magX":-33.75,"magY":-47.55,"magZ":-80.25,"rotX":5.95,"rotY":-4.53,"rotZ":18.35,"timestamp":"2021-05-25T15:41:50.183801Z","voltage":-0.58}
{"accX":8.3,"accY":3.91,"accZ":1008.3,"magX":-32.85,"magY":-49.8,"magZ":-78.45,"rotX":9.57,"rotY":0.62,"rotZ":-2.62,"timestamp":"2021-05-25T15:41:50.183893Z","voltage":-0.58}
{"accX":4.88,"accY":-1.46,"accZ":1009.77,"magX":-33.6,"magY":-49.8,"magZ":-79.35,"rotX":4.68,"rotY":-4.62,"rotZ":17.22,"timestamp":"2021-05-25T15:41:50.183983Z","voltage":-0.58}
{"accX":-0.49,"accY":-2.44,"accZ":1012.21,"magX":-32.85,"magY":-47.7,"magZ":-78.15,"rotX":5.61,"rotY":-8.12,"rotZ":16.22,"timestamp":"2021-05-25T15:41:50.184070Z","voltage":-0.58}
{"accX":6.84,"accY":2.93,"accZ":1010.25,"magX":-33.9,"magY":-49.8,"magZ":-79.65,"rotX":10.66,"rotY":2.56,"rotZ":-3.26,"timestamp":"2021-05-25T15:41:50.184166Z","voltage":-0.58}
{"accX":3.91,"accY":9.28,"accZ":999.51,"magX":-32.85,"magY":-48.15,"magZ":-78.15,"rotX":-23.13,"rotY":-0.86,"rotZ":-7.63,"timestamp":"2021-05-25T15:41:50.184266Z","voltage":-0.58}
{"accX":5.86,"accY":4.39,"accZ":1009.77,"magX":-34.8,"magY":-46.95,"magZ":-80.4,"rotX":9.11,"rotY":0.04,"rotZ":0.19,"timestamp":"2021-05-25T15:41:50.184351Z","voltage":-0.58}
{"accX":-4.88,"accY":11.72,"accZ":1014.16,"magX":-33.45,"magY":-47.55,"magZ":-78.75,"rotX":4.52,"rotY":-6.99,"rotZ":15.15,"timestamp":"2021-05-25T15:41:50.184437Z","voltage":-0.58}
{"accX":0.98,"accY":8.3,"accZ":1009.77,"magX":-33.15,"magY":-48.6,"magZ":-78.9,"rotX":9.38,"rotY":-1.3,"rotZ":-1.08,"timestamp":"2021-05-25T15:41:50.184531Z","voltage":-0.58}
{"accX":12.21,"accY":8.3,"accZ":1001.46,"magX":-32.25,"magY":-48.75,"magZ":-78.3,"rotX":4.02,"rotY":-3.48,"rotZ":15.21,"timestamp":"2021-05-25T15:41:50.184617Z","voltage":-0.58}
{"accX":2.44,"accY":-3.91,"accZ":1000.98,"magX":-33.9,"magY":-49.35,"magZ":-78.15,"rotX":6.69,"rotY":-6.77,"rotZ":16.61,"timestamp":"2021-05-25T15:41:50.184706Z","voltage":-0.58}
{"accX":-1.95,"accY":13.67,"accZ":1010.74,"magX":-33.6,"magY":-49.35,"magZ":-79.65,"rotX":4.24,"rotY":-5.83,"rotZ":14.53,"timestamp":"2021-05-25T15:41:50.184791Z","voltage":-0.58}
{"accX":-9.28,"accY":-3.91,"accZ":992.19,"magX":-32.4,"magY":-48.6,"magZ":-78.45,"rotX":6.56,"rotY":-4.11,"rotZ":16.11,"timestamp":"2021-05-25T15:41:50.184876Z","voltage":-0.58}
{"accX":1.46,"accY":5.37,"accZ":1010.25,"magX":-33.6,"magY":-49.8,"magZ":-79.65,"rotX":3.89,"rotY":-7.71,"rotZ":17.02,"timestamp":"2021-05-25T15:41:50.184984Z","voltage":-0.58}
{"accX":8.79,"accY":-6.84,"accZ":1004.39,"magX":-33.15,"magY":-48.15,"magZ":-77.7,"rotX":8.62,"rotY":-4.5,"rotZ":16.76,"timestamp":"2021-05-25T15:41:50.185079Z","voltage":-0.58}
{"accX":-3.91,"accY":-2.44,"accZ":1011.23,"magX":-32.85,"magY":-48.6,"magZ":-78.15,"rotX":2.65,"rotY":-6.51,"rotZ":15.27,"timestamp":"2021-05-25T15:41:50.185218Z","voltage":-0.58}
{"accX":2.93,"accY":4.88,"accZ":1011.23,"magX":-32.4,"magY":-49.35,"magZ":-79.35,"rotX":5.97,"rotY":-5.07,"rotZ":17.27,"timestamp":"2021-05-25T15:41:50.185465Z","voltage":-0.58}
{"accX":-3.42,"accY":-3.91,"accZ":993.16,"magX":-32.25,"magY":-48.75,"magZ":-77.55,"rotX":6.5,"rotY":-7.21,"rotZ":17.19,"timestamp":"2021-05-25T15:41:50.185573Z","voltage":-0.58}
{"accX":4.88,"accY":5.86,"accZ":1010.74,"magX":-32.85,"magY":-48.9,"magZ":-80.1,"rotX":2.08,"rotY":-6.69,"rotZ":15.15,"timestamp":"2021-05-25T15:41:50.185673Z","voltage":-0.58}
{"accX":11.23,"accY":5.86,"accZ":999.02,"magX":-33.0,"magY":-47.55,"magZ":-78.75,"rotX":5.15,"rotY":-6.88,"rotZ":16.39,"timestamp":"2021-05-25T15:41:50.185809Z","voltage":-0.58}
{"accX":1.95,"accY":-1.95,"accZ":998.54,"magX":-32.85,"magY":-48.15,"magZ":-78.45,"rotX":9.17,"rotY":-1.75,"rotZ":-1.32,"timestamp":"2021-05-25T15:41:50.185946Z","voltage":-0.58}
{"accX":4.88,"accY":4.88,"accZ":1020.02,"magX":-33.45,"magY":-49.95,"magZ":-79.05,"rotX":3.8,"rotY":-7.11,"rotZ":16.34,"timestamp":"2021-05-25T15:41:50.186030Z","voltage":-0.58}
{"accX":-0.49,"accY":-0.49,"accZ":1006.84,"magX":-31.8,"magY":-48.3,"magZ":-78.75,"rotX":9.09,"rotY":3.29,"rotZ":-2.05,"timestamp":"2021-05-25T15:41:50.186113Z","voltage":-0.58}
{"accX":-8.79,"accY":0.98,"accZ":1012.21,"magX":-32.85,"magY":-49.35,"magZ":-78.9,"rotX":9.29,"rotY":0.67,"rotZ":-2.02,"timestamp":"2021-05-25T15:41:50.186200Z","voltage":-0.58}
{"accX":1.46,"accY":-2.44,"accZ":1007.32,"magX":-33.15,"magY":-49.35,"magZ":-78.45,"rotX":4.01,"rotY":-6.89,"rotZ":17.21,"timestamp":"2021-05-25T15:41:50.186278Z","voltage":-0.58}
{"accX":2.93,"accY":3.91,"accZ":1000.0,"magX":-33.0,"magY":-49.2,"magZ":-78.75,"rotX":5.31,"rotY":-5.24,"rotZ":15.31,"timestamp":"2021-05-25T15:41:50.186361Z","voltage":-0.58}
{"accX":-2.44,"accY":5.86,"accZ":1011.72,"magX":-33.45,"magY":-48.3,"magZ":-78.3,"rotX":11.44,"rotY":1.1,"rotZ":-1.91,"timestamp":"2021-05-25T15:41:50.186446Z","voltage":-0.58}
{"accX":3.91,"accY":14.16,"accZ":1005.86,"magX":-33.15,"magY":-48.9,"magZ":-77.7,"rotX":4.41,"rotY":-8.53,"rotZ":16.97,"timestamp":"2021-05-25T15:41:50.186542Z","voltage":-0.58}
{"accX":-17.09,"accY":3.91,"accZ":1010.25,"magX":-33.45,"magY":-48.75,"magZ":-80.55,"rotX":9.4,"rotY":-3.47,"rotZ":-2.34,"timestamp":"2021-05-25T15:41:50.186641Z","voltage":-0.58}
{"accX":-3.42,"accY":6.35,"accZ":1013.67,"magX":-33.45,"magY":-49.95,"magZ":-79.8,"rotX":3.92,"rotY":-5.51,"rotZ":14.64,"timestamp":"2021-05-25T15:41:50.186743Z","voltage":-0.58}
{"accX":8.3,"accY":3.42,"accZ":1014.65,"magX":-33.0,"magY":-48.3,"magZ":-78.3,"rotX":4.13,"rotY":-5.6,"rotZ":15.63,"timestamp":"2021-05-25T15:41:50.186833Z","voltage":-0.58}
{"accX":1.95,"accY":-4.88,"accZ":999.51,"magX":-34.35,"magY":-48.15,"magZ":-79.35,"rotX":8.64,"rotY":-0.89,"rotZ":-2.79,"timestamp":"2021-05-25T15:41:50.186926Z","voltage":-0.58}
{"accX":2.44,"accY":7.81,"accZ":996.58,"magX":-34.2,"magY":-49.2,"magZ":-79.05,"rotX":8.43,"rotY":-0.5,"rotZ":-4.14,"timestamp":"2021-05-25T15:41:50.187016Z","voltage":-0.58}
{"accX":-4.39,"accY":8.79,"accZ":1000.0,"magX":-33.0,"magY":-49.2,"magZ":-79.8,"rotX":11.92,"rotY":3.15,"rotZ":-1.32,"timestamp":"2021-05-25T15:41:50.187105Z","voltage":-0.58}
{"accX":0.49,"accY":3.91,"accZ":998.54,"magX":-33.15,"magY":-49.8,"magZ":-80.1,"rotX":9.86,"rotY":0.91,"rotZ":-1.48,"timestamp":"2021-05-25T15:41:50.187200Z","voltage":-0.58}
{"accX":15.14,"accY":4.39,"accZ":1020.51,"magX":-33.6,"magY":-49.35,"magZ":-79.65,"rotX":9.56,"rotY":1.22,"rotZ":-2.86,"timestamp":"2021-05-25T15:41:50.187287Z","voltage":-0.58}
{"accX":-5.86,"accY":8.79,"accZ":1004.88,"magX":-33.9,"magY":-49.35,"magZ":-78.9,"rotX":8.82,"rotY":2.73,"rotZ":-0.44,"timestamp":"2021-05-25T15:41:50.187390Z","voltage":-0.58}
{"accX":-6.35,"accY":-4.39,"accZ":996.58,"magX":-33.15,"magY":-50.1,"magZ":-78.9,"rotX":-21.17,"rotY":-2.0,"rotZ":-10.0,"timestamp":"2021-05-25T15:41:50.187479Z","voltage":-0.58}
{"accX":3.91,"accY":11.72,"accZ":1016.6,"magX":-33.45,"magY":-48.3,"magZ":-79.05,"rotX":6.1,"rotY":-7.84,"rotZ":16.71,"timestamp":"2021-05-25T15:41:50.187567Z","voltage":-0.58}
{"accX":-3.91,"accY":-1.95,"accZ":1016.11,"magX":-32.85,"magY":-50.55,"magZ":-79.65,"rotX":-23.23,"rotY":-2.3,"rotZ":-7.18,"timestamp":"2021-05-25T15:41:50.187658Z","voltage":-0.58}
{"accX":7.32,"accY":16.6,"accZ":1006.84,"magX":-34.35,"magY":-49.8,"magZ":-78.9,"rotX":2.4,"rotY":-6.87,"rotZ":15.27,"timestamp":"2021-05-25T15:41:50.187748Z","voltage":-0.58}
{"accX":3.91,"accY":0.49,"accZ":1007.32,"magX":-33.0,"magY":-49.5,"magZ":-79.05,"rotX":3.37,"rotY":-7.68,"rotZ":16.07,"timestamp":"2021-05-25T15:41:50.187834Z","voltage":-0.58}
{"accX":7.32,"accY":13.18,"accZ":1000.98,"magX":-33.75,"magY":-48.0,"magZ":-78.75,"rotX":10.55,"rotY":2.73,"rotZ":-1.92,"timestamp":"2021-05-25T15:41:50.187922Z","voltage":-0.58}
{"accX":4.88,"accY":9.28,"accZ":1007.81,"magX":-34.2,"magY":-48.3,"magZ":-80.25,"rotX":-21.66,"rotY":-1.05,"rotZ":-7.03,"timestamp":"2021-05-25T15:41:50.188018Z","voltage":-0.58}
{"accX":8.3,"accY":-7.32,"accZ":1005.37,"magX":-33.6,"magY":-48.6,"magZ":-79.65,"rotX":6.46,"rotY":-6.68,"rotZ":18.98,"timestamp":"2021-05-25T15:41:50.188102Z","voltage":-0.58}
{"accX":5.37,"accY":1.46,"accZ":989.75,"magX":-33.45,"magY":-48.75,"magZ":-78.75,"rotX":10.6,"rotY":1.08,"rotZ":-2.21,"timestamp":"2021-05-25T15:41:50.188194Z","voltage":-0.58}
{"accX":7.32,"accY":5.86,"accZ":1006.35,"magX":-33.9,"magY":-48.6,"magZ":-78.9,"rotX":9.16,"rotY":2.27,"rotZ":0.18,"timestamp":"2021-05-25T15:41:50.188280Z","voltage":-0.58}
{"accX":8.79,"accY":1.95,"accZ":1024.9,"magX":-34.35,"magY":-47.7,"magZ":-76.95,"rotX":9.36,"rotY":1.85,"rotZ":-2.02,"timestamp":"2021-05-25T15:41:50.188369Z","voltage":-0.58}
{"accX":-1.95,"accY":1.46,"accZ":1001.95,"magX":-31.65,"magY":-49.8,"magZ":-78.9,"rotX":3.92,"rotY":-6.09,"rotZ":15.4,"timestamp":"2021-05-25T15:41:50.188458Z","voltage":-0.58}
{"accX":-8.79,"accY":9.28,"accZ":990.72,"magX":-33.9,"magY":-49.35,"magZ":-78.15,"rotX":5.02,"rotY":-5.54,"rotZ":17.05,"timestamp":"2021-05-25T15:41:50.188562Z","voltage":-0.58}
{"accX":11.23,"accY":4.88,"accZ":1006.84,"magX":-33.6,"magY":-49.35,"magZ":-79.65,"rotX":3.92,"rotY":-5.93,"rotZ":16.17,"timestamp":"2021-05-25T15:41:50.188659Z","voltage":-0.58}
{"accX":1.95,"accY":6.35,"accZ":999.51,"magX":-35.7,"magY":-48.75,"magZ":-79.8,"rotX":4.88,"rotY":-6.27,"rotZ":15.87,"timestamp":"2021-05-25T15:41:50.188747Z","voltage":-0.58}
{"accX":15.14,"accY":0.0,"accZ":992.68,"magX":-32.25,"magY":-48.75,"magZ":-77.25,"rotX":3.74,"rotY":-5.32,"rotZ":16.5,"timestamp":"2021-05-25T15:41:50.188847Z","voltage":-0.58}
{"accX":9.28,"accY":7.32,"accZ":1001.95,"magX":-34.35,"magY":-49.8,"magZ":-80.1,"rotX":10.48,"rotY":0.42,"rotZ":-1.11,"timestamp":"2021-05-25T15:41:50.188935Z","voltage":-0.58}
{"accX":6.35,"accY":-3.91,"accZ":1011.72,"magX":-33.45,"magY":-48.75,"magZ":-80.25,"rotX":10.01,"rotY":3.31,"rotZ":-3.31,"timestamp":"2021-05-25T15:41:50.189024Z","voltage":-0.58}
{"accX":2.44,"accY":7.81,"accZ":1016.6,"magX":-32.85,"magY":-49.35,"magZ":-79.65,"rotX":9.51,"rotY":2.47,"rotZ":-2.48,"timestamp":"2021-05-25T15:41:50.189115Z","voltage":-0.58}
{"accX":4.88,"accY":9.77,"accZ":1006.84,"magX":-34.5,"magY":-49.5,"magZ":-79.8,"rotX":9.88,"rotY":3.02,"rotZ":-2.2,"timestamp":"2021-05-25T15:41:50.189220Z","voltage":-0.58}
{"accX":11.23,"accY":2.93,"accZ":1013.67,"magX":-34.8,"magY":-49.8,"magZ":-80.1,"rotX":10.47,"rotY":-0.16,"rotZ":-1.47,"timestamp":"2021-05-25T15:41:50.189316Z","voltage":-0.58}
{"accX":12.21,"accY":1.46,"accZ":1004.88,"magX":-34.35,"magY":-48.15,"magZ":-77.4,"rotX":9.33,"rotY":0.47,"rotZ":-4.84,"timestamp":"2021-05-25T15:41:50.189410Z","voltage":-0.58}
{"accX":9.77,"accY":8.79,"accZ":1002.93,"magX":-32.85,"magY":-48.9,"magZ":-78.45,"rotX":4.93,"rotY":-4.98,"rotZ":15.67,"timestamp":"2021-05-25T15:41:50.189505Z","voltage":-0.58}
{"accX":-2.44,"accY":-2.93,"accZ":996.58,"magX":-33.6,"magY":-48.6,"magZ":-79.35,"rotX":5.11,"rotY":-6.92,"rotZ":16.7,"timestamp":"2021-05-25T15:41:50.189595Z","voltage":-0.58}
{"accX":-14.16,"accY":-2.93,"accZ":999.02,"magX":-33.75,"magY":-48.3,"magZ":-78.0,"rotX":9.08,"rotY":-0.18,"rotZ":-1.24,"timestamp":"2021-05-25T15:41:50.189687Z","voltage":-0.58}
{"accX":12.21,"accY":0.98,"accZ":1002.93,"magX":-33.45,"magY":-49.2,"magZ":-79.5,"rotX":6.53,"rotY":-4.69,"rotZ":18.09,"timestamp":"2021-05-25T15:41:50.189781Z","voltage":-0.58}
{"accX":5.37,"accY":5.86,"accZ":1013.67,"magX":-34.35,"magY":-49.35,"magZ":-79.65,"rotX":5.94,"rotY":-3.46,"rotZ":17.43,"timestamp":"2021-05-25T15:41:50.189888Z","voltage":-0.58}
{"accX":-1.46,"accY":4.88,"accZ":999.02,"magX":-33.0,"magY":-48.75,"magZ":-79.5,"rotX":3.99,"rotY":-6.34,"rotZ":16.67,"timestamp":"2021-05-25T15:41:50.189981Z","voltage":-0.58}
{"accX":12.7,"accY":0.0,"accZ":1006.84,"magX":-35.1,"magY":-48.9,"magZ":-79.35,"rotX":4.07,"rotY":-7.63,"rotZ":15.63,"timestamp":"2021-05-25T15:41:50.190080Z","voltage":-0.58}
{"accX":7.81,"accY":-6.84,"accZ":1000.0,"magX":-33.45,"magY":-49.2,"magZ":-79.05,"rotX":3.92,"rotY":-5.53,"rotZ":16.93,"timestamp":"2021-05-25T15:41:50.190166Z","voltage":-0.58}
{"accX":1.46,"accY":-3.42,"accZ":1013.67,"magX":-33.45,"magY":-49.5,"magZ":-79.05,"rotX":5.89,"rotY":-5.4,"rotZ":17.39,"timestamp":"2021-05-25T15:41:50.190247Z","voltage":-0.58}
{"accX":-1.46,"accY":7.81,"accZ":1008.79,"magX":-33.15,"magY":-49.35,"magZ":-79.35,"rotX":5.79,"rotY":-6.28,"rotZ":14.54,"timestamp":"2021-05-25T15:41:50.190336Z","voltage":-0.58}
{"accX":1.95,"accY":9.77,"accZ":1014.65,"magX":-33.75,"magY":-48.75,"magZ":-79.5,"rotX":5.43,"rotY":-6.52,"rotZ":17.34,"timestamp":"2021-05-25T15:41:50.190423Z","voltage":-0.58}
{"accX":0.98,"accY":6.84,"accZ":1018.07,"magX":-33.75,"magY":-50.4,"magZ":-79.5,"rotX":6.05,"rotY":-8.56,"rotZ":16.47,"timestamp":"2021-05-25T15:41:50.190503Z","voltage":-0.58}
{"accX":3.91,"accY":12.7,"accZ":1008.79,"magX":-31.95,"magY":-47.7,"magZ":-80.1,"rotX":3.24,"rotY":-5.92,"rotZ":16.98,"timestamp":"2021-05-25T15:41:50.190585Z","voltage":-0.58}
{"accX":7.81,"accY":-9.28,"accZ":1006.84,"magX":-33.75,"magY":-48.3,"magZ":-79.8,"rotX":4.02,"rotY":-5.4,"rotZ":16.69,"timestamp":"2021-05-25T15:41:50.190675Z","voltage":-0.58}
{"accX":9.77,"accY":-0.98,"accZ":1004.39,"magX":-32.4,"magY":-47.7,"magZ":-79.35,"rotX":3.61,"rotY":-4.3,"rotZ":16.73,"timestamp":"2021-05-25T15:41:50.190766Z","voltage":-0.58}
{"accX":-3.91,"accY":7.32,"accZ":997.07,"magX":-33.45,"magY":-48.75,"magZ":-79.05,"rotX":9.2,"rotY":-1.89,"rotZ":-0.73,"timestamp":"2021-05-25T15:41:50.190855Z","voltage":-0.58}
{"accX":1.95,"accY":1.46,"accZ":1001.95,"magX":-33.75,"magY":-49.2,"magZ":-79.8,"rotX":9.23,"rotY":1.18,"rotZ":-2.39,"timestamp":"2021-05-25T15:41:50.190945Z","voltage":-0.58}
{"accX":-7.81,"accY":-6.84,"accZ":1006.35,"magX":-33.9,"magY":-51.0,"magZ":-79.35,"rotX":2.92,"rotY":-5.9,"rotZ":15.64,"timestamp":"2021-05-25T15:41:50.191037Z","voltage":-0.58}
{"accX":6.84,"accY":5.86,"accZ":1001.95,"magX":-33.45,"magY":-49.5,"magZ":-78.75,"rotX":5.18,"rotY":-6.22,"rotZ":17.46,"timestamp":"2021-05-25T15:41:50.191141Z","voltage":-0.58}
{"accX":10.74,"accY":0.49,"accZ":1005.37,"magX":-34.35,"magY":-49.8,"magZ":-80.1,"rotX":5.21,"rotY":-5.52,"rotZ":19.79,"timestamp":"2021-05-25T15:41:50.191235Z","voltage":-0.58}
{"accX":-0.98,"accY":-12.7,"accZ":1008.79,"magX":-33.15,"magY":-49.35,"magZ":-78.45,"rotX":8.96,"rotY":1.47,"rotZ":-1.82,"timestamp":"2021-05-25T15:41:50.191325Z","voltage":-0.58}
{"accX":8.79,"accY":-5.37,"accZ":1008.3,"magX":-34.8,"magY":-49.8,"magZ":-78.45,"rotX":10.07,"rotY":2.54,"rotZ":-2.78,"timestamp":"2021-05-25T15:41:50.191417Z","voltage":-0.58}
{"accX":0.98,"accY":5.86,"accZ":1000.49,"magX":-34.8,"magY":-49.35,"magZ":-78.9,"rotX":-22.86,"rotY":-0.27,"rotZ":-9.72,"timestamp":"2021-05-25T15:41:50.191511Z","voltage":-0.58}
{"accX":0.49,"accY":5.37,"accZ":1006.84,"magX":-33.75,"magY":-49.2,"magZ":-78.3,"rotX":-12.11,"rotY":8.76,"rotZ":-22.96,"timestamp":"2021-05-25T15:41:50.191604Z","voltage":-0.58}
{"accX":1.46,"accY":-9.77,"accZ":1011.23,"magX":-34.2,"magY":-48.3,"magZ":-77.55,"rotX":-21.75,"rotY":-1.76,"rotZ":-8.6,"timestamp":"2021-05-25T15:41:50.191698Z","voltage":-0.58}
{"accX":9.77,"accY":8.79,"accZ":1015.62,"magX":-35.1,"magY":-49.35,"magZ":-77.7,"rotX":4.32,"rotY":-7.01,"rotZ":17.56,"timestamp":"2021-05-25T15:41:50.191799Z","voltage":-0.58}
{"accX":0.98,"accY":3.42,"accZ":1003.91,"magX":-35.1,"magY":-48.9,"magZ":-79.35,"rotX":10.03,"rotY":0.95,"rotZ":-2.34,"timestamp":"2021-05-25T15:41:50.191930Z","voltage":-0.58}
{"accX":12.21,"accY":10.74,"accZ":1021.97,"magX":-33.15,"magY":-48.6,"magZ":-78.45,"rotX":4.32,"rotY":-4.91,"rotZ":16.11,"timestamp":"2021-05-25T15:41:50.192049Z","voltage":-0.58}
{"accX":0.0,"accY":-2.93,"accZ":1008.3,"magX":-33.75,"magY":-49.2,"magZ":-78.75,"rotX":4.54,"rotY":-5.03,"rotZ":16.27,"timestamp":"2021-05-25T15:41:50.192141Z","voltage":-0.58}
{"accX":2.44,"accY":4.88,"accZ":1002.93,"magX":-34.2,"magY":-50.4,"magZ":-78.0,"rotX":6.03,"rotY":-5.73,"rotZ":16.92,"timestamp":"2021-05-25T15:41:50.192227Z","voltage":-0.58}
{"accX":-3.91,"accY":0.98,"accZ":1002.44,"magX":-34.5,"magY":-48.3,"magZ":-79.05,"rotX":5.01,"rotY":-6.53,"rotZ":14.89,"timestamp":"2021-05-25T15:41:50.192315Z","voltage":-0.58}
{"accX":3.42,"accY":4.39,"accZ":1001.95,"magX":-33.0,"magY":-48.0,"magZ":-79.05,"rotX":4.29,"rotY":-5.49,"rotZ":16.73,"timestamp":"2021-05-25T15:41:50.192405Z","voltage":-0.58}
{"accX":9.28,"accY":6.84,"accZ":1004.39,"magX":-34.2,"magY":-49.2,"magZ":-80.25,"rotX":3.45,"rotY":-7.05,"rotZ":17.19,"timestamp":"2021-05-25T15:41:50.192499Z","voltage":-0.58}
{"accX":8.79,"accY":-3.91,"accZ":996.58,"magX":-34.8,"magY":-47.4,"magZ":-78.45,"rotX":10.64,"rotY":1.11,"rotZ":-1.86,"timestamp":"2021-05-25T15:41:50.192593Z","voltage":-0.58}
{"accX":1.95,"accY":4.39,"accZ":1002.93,"magX":-35.85,"magY":-49.35,"magZ":-78.9,"rotX":8.5,"rotY":1.66,"rotZ":-2.88,"timestamp":"2021-05-25T15:41:50.192676Z","voltage":-0.58}
{"accX":-3.42,"accY":-1.95,"accZ":995.12,"magX":-33.6,"magY":-49.35,"magZ":-78.9,"rotX":5.24,"rotY":-6.74,"rotZ":15.76,"timestamp":"2021-05-25T15:41:50.192759Z","voltage":-0.58}
{"accX":-11.72,"accY":5.37,"accZ":996.58,"magX":-33.6,"magY":-49.8,"magZ":-79.35,"rotX":9.73,"rotY":-0.46,"rotZ":-3.4,"timestamp":"2021-05-25T15:41:50.192847Z","voltage":-0.58}
{"accX":-10.25,"accY":-4.88,"accZ":1003.91,"magX":-32.85,"magY":-49.8,"magZ":-79.35,"rotX":5.97,"rotY":-4.76,"rotZ":16.8,"timestamp":"2021-05-25T15:41:50.192931Z","voltage":-0.58}
{"accX":-5.37,"accY":-3.91,"accZ":1000.0,"magX":-34.95,"magY":-49.95,"magZ":-78.3,"rotX":8.4,"rotY":1.23,"rotZ":-1.5,"timestamp":"2021-05-25T15:41:50.193016Z","voltage":-0.58}
{"accX":7.32,"accY":-9.28,"accZ":997.56,"magX":-33.6,"magY":-51.0,"magZ":-78.9,"rotX":6.12,"rotY":-5.34,"rotZ":17.77,"timestamp":"2021-05-25T15:41:50.193107Z","voltage":-0.58}
{"accX":2.93,"accY":-9.28,"accZ":998.05,"magX":-33.6,"magY":-48.6,"magZ":-77.7,"rotX":5.88,"rotY":-6.3,"rotZ":17.09,"timestamp":"2021-05-25T15:41:50.193191Z","voltage":-0.58}
{"accX":2.44,"accY":-2.93,"accZ":996.09,"magX":-34.8,"magY":-49.8,"magZ":-78.45,"rotX":9.76,"rotY":0.27,"rotZ":-0.53,"timestamp":"2021-05-25T15:41:50.193272Z","voltage":-0.58}
{"accX":6.35,"accY":3.91,"accZ":1005.86,"magX":-33.6,"magY":-49.35,"magZ":-78.15,"rotX":8.11,"rotY":1.65,"rotZ":-2.56,"timestamp":"2021-05-25T15:41:50.193353Z","voltage":-0.58}
{"accX":-6.35,"accY":10.25,"accZ":1007.32,"magX":-33.15,"magY":-49.35,"magZ":-78.45,"rotX":6.61,"rotY":-7.05,"rotZ":16.02,"timestamp":"2021-05-25T15:41:50.193432Z","voltage":-0.58}
{"accX":1.46,"accY":0.0,"accZ":1008.3,"magX":-33.6,"magY":-50.1,"magZ":-79.35,"rotX":11.01,"rotY":1.3,"rotZ":-4.59,"timestamp":"2021-05-25T15:41:50.193511Z","voltage":-0.58}
{"accX":-8.3,"accY":-5.86,"accZ":1012.21,"magX":-33.6,"magY":-48.9,"magZ":-78.15,"rotX":3.21,"rotY":-4.67,"rotZ":16.11,"timestamp":"2021-05-25T15:41:50.193590Z","voltage":-0.58}
{"accX":6.84,"accY":3.91,"accZ":1006.84,"magX":-35.85,"magY":-49.35,"magZ":-79.35,"rotX":-19.71,"rotY":-1.19,"rotZ":-6.37,"timestamp":"2021-05-25T15:41:50.193666Z","voltage":-0.58}
{"accX":-18.55,"accY":0.98,"accZ":1004.88,"magX":-34.35,"magY":-50.1,"magZ":-78.45,"rotX":5.99,"rotY":-6.21,"rotZ":16.4,"timestamp":"2021-05-25T15:41:50.193747Z","voltage":-0.58}
{"accX":-10.74,"accY":2.44,"accZ":999.51,"magX":-34.95,"magY":-49.2,"magZ":-78.75,"rotX":4.36,"rotY":-5.0,"rotZ":16.49,"timestamp":"2021-05-25T15:41:50.193826Z","voltage":-0.58}
{"accX":-2.93,"accY":-8.3,"accZ":997.56,"magX":-33.9,"magY":-49.35,"magZ":-78.45,"rotX":11.16,"rotY":1.28,"rotZ":-3.64,"timestamp":"2021-05-25T15:41:50.193905Z","voltage":-0.58}
{"accX":3.42,"accY":11.23,"accZ":1007.81,"magX":-34.5,"magY":-49.2,"magZ":-77.55,"rotX":-23.18,"rotY":-4.23,"rotZ":-9.22,"timestamp":"2021-05-25T15:41:50.193982Z","voltage":-0.58}
{"accX":-4.88,"accY":2.44,"accZ":1019.04,"magX":-33.6,"magY":-49.8,"magZ":-78.15,"rotX":4.73,"rotY":-5.4,"rotZ":14.18,"timestamp":"2021-05-25T15:41:50.194060Z","voltage":-0.58}
{"accX":-4.88,"accY":-4.88,"accZ":1004.39,"magX":-33.9,"magY":-49.8,"magZ":-78.15,"rotX":5.93,"rotY":-7.76,"rotZ":17.85,"timestamp":"2021-05-25T15:41:50.194141Z","voltage":-0.58}
{"accX":9.28,"accY":-4.88,"accZ":1014.16,"magX":-34.95,"magY":-49.95,"magZ":-79.05,"rotX":8.06,"rotY":2.21,"rotZ":0.5,"timestamp":"2021-05-25T15:41:50.194218Z","voltage":-0.58}
{"accX":5.37,"accY":-1.95,"accZ":993.16,"magX":-34.2,"magY":-48.3,"magZ":-79.05,"rotX":5.83,"rotY":-5.55,"rotZ":16.49,"timestamp":"2021-05-25T15:41:50.194294Z","voltage":-0.58}
{"accX":17.09,"accY":10.74,"accZ":1007.32,"magX":-35.25,"magY":-50.4,"magZ":-79.5,"rotX":11.91,"rotY":0.48,"rotZ":0.93,"timestamp":"2021-05-25T15:41:50.194372Z","voltage":-0.58}
{"accX":-1.95,"accY":-10.25,"accZ":1012.7,"magX":-33.15,"magY":-50.55,"magZ":-79.65,"rotX":9.42,"rotY":-0.76,"rotZ":-1.46,"timestamp":"2021-05-25T15:41:50.194450Z","voltage":-0.58}
{"accX":10.25,"accY":0.98,"accZ":1007.81,"magX":-33.45,"magY":-48.75,"magZ":-79.05,"rotX":4.29,"rotY":-9.22,"rotZ":16.08,"timestamp":"2021-05-25T15:41:50.194529Z","voltage":-0.58}
{"accX":-9.77,"accY":-0.98,"accZ":1010.25,"magX":-34.2,"magY":-49.5,"magZ":-79.5,"rotX":7.99,"rotY":1.37,"rotZ":-1.15,"timestamp":"2021-05-25T15:41:50.194611Z","voltage":-0.58}
{"accX":11.72,"accY":1.95,"accZ":1001.95,"magX":-35.25,"magY":-48.3,"magZ":-78.0,"rotX":7.78,"rotY":1.98,"rotZ":-2.23,"timestamp":"2021-05-25T15:41:50.194696Z","voltage":-0.58}
{"accX":7.32,"accY":1.95,"accZ":1019.53,"magX":-33.9,"magY":-50.55,"magZ":-78.15,"rotX":6.83,"rotY":-5.93,"rotZ":16.87,"timestamp":"2021-05-25T15:41:50.194781Z","voltage":-0.58}
{"accX":11.23,"accY":3.42,"accZ":1011.23,"magX":-34.5,"magY":-49.5,"magZ":-78.3,"rotX":9.26,"rotY":2.15,"rotZ":-1.79,"timestamp":"2021-05-25T15:41:50.194867Z","voltage":-0.58}
{"accX":10.74,"accY":4.88,"accZ":1014.16,"magX":-34.8,"magY":-49.8,"magZ":-78.45,"rotX":3.6,"rotY":-6.23,"rotZ":19.42,"timestamp":"2021-05-25T15:41:50.194979Z","voltage":-0.58}
{"accX":6.35,"accY":3.91,"accZ":1006.35,"magX":-35.25,"magY":-50.4,"magZ":-79.5,"rotX":3.63,"rotY":-8.31,"rotZ":17.08,"timestamp":"2021-05-25T15:41:50.195067Z","voltage":-0.58}
{"accX":-4.39,"accY":0.0,"accZ":1010.74,"magX":-34.2,"magY":-49.5,"magZ":-79.8,"rotX":6.34,"rotY":-5.35,"rotZ":16.98,"timestamp":"2021-05-25T15:41:50.195152Z","voltage":-0.58}
{"accX":5.86,"accY":-1.46,"accZ":995.61,"magX":-33.6,"magY":-49.35,"magZ":-78.15,"rotX":7.29,"rotY":-1.21,"rotZ":-1.48,"timestamp":"2021-05-25T15:41:50.195237Z","voltage":-0.58}
{"accX":3.91,"accY":3.91,"accZ":1008.3,"magX":-34.35,"magY":-50.1,"magZ":-78.9,"rotX":8.84,"rotY":0.22,"rotZ":-3.82,"timestamp":"2021-05-25T15:41:50.195667Z","voltage":-0.58}
{"accX":3.42,"accY":11.72,"accZ":1018.07,"magX":-32.85,"magY":-51.3,"magZ":-79.65,"rotX":8.53,"rotY":1.07,"rotZ":-3.05,"timestamp":"2021-05-25T15:41:50.195752Z","voltage":-0.58}
{"accX":-16.6,"accY":-0.98,"accZ":996.58,"magX":-33.6,"magY":-48.9,"magZ":-78.9,"rotX":4.5,"rotY":-7.25,"rotZ":18.43,"timestamp":"2021-05-25T15:41:50.195835Z","voltage":-0.58}
{"accX":1.46,"accY":-0.49,"accZ":999.02,"magX":-33.6,"magY":-47.7,"magZ":-77.7,"rotX":8.57,"rotY":1.37,"rotZ":-2.24,"timestamp":"2021-05-25T15:41:50.195921Z","voltage":-0.58}
{"accX":0.0,"accY":-3.42,"accZ":1015.62,"magX":-34.35,"magY":-49.8,"magZ":-77.4,"rotX":5.7,"rotY":-6.12,"rotZ":17.4,"timestamp":"2021-05-25T15:41:50.196009Z","voltage":-0.58}
{"accX":-15.14,"accY":6.35,"accZ":1011.23,"magX":-32.55,"magY":-49.2,"magZ":-78.75,"rotX":9.0,"rotY":-1.59,"rotZ":-3.4,"timestamp":"2021-05-25T15:41:50.196090Z","voltage":-0.58}
{"accX":1.95,"accY":-2.93,"accZ":993.16,"magX":-33.9,"magY":-48.6,"magZ":-79.35,"rotX":10.08,"rotY":-0.84,"rotZ":-1.66,"timestamp":"2021-05-25T15:41:50.196182Z","voltage":-0.58}
{"accX":-4.39,"accY":-3.91,"accZ":1006.35,"magX":-33.9,"magY":-50.1,"magZ":-77.7,"rotX":4.16,"rotY":-4.91,"rotZ":16.66,"timestamp":"2021-05-25T15:41:50.196271Z","voltage":-0.58}
{"accX":-0.98,"accY":3.42,"accZ":1009.28,"magX":-34.8,"magY":-49.35,"magZ":-79.35,"rotX":4.39,"rotY":-6.67,"rotZ":15.73,"timestamp":"2021-05-25T15:41:50.196355Z","voltage":-0.58}
{"accX":4.88,"accY":-2.93,"accZ":999.51,"magX":-33.6,"magY":-48.9,"magZ":-79.35,"rotX":7.69,"rotY":0.68,"rotZ":-0.15,"timestamp":"2021-05-25T15:41:50.196441Z","voltage":-0.58}
{"accX":-7.32,"accY":5.86,"accZ":987.79,"magX":-34.35,"magY":-49.8,"magZ":-78.45,"rotX":4.95,"rotY":-8.85,"rotZ":17.24,"timestamp":"2021-05-25T15:41:50.196527Z","voltage":-0.58}
{"accX":-4.88,"accY":8.3,"accZ":999.51,"magX":-33.9,"magY":-49.35,"magZ":-79.35,"rotX":4.71,"rotY":-3.5,"rotZ":17.6,"timestamp":"2021-05-25T15:41:50.196614Z","voltage":-0.58}
{"accX":-7.32,"accY":1.46,"accZ":1015.62,"magX":-34.8,"magY":-48.6,"magZ":-78.9,"rotX":8.54,"rotY":1.96,"rotZ":-4.72,"timestamp":"2021-05-25T15:41:50.196698Z","voltage":-0.58}
{"accX":-1.95,"accY":4.39,"accZ":1004.88,"magX":-33.6,"magY":-50.55,"magZ":-78.15,"rotX":9.28,"rotY":1.02,"rotZ":-1.6,"timestamp":"2021-05-25T15:41:50.196784Z","voltage":-0.58}
{"accX":-2.93,"accY":2.93,"accZ":1005.37,"magX":-33.75,"magY":-49.2,"magZ":-78.3,"rotX":-20.88,"rotY":-1.15,"rotZ":-8.88,"timestamp":"2021-05-25T15:41:50.196866Z","voltage":-0.58}
{"accX":-4.88,"accY":14.65,"accZ":1014.65,"magX":-34.2,"magY":-48.3,"magZ":-78.3,"rotX":3.86,"rotY":-7.45,"rotZ":17.73,"timestamp":"2021-05-25T15:41:50.196955Z","voltage":-0.58}
{"accX":-4.39,"accY":0.49,"accZ":1011.72,"magX":-32.85,"magY":-50.1,"magZ":-78.9,"rotX":9.79,"rotY":-0.44,"rotZ":-4.22,"timestamp":"2021-05-25T15:41:50.197044Z","voltage":-0.58}
{"accX":-4.39,"accY":-4.39,"accZ":1001.46,"magX":-33.15,"magY":-48.9,"magZ":-78.15,"rotX":10.82,"rotY":0.46,"rotZ":-1.92,"timestamp":"2021-05-25T15:41:50.197131Z","voltage":-0.58}
{"accX":-1.95,"accY":2.93,"accZ":1000.0,"magX":-33.15,"magY":-48.9,"magZ":-78.9,"rotX":9.48,"rotY":-0.11,"rotZ":0.06,"timestamp":"2021-05-25T15:41:50.197221Z","voltage":-0.58}
{"accX":-13.18,"accY":-1.46,"accZ":1002.93,"magX":-34.2,"magY":-49.5,"magZ":-79.05,"rotX":8.32,"rotY":0.52,"rotZ":-1.73,"timestamp":"2021-05-25T15:41:50.197307Z","voltage":-0.58}
{"accX":0.0,"accY":-14.65,"accZ":1003.42,"magX":-33.6,"magY":-49.8,"magZ":-79.65,"rotX":5.11,"rotY":-7.53,"rotZ":16.98,"timestamp":"2021-05-25T15:41:50.197410Z","voltage":-0.58}
{"accX":-3.91,"accY":-5.86,"accZ":1009.77,"magX":-33.9,"magY":-49.35,"magZ":-78.45,"rotX":7.18,"rotY":-8.14,"rotZ":17.44,"timestamp":"2021-05-25T15:41:50.197496Z","voltage":-0.58}
{"accX":1.46,"accY":9.28,"accZ":995.12,"magX":-32.85,"magY":-49.8,"magZ":-79.65,"rotX":10.68,"rotY":-0.24,"rotZ":-2.42,"timestamp":"2021-05-25T15:41:50.197581Z","voltage":-0.58}
{"accX":-7.81,"accY":4.88,"accZ":1003.42,"magX":-34.5,"magY":-49.2,"magZ":-78.75,"rotX":5.82,"rotY":-6.02,"rotZ":18.24,"timestamp":"2021-05-25T15:41:50.197666Z","voltage":-0.58}
{"accX":-13.67,"accY":4.88,"accZ":1012.21,"magX":-34.35,"magY":-48.15,"magZ":-79.65,"rotX":8.5,"rotY":0.11,"rotZ":-0.24,"timestamp":"2021-05-25T15:41:50.197759Z","voltage":-0.58}
{"accX":0.0,"accY":5.37,"accZ":1000.0,"magX":-33.9,"magY":-48.15,"magZ":-80.1,"rotX":8.83,"rotY":-0.66,"rotZ":-1.73,"timestamp":"2021-05-25T15:41:50.197850Z","voltage":-0.58}
{"accX":4.88,"accY":3.91,"accZ":1009.28,"magX":-33.75,"magY":-49.95,"magZ":-80.25,"rotX":9.83,"rotY":2.05,"rotZ":-1.82,"timestamp":"2021-05-25T15:41:50.197934Z","voltage":-0.58}
{"accX":-0.49,"accY":21.0,"accZ":999.02,"magX":-35.1,"magY":-49.35,"magZ":-78.9,"rotX":6.44,"rotY":-5.16,"rotZ":18.22,"timestamp":"2021-05-25T15:41:50.198021Z","voltage":-0.58}
{"accX":2.93,"accY":3.91,"accZ":1002.44,"magX":-33.45,"magY":-48.75,"magZ":-79.5,"rotX":9.52,"rotY":0.24,"rotZ":-2.91,"timestamp":"2021-05-25T15:41:50.198108Z","voltage":-0.58}
{"accX":-4.88,"accY":10.74,"accZ":1000.49,"magX":-33.9,"magY":-49.35,"magZ":-79.35,"rotX":7.98,"rotY":0.52,"rotZ":-2.84,"timestamp":"2021-05-25T15:41:50.198187Z","voltage":-0.58}
{"accX":-10.74,"accY":4.39,"accZ":1004.39,"magX":-34.2,"magY":-49.5,"magZ":-79.5,"rotX":12.7,"rotY":0.44,"rotZ":-4.37,"timestamp":"2021-05-25T15:41:50.198302Z","voltage":-0.58}
{"accX":-6.84,"accY":2.93,"accZ":1007.32,"magX":-33.45,"magY":-48.75,"magZ":-80.25,"rotX":5.38,"rotY":-5.98,"rotZ":14.54,"timestamp":"2021-05-25T15:41:50.198399Z","voltage":-0.58}
{"accX":9.28,"accY":8.79,"accZ":1008.3,"magX":-33.9,"magY":-50.1,"magZ":-79.35,"rotX":4.12,"rotY":-6.57,"rotZ":15.18,"timestamp":"2021-05-25T15:41:50.198491Z","voltage":-0.58}
{"accX":-13.18,"accY":1.95,"accZ":1011.72,"magX":-33.6,"magY":-48.9,"magZ":-77.7,"rotX":4.63,"rotY":-7.1,"rotZ":17.23,"timestamp":"2021-05-25T15:41:50.198579Z","voltage":-0.58}
{"accX":7.32,"accY":-5.37,"accZ":1005.86,"magX":-33.6,"magY":-50.1,"magZ":-79.65,"rotX":5.25,"rotY":-7.31,"rotZ":15.93,"timestamp":"2021-05-25T15:41:50.198671Z","voltage":-0.58}
{"accX":19.53,"accY":15.14,"accZ":1007.81,"magX":-33.9,"magY":-48.9,"magZ":-78.9,"rotX":10.18,"rotY":0.63,"rotZ":-4.41,"timestamp":"2021-05-25T15:41:50.198761Z","voltage":-0.58}
{"accX":-7.32,"accY":12.7,"accZ":996.58,"magX":-34.35,"magY":-49.8,"magZ":-80.1,"rotX":10.08,"rotY":0.79,"rotZ":-0.95,"timestamp":"2021-05-25T15:41:50.199057Z","voltage":-0.58}
{"accX":-7.32,"accY":5.86,"accZ":1002.44,"magX":-34.2,"magY":-49.95,"magZ":-78.75,"rotX":8.5,"rotY":1.2,"rotZ":-3.45,"timestamp":"2021-05-25T15:41:50.199144Z","voltage":-0.58}
{"accX":5.37,"accY":-2.93,"accZ":1007.81,"magX":-33.75,"magY":-48.75,"magZ":-78.75,"rotX":10.0,"rotY":0.73,"rotZ":-2.37,"timestamp":"2021-05-25T15:41:50.199231Z","voltage":-0.58}
{"accX":0.49,"accY":8.3,"accZ":1010.74,"magX":-34.2,"magY":-48.75,"magZ":-79.8,"rotX":10.27,"rotY":-0.43,"rotZ":-1.75,"timestamp":"2021-05-25T15:41:50.199630Z","voltage":-0.58}
{"accX":2.93,"accY":-6.35,"accZ":997.56,"magX":-34.35,"magY":-48.9,"magZ":-79.35,"rotX":4.86,"rotY":-6.45,"rotZ":16.46,"timestamp":"2021-05-25T15:41:50.199736Z","voltage":-0.58}
{"accX":2.44,"accY":7.81,"accZ":1003.42,"magX":-33.75,"magY":-50.4,"magZ":-79.5,"rotX":8.77,"rotY":0.44,"rotZ":-1.72,"timestamp":"2021-05-25T15:41:50.199820Z","voltage":-0.58}
{"accX":2.44,"accY":1.46,"accZ":1008.79,"magX":-35.1,"magY":-49.35,"magZ":-79.65,"rotX":9.48,"rotY":-0.15,"rotZ":-0.98,"timestamp":"2021-05-25T15:41:50.199909Z","voltage":-0.58}
{"accX":5.86,"accY":-10.74,"accZ":1013.18,"magX":-34.5,"magY":-49.95,"magZ":-78.3,"rotX":10.15,"rotY":3.54,"rotZ":-0.66,"timestamp":"2021-05-25T15:41:52.224231Z","voltage":-0.58}
