{"accX":-0.98,"accY":3.42,"accZ":1016.11,"magX":-34.2,"magY":-49.2,"magZ":-79.05,"rotX":2.73,"rotY":-3.26,"rotZ":-1.31,"timestamp":"2021-05-25T15:25:39.347299Z","voltage":-0.58}
{"accX":-5.86,"accY":13.18,"accZ":1015.62,"magX":-33.9,"magY":-48.9,"magZ":-80.4,"rotX":9.76,"rotY":0.35,"rotZ":-3.54,"timestamp":"2021-05-25T15:25:39.348197Z","voltage":-0.58}
{"accX":10.25,"accY":12.21,"accZ":1007.81,"magX":-32.85,"magY":-48.6,"magZ":-78.9,"rotX":7.06,"rotY":2.18,"rotZ":-2.95,"timestamp":"2021-05-25T15:25:39.348296Z","voltage":-0.58}
{"accX":0.0,"accY":-5.86,"accZ":1003.42,"magX":-31.8,"magY":-48.75,"magZ":-80.55,"rotX":5.3,"rotY":-7.34,"rotZ":19.21,"timestamp":"2021-05-25T15:25:39.348399Z","voltage":-0.58}
{"accX":-1.95,"accY":0.98,"accZ":1006.35,"magX":-33.45,"magY":-48.0,"magZ":-78.75,"rotX":4.43,"rotY":-5.98,"rotZ":15.79,"timestamp":"2021-05-25T15:25:39.348529Z","voltage":-0.58}
{"accX":-2.44,"accY":4.39,"accZ":1011.72,"magX":-33.15,"magY":-49.35,"magZ":-80.85,"rotX":4.9,"rotY":-7.6,"rotZ":18.6,"timestamp":"2021-05-25T15:25:39.348639Z","voltage":-0.58}
{"accX":-2.44,"accY":1.95,"accZ":1000.98,"magX":-33.15,"magY":-50.1,"magZ":-80.4,"rotX":7.07,"rotY":-4.51,"rotZ":17.48,"timestamp":"2021-05-25T15:25:39.348746Z","voltage":-0.58}
{"accX":-1.46,"accY":4.39,"accZ":1001.46,"magX":-33.6,"magY":-48.6,"magZ":-78.9,"rotX":4.6,"rotY":-7.45,"rotZ":16.47,"timestamp":"2021-05-25T15:25:39.348832Z","voltage":-0.58}
{"accX":7.81,"accY":0.0,"accZ":1002.44,"magX":-33.75,"magY":-49.95,"magZ":-80.25,"rotX":4.11,"rotY":-6.3,"rotZ":15.45,"timestamp":"2021-05-25T15:25:39.348920Z","voltage":-0.58}
{"accX":-0.98,"accY":-0.49,"accZ":1003.91,"magX":-34.2,"magY":-49.95,"magZ":-80.25,"rotX":4.56,"rotY":-5.5,"rotZ":16.48,"timestamp":"2021-05-25T15:25:39.349003Z","voltage":-0.58}
{"accX":3.91,"accY":5.86,"accZ":1013.67,"magX":-31.8,"magY":-49.5,"magZ":-78.3,"rotX":-22.11,"rotY":-2.79,"rotZ":-5.63,"timestamp":"2021-05-25T15:25:39.349095Z","voltage":-0.58}
{"accX":-7.81,"accY":-9.28,"accZ":1009.28,"magX":-33.75,"magY":-49.2,"magZ":-80.25,"rotX":6.44,"rotY":-8.73,"rotZ":16.95,"timestamp":"2021-05-25T15:25:39.349197Z","voltage":-0.58}
{"accX":6.84,"accY":0.49,"accZ":1009.28,"magX":-33.0,"magY":-48.3,"magZ":-79.5,"rotX":-21.18,"rotY":-3.31,"rotZ":-7.63,"timestamp":"2021-05-25T15:25:39.349319Z","voltage":-0.58}
{"accX":3.42,"accY":5.37,"accZ":1012.21,"magX":-32.25,"magY":-49.5,"magZ":-77.55,"rotX":5.69,"rotY":-9.56,"rotZ":17.16,"timestamp":"2021-05-25T15:25:39.349430Z","voltage":-0.58}
{"accX":2.93,"accY":-1.95,"accZ":1005.37,"magX":-33.45,"magY":-49.2,"magZ":-80.25,"rotX":8.15,"rotY":0.48,"rotZ":-1.53,"timestamp":"2021-05-25T15:25:39.349576Z","voltage":-0.58}
{"accX":0.98,"accY":4.39,"accZ":1019.04,"magX":-33.6,"magY":-48.9,"magZ":-80.1,"rotX":9.51,"rotY":0.53,"rotZ":-3.02,"timestamp":"2021-05-25T15:25:39.349754Z","voltage":-0.58}
{"accX":18.07,"accY":-6.35,"accZ":1004.88,"magX":-33.15,"magY":-49.8,"magZ":-79.35,"rotX":3.32,"rotY":-4.92,"rotZ":15.83,"timestamp":"2021-05-25T15:25:39.349898Z","voltage":-0.58}
{"accX":9.77,"accY":4.39,"accZ":1004.39,"magX":-31.65,"magY":-49.35,"magZ":-80.1,"rotX":-21.52,"rotY":-1.33,"rotZ":-7.05,"timestamp":"2021-05-25T15:25:39.350004Z","voltage":-0.58}
{"accX":11.23,"accY":7.32,"accZ":1012.7,"magX":-33.0,"magY":-49.2,"magZ":-79.8,"rotX":5.45,"rotY":-7.36,"rotZ":16.67,"timestamp":"2021-05-25T15:25:39.350126Z","voltage":-0.58}
{"accX":13.67,"accY":0.98,"accZ":1016.6,"magX":-33.0,"magY":-48.0,"magZ":-79.05,"rotX":8.3,"rotY":1.01,"rotZ":-1.16,"timestamp":"2021-05-25T15:25:39.350219Z","voltage":-0.58}
{"accX":-11.72,"accY":-2.93,"accZ":1003.42,"magX":-33.75,"magY":-49.5,"magZ":-78.75,"rotX":11.2,"rotY":1.32,"rotZ":-2.18,"timestamp":"2021-05-25T15:25:39.350327Z","voltage":-0.58}
{"accX":-0.49,"accY":-6.35,"accZ":1010.74,"magX":-32.55,"magY":-49.95,"magZ":-79.5,"rotX":9.24,"rotY":-0.43,"rotZ":-3.35,"timestamp":"2021-05-25T15:25:39.350501Z","voltage":-0.58}
{"accX":-16.11,"accY":-10.25,"accZ":1002.93,"magX":-34.2,"magY":-50.7,"magZ":-79.8,"rotX":6.76,"rotY":0.4,"rotZ":-1.82,"timestamp":"2021-05-25T15:25:39.350684Z","voltage":-0.58}
{"accX":8.3,"accY":8.3,"accZ":1014.65,"magX":-33.75,"magY":-48.3,"magZ":-79.8,"rotX":-23.24,"rotY":-1.88,"rotZ":-8.02,"timestamp":"2021-05-25T15:25:39.350777Z","voltage":-0.58}
{"accX":6.35,"accY":-1.46,"accZ":1000.0,"magX":-33.6,"magY":-50.1,"magZ":-79.65,"rotX":6.2,"rotY":-9.38,"rotZ":17.89,"timestamp":"2021-05-25T15:25:39.350860Z","voltage":-0.58}
{"accX":8.79,"accY":-5.86,"accZ":1003.91,"magX":-34.5,"magY":-49.5,"magZ":-81.0,"rotX":-21.79,"rotY":-1.56,"rotZ":-7.27,"timestamp":"2021-05-25T15:25:39.350952Z","voltage":-0.58}
{"accX":9.77,"accY":13.18,"accZ":1011.72,"magX":-33.75,"magY":-49.5,"magZ":-79.05,"rotX":7.89,"rotY":0.47,"rotZ":-1.85,"timestamp":"2021-05-25T15:25:39.351039Z","voltage":-0.58}
{"accX":5.86,"accY":0.49,"accZ":1013.18,"magX":-34.2,"magY":-49.5,"magZ":-78.75,"rotX":9.67,"rotY":1.3,"rotZ":-2.49,"timestamp":"2021-05-25T15:25:39.351129Z","voltage":-0.58}
{"accX":7.81,"accY":-5.37,"accZ":1005.37,"magX":-32.85,"magY":-50.1,"magZ":-78.9,"rotX":9.86,"rotY":1.85,"rotZ":-4.53,"timestamp":"2021-05-25T15:25:39.351539Z","voltage":-0.58}
{"accX":14.16,"accY":-0.49,"accZ":991.21,"magX":-32.85,"magY":-48.6,"magZ":-79.35,"rotX":5.73,"rotY":-5.03,"rotZ":17.67,"timestamp":"2021-05-25T15:25:39.351643Z","voltage":-0.58}
{"accX":6.35,"accY":9.77,"accZ":1001.46,"magX":-32.85,"magY":-48.15,"magZ":-80.85,"rotX":4.95,"rotY":-5.06,"rotZ":17.58,"timestamp":"2021-05-25T15:25:39.351758Z","voltage":-0.58}
{"accX":-2.44,"accY":4.39,"accZ":995.61,"magX":-34.2,"magY":-49.95,"magZ":-79.8,"rotX":9.21,"rotY":0.46,"rotZ":-3.46,"timestamp":"2021-05-25T15:25:39.351858Z","voltage":-0.58}
{"accX":5.86,"accY":6.35,"accZ":1005.86,"magX":-32.25,"magY":-49.2,"magZ":-79.5,"rotX":7.27,"rotY":-5.78,"rotZ":15.75,"timestamp":"2021-05-25T15:25:39.351959Z","voltage":-0.58}
{"accX":1.95,"accY":4.88,"accZ":1000.0,"magX":-32.85,"magY":-49.8,"magZ":-79.35,"rotX":11.02,"rotY":-0.02,"rotZ":-4.08,"timestamp":"2021-05-25T15:25:39.352053Z","voltage":-0.58}
{"accX":-1.95,"accY":-6.84,"accZ":1014.65,"magX":-31.65,"magY":-49.8,"magZ":-79.65,"rotX":9.69,"rotY":2.27,"rotZ":-1.55,"timestamp":"2021-05-25T15:25:39.352146Z","voltage":-0.58}
{"accX":10.25,"accY":-1.46,"accZ":1008.79,"magX":-32.55,"magY":-49.95,"magZ":-78.3,"rotX":6.37,"rotY":-4.83,"rotZ":19.05,"timestamp":"2021-05-25T15:25:39.352236Z","voltage":-0.58}
{"accX":6.84,"accY":-4.39,"accZ":999.02,"magX":-32.55,"magY":-48.75,"magZ":-78.75,"rotX":4.27,"rotY":-3.98,"rotZ":14.83,"timestamp":"2021-05-25T15:25:39.352326Z","voltage":-0.58}
{"accX":-0.98,"accY":3.91,"accZ":1011.72,"magX":-33.15,"magY":-49.8,"magZ":-79.35,"rotX":8.2,"rotY":0.15,"rotZ":-3.19,"timestamp":"2021-05-25T15:25:40.386939Z","voltage":-0.58}
{"accX":14.65,"accY":12.21,"accZ":1002.93,"magX":-33.15,"magY":-49.8,"magZ":-79.35,"rotX":5.68,"rotY":-5.34,"rotZ":17.44,"timestamp":"2021-05-25T15:25:42.455974Z","voltage":-0.58}
{"accX":10.25,"accY":5.37,"accZ":1000.0,"magX":-32.55,"magY":-49.2,"magZ":-79.05,"rotX":6.2,"rotY":-4.3,"rotZ":17.3,"timestamp":"2021-05-25T15:25:44.533718Z","voltage":-0.58}
{"accX":4.88,"accY":11.23,"accZ":1016.11,"magX":-33.15,"magY":-48.15,"magZ":-79.65,"rotX":3.63,"rotY":-6.4,"rotZ":15.48,"timestamp":"2021-05-25T15:25:46.618664Z","voltage":-0.58}
