{"accX":37.6,"accY":1000.98,"accZ":28.81,"magX":-13.5,"magY":-55.35,"magZ":-99.45,"rotX":-2.21,"rotY":0.02,"rotZ":-0.2,"timestamp":"2021-05-31T13:28:40.523158Z"}
{"accX":44.43,"accY":1017.09,"accZ":-1.95,"magX":-11.7,"magY":-54.3,"magZ":-106.8,"rotX":-1.33,"rotY":1.76,"rotZ":-0.37,"timestamp":"2021-05-31T13:28:41.576703Z"}
{"accX":41.5,"accY":1004.88,"accZ":28.81,"magX":-11.4,"magY":-55.05,"magZ":-111.0,"rotX":-1.98,"rotY":1.68,"rotZ":0.45,"timestamp":"2021-05-31T13:28:42.618987Z"}
{"accX":48.34,"accY":1001.46,"accZ":50.29,"magX":-12.9,"magY":-58.35,"magZ":-104.1,"rotX":-1.53,"rotY":0.28,"rotZ":0.11,"timestamp":"2021-05-31T13:28:43.664564Z"}
{"accX":19.04,"accY":985.84,"accZ":32.23,"magX":-12.45,"magY":-56.25,"magZ":-102.3,"rotX":0.66,"rotY":-2.06,"rotZ":2.85,"timestamp":"2021-05-31T13:28:44.715681Z"}
{"accX":42.97,"accY":1001.95,"accZ":-2.93,"magX":-9.6,"magY":-55.35,"magZ":-110.1,"rotX":-1.11,"rotY":-1.18,"rotZ":4.16,"timestamp":"2021-05-31T13:28:45.759051Z"}
{"accX":23.44,"accY":1004.88,"accZ":41.99,"magX":-12.3,"magY":-54.15,"magZ":-108.45,"rotX":2.22,"rotY":0.35,"rotZ":2.72,"timestamp":"2021-05-31T13:28:46.812272Z"}
{"accX":35.16,"accY":995.61,"accZ":75.68,"magX":-12.9,"magY":-58.35,"magZ":-109.8,"rotX":0.33,"rotY":-1.88,"rotZ":0.75,"timestamp":"2021-05-31T13:28:47.866971Z"}
{"accX":47.36,"accY":1006.84,"accZ":62.01,"magX":-12.45,"magY":-61.5,"magZ":-106.5,"rotX":2.15,"rotY":3.87,"rotZ":0.58,"timestamp":"2021-05-31T13:28:48.917795Z"}
{"accX":30.76,"accY":1015.14,"accZ":28.81,"magX":-13.5,"magY":-58.05,"magZ":-100.2,"rotX":0.64,"rotY":3.65,"rotZ":-0.93,"timestamp":"2021-05-31T13:28:49.451566Z"}
{"accX":36.62,"accY":1008.79,"accZ":39.06,"magX":-11.55,"magY":-56.55,"magZ":-108.15,"rotX":-1.61,"rotY":0.92,"rotZ":-0.75,"timestamp":"2021-05-31T13:28:50.515398Z"}
{"accX":19.04,"accY":1013.18,"accZ":47.85,"magX":-13.65,"magY":-60.3,"magZ":-103.8,"rotX":2.15,"rotY":-0.37,"rotZ":-2.69,"timestamp":"2021-05-31T13:28:51.563858Z"}
{"accX":35.64,"accY":1001.95,"accZ":33.2,"magX":-12.75,"magY":-56.55,"magZ":-102.0,"rotX":2.42,"rotY":-0.93,"rotZ":3.12,"timestamp":"2021-05-31T13:28:52.626325Z"}
{"accX":21.48,"accY":999.51,"accZ":33.2,"magX":-13.05,"magY":-58.95,"magZ":-110.1,"rotX":2.25,"rotY":-2.92,"rotZ":0.79,"timestamp":"2021-05-31T13:28:53.680358Z"}
{"accX":41.99,"accY":1018.55,"accZ":74.22,"magX":-14.4,"magY":-60.75,"magZ":-99.6,"rotX":-0.37,"rotY":-0.11,"rotZ":1.22,"timestamp":"2021-05-31T13:28:54.725464Z"}
{"accX":22.95,"accY":1012.21,"accZ":95.7,"magX":-14.4,"magY":-60.75,"magZ":-104.4,"rotX":-1.41,"rotY":1.05,"rotZ":-1.82,"timestamp":"2021-05-31T13:28:55.773251Z"}
{"accX":30.76,"accY":1018.07,"accZ":18.07,"magX":-13.5,"magY":-55.65,"magZ":-105.15,"rotX":-0.89,"rotY":0.62,"rotZ":-2.76,"timestamp":"2021-05-31T13:28:56.822297Z"}
{"accX":30.76,"accY":1005.86,"accZ":57.62,"magX":-12.15,"magY":-57.45,"magZ":-108.75,"rotX":-3.23,"rotY":2.89,"rotZ":-0.38,"timestamp":"2021-05-31T13:28:57.869900Z"}
{"accX":37.11,"accY":1030.76,"accZ":59.08,"magX":-13.5,"magY":-60.15,"magZ":-106.95,"rotX":-2.26,"rotY":-0.6,"rotZ":0.82,"timestamp":"2021-05-31T13:28:58.925499Z"}
{"accX":15.14,"accY":1023.93,"accZ":61.04,"magX":-12.9,"magY":-58.35,"magZ":-99.9,"rotX":-1.26,"rotY":-2.34,"rotZ":3.25,"timestamp":"2021-05-31T13:28:59.989649Z"}
{"accX":30.76,"accY":980.96,"accZ":13.18,"magX":-13.8,"magY":-59.25,"magZ":-108.9,"rotX":1.63,"rotY":0.15,"rotZ":-0.47,"timestamp":"2021-05-31T13:29:00.532802Z"}
{"accX":47.85,"accY":1029.3,"accZ":37.6,"magX":-13.65,"magY":-57.15,"magZ":-98.85,"rotX":2.8,"rotY":-0.28,"rotZ":2.2,"timestamp":"2021-05-31T13:29:01.589632Z"}
{"accX":38.57,"accY":994.14,"accZ":33.69,"magX":-12.45,"magY":-58.65,"magZ":-108.3,"rotX":-1.11,"rotY":1.05,"rotZ":1.33,"timestamp":"2021-05-31T13:29:02.649846Z"}
{"accX":14.65,"accY":1012.7,"accZ":67.38,"magX":-13.65,"magY":-54.75,"magZ":-102.6,"rotX":-0.16,"rotY":2.56,"rotZ":-0.5,"timestamp":"2021-05-31T13:29:03.701689Z"}
{"accX":49.8,"accY":990.23,"accZ":31.25,"magX":-14.55,"magY":-59.25,"magZ":-106.95,"rotX":0.24,"rotY":-0.12,"rotZ":-1.2,"timestamp":"2021-05-31T13:29:04.766845Z"}
{"accX":28.32,"accY":1005.86,"accZ":-1.46,"magX":-11.4,"magY":-54.75,"magZ":-107.55,"rotX":-1.82,"rotY":1.64,"rotZ":-1.34,"timestamp":"2021-05-31T13:29:05.818969Z"}
{"accX":-74.71,"accY":987.3,"accZ":-37.6,"magX":-12.3,"magY":-58.95,"magZ":-110.85,"rotX":4.0,"rotY":-0.52,"rotZ":3.04,"timestamp":"2021-05-31T13:29:06.862897Z"}
{"accX":28.32,"accY":1008.3,"accZ":38.57,"magX":-14.4,"magY":-58.35,"magZ":-98.85,"rotX":-0.47,"rotY":1.67,"rotZ":1.04,"timestamp":"2021-05-31T13:29:07.920378Z"}
{"accX":30.27,"accY":1013.18,"accZ":64.45,"magX":-14.85,"magY":-60.75,"magZ":-98.1,"rotX":1.61,"rotY":-2.77,"rotZ":0.78,"timestamp":"2021-05-31T13:29:08.972073Z"}
{"accX":42.97,"accY":988.77,"accZ":62.5,"magX":-14.25,"magY":-60.9,"magZ":-102.45,"rotX":-1.53,"rotY":1.19,"rotZ":0.21,"timestamp":"2021-05-31T13:29:10.047086Z"}
{"accX":33.69,"accY":989.26,"accZ":17.09,"magX":-12.75,"magY":-57.75,"magZ":-108.9,"rotX":-2.63,"rotY":2.77,"rotZ":-1.83,"timestamp":"2021-05-31T13:29:11.107192Z"}
{"accX":35.16,"accY":1001.95,"accZ":-7.32,"magX":-13.2,"magY":-54.75,"magZ":-104.1,"rotX":-1.48,"rotY":1.56,"rotZ":-1.35,"timestamp":"2021-05-31T13:29:11.649761Z"}
{"accX":29.79,"accY":1028.32,"accZ":58.59,"magX":-13.8,"magY":-59.7,"magZ":-99.45,"rotX":-1.59,"rotY":-1.4,"rotZ":-0.7,"timestamp":"2021-05-31T13:29:12.693254Z"}
{"accX":47.36,"accY":1007.81,"accZ":99.12,"magX":-11.4,"magY":-58.65,"magZ":-109.05,"rotX":1.17,"rotY":-1.5,"rotZ":0.94,"timestamp":"2021-05-31T13:29:13.739509Z"}
{"accX":23.93,"accY":1000.0,"accZ":39.06,"magX":-13.65,"magY":-55.5,"magZ":-103.8,"rotX":0.0,"rotY":-2.02,"rotZ":4.76,"timestamp":"2021-05-31T13:29:14.813004Z"}
{"accX":-2.44,"accY":996.58,"accZ":64.45,"magX":-14.85,"magY":-61.5,"magZ":-99.15,"rotX":-1.63,"rotY":-0.98,"rotZ":3.82,"timestamp":"2021-05-31T13:29:15.874726Z"}
{"accX":-12.7,"accY":965.82,"accZ":7.81,"magX":-12.45,"magY":-56.7,"magZ":-101.1,"rotX":-3.84,"rotY":1.34,"rotZ":1.12,"timestamp":"2021-05-31T13:29:16.914486Z"}
{"accX":15.63,"accY":994.14,"accZ":-16.6,"magX":-12.3,"magY":-59.7,"magZ":-104.7,"rotX":-2.73,"rotY":1.31,"rotZ":-1.84,"timestamp":"2021-05-31T13:29:17.963971Z"}
{"accX":32.23,"accY":979.49,"accZ":52.73,"magX":-12.15,"magY":-56.25,"magZ":-106.05,"rotX":-2.93,"rotY":0.13,"rotZ":-1.85,"timestamp":"2021-05-31T13:29:19.013643Z"}
{"accX":43.46,"accY":1009.77,"accZ":43.95,"magX":-14.1,"magY":-59.55,"magZ":-98.85,"rotX":-0.49,"rotY":-0.76,"rotZ":-2.07,"timestamp":"2021-05-31T13:29:20.055081Z"}
{"accX":59.08,"accY":1001.95,"accZ":8.3,"magX":-12.15,"magY":-56.25,"magZ":-100.8,"rotX":-2.69,"rotY":-1.72,"rotZ":2.03,"timestamp":"2021-05-31T13:29:21.104428Z"}
{"accX":20.51,"accY":1013.67,"accZ":7.81,"magX":-10.5,"magY":-59.55,"magZ":-103.35,"rotX":3.56,"rotY":0.4,"rotZ":0.85,"timestamp":"2021-05-31T13:29:22.156289Z"}
{"accX":8.79,"accY":1026.86,"accZ":80.57,"magX":-11.4,"magY":-55.95,"magZ":-109.05,"rotX":0.36,"rotY":-0.42,"rotZ":-0.32,"timestamp":"2021-05-31T13:29:22.699078Z"}
{"accX":10.74,"accY":1019.53,"accZ":87.89,"magX":-13.8,"magY":-56.85,"magZ":-99.0,"rotX":2.59,"rotY":-0.12,"rotZ":0.65,"timestamp":"2021-05-31T13:29:23.771013Z"}
{"accX":36.13,"accY":1021.0,"accZ":44.43,"magX":-13.65,"magY":-59.85,"magZ":-100.35,"rotX":-2.67,"rotY":1.51,"rotZ":-1.75,"timestamp":"2021-05-31T13:29:24.827029Z"}
{"accX":55.66,"accY":1002.93,"accZ":41.02,"magX":-11.7,"magY":-55.95,"magZ":-102.3,"rotX":-0.56,"rotY":2.37,"rotZ":-1.06,"timestamp":"2021-05-31T13:29:25.879242Z"}
{"accX":43.46,"accY":1017.58,"accZ":34.67,"magX":-13.65,"magY":-59.85,"magZ":-98.85,"rotX":-2.4,"rotY":1.37,"rotZ":-0.12,"timestamp":"2021-05-31T13:29:26.933733Z"}
{"accX":53.22,"accY":1011.23,"accZ":31.25,"magX":-10.95,"magY":-58.65,"magZ":-108.3,"rotX":0.99,"rotY":-2.49,"rotZ":1.61,"timestamp":"2021-05-31T13:29:27.984007Z"}
{"accX":10.25,"accY":1002.44,"accZ":92.29,"magX":-11.4,"magY":-54.75,"magZ":-101.55,"rotX":-0.4,"rotY":-1.73,"rotZ":1.77,"timestamp":"2021-05-31T13:29:29.029755Z"}
{"accX":14.16,"accY":1017.09,"accZ":76.17,"magX":-14.25,"magY":-60.15,"magZ":-98.25,"rotX":1.95,"rotY":-1.37,"rotZ":0.57,"timestamp":"2021-05-31T13:29:30.086672Z"}
{"accX":53.22,"accY":1000.0,"accZ":18.07,"magX":-11.85,"magY":-54.45,"magZ":-106.65,"rotX":0.37,"rotY":0.16,"rotZ":1.79,"timestamp":"2021-05-31T13:29:31.140360Z"}
{"accX":49.8,"accY":981.93,"accZ":0.98,"magX":-12.45,"magY":-59.1,"magZ":-102.3,"rotX":-0.56,"rotY":2.45,"rotZ":0.19,"timestamp":"2021-05-31T13:29:32.197687Z"}
{"accX":25.88,"accY":1016.6,"accZ":-1.95,"magX":-10.8,"magY":-54.45,"magZ":-109.35,"rotX":-1.63,"rotY":2.51,"rotZ":-1.36,"timestamp":"2021-05-31T13:29:33.236277Z"}
{"accX":23.44,"accY":1031.74,"accZ":64.94,"magX":-10.8,"magY":-54.45,"magZ":-101.25,"rotX":-0.93,"rotY":2.66,"rotZ":-2.5,"timestamp":"2021-05-31T13:29:33.764265Z"}
{"accX":19.04,"accY":1029.79,"accZ":93.26,"magX":-12.3,"magY":-57.75,"magZ":-103.2,"rotX":2.31,"rotY":-2.16,"rotZ":2.11,"timestamp":"2021-05-31T13:29:34.818178Z"}
{"accX":29.79,"accY":998.05,"accZ":64.45,"magX":-10.95,"magY":-54.75,"magZ":-103.8,"rotX":0.89,"rotY":-1.22,"rotZ":-0.37,"timestamp":"2021-05-31T13:29:35.860560Z"}
{"accX":25.39,"accY":988.77,"accZ":46.88,"magX":-13.65,"magY":-57.9,"magZ":-102.3,"rotX":-1.15,"rotY":2.03,"rotZ":0.9,"timestamp":"2021-05-31T13:29:36.937114Z"}
{"accX":19.04,"accY":1023.44,"accZ":32.23,"magX":-10.95,"magY":-56.7,"magZ":-110.55,"rotX":2.15,"rotY":-1.76,"rotZ":0.82,"timestamp":"2021-05-31T13:29:38.005940Z"}
{"accX":17.09,"accY":1017.09,"accZ":48.83,"magX":-11.7,"magY":-53.85,"magZ":-101.85,"rotX":3.92,"rotY":-0.28,"rotZ":-3.73,"timestamp":"2021-05-31T13:29:39.080088Z"}
{"accX":47.85,"accY":1022.46,"accZ":30.76,"magX":-13.2,"magY":-59.55,"magZ":-101.85,"rotX":-1.2,"rotY":1.85,"rotZ":-0.44,"timestamp":"2021-05-31T13:29:40.139160Z"}
{"accX":40.04,"accY":951.17,"accZ":29.79,"magX":-12.15,"magY":-55.95,"magZ":-109.5,"rotX":1.36,"rotY":0.77,"rotZ":1.35,"timestamp":"2021-05-31T13:29:41.191846Z"}
{"accX":26.37,"accY":994.63,"accZ":48.83,"magX":-12.3,"magY":-59.7,"magZ":-100.2,"rotX":-2.4,"rotY":3.53,"rotZ":-1.44,"timestamp":"2021-05-31T13:29:42.245110Z"}
{"accX":33.2,"accY":1018.55,"accZ":22.95,"magX":-10.2,"magY":-56.25,"magZ":-108.3,"rotX":0.23,"rotY":-0.53,"rotZ":2.97,"timestamp":"2021-05-31T13:29:43.293309Z"}
{"accX":25.39,"accY":1018.07,"accZ":69.34,"magX":-12.45,"magY":-55.95,"magZ":-101.55,"rotX":1.7,"rotY":0.42,"rotZ":-0.1,"timestamp":"2021-05-31T13:29:43.835305Z"}
{"accX":17.58,"accY":1019.04,"accZ":81.54,"magX":-11.7,"magY":-57.9,"magZ":-102.3,"rotX":-0.53,"rotY":-0.2,"rotZ":2.17,"timestamp":"2021-05-31T13:29:44.882843Z"}
{"accX":24.41,"accY":1025.39,"accZ":93.75,"magX":-13.05,"magY":-55.35,"magZ":-96.75,"rotX":0.28,"rotY":1.72,"rotZ":-1.92,"timestamp":"2021-05-31T13:29:45.941179Z"}
{"accX":16.11,"accY":1010.74,"accZ":77.15,"magX":-13.05,"magY":-59.25,"magZ":-98.25,"rotX":-1.41,"rotY":2.79,"rotZ":-0.42,"timestamp":"2021-05-31T13:29:46.988902Z"}
{"accX":34.18,"accY":1017.09,"accZ":64.94,"magX":-14.4,"magY":-61.5,"magZ":-101.1,"rotX":-2.37,"rotY":3.23,"rotZ":-1.06,"timestamp":"2021-05-31T13:29:48.043136Z"}
{"accX":41.02,"accY":992.68,"accZ":26.37,"magX":-12.9,"magY":-58.65,"magZ":-107.55,"rotX":-0.19,"rotY":2.6,"rotZ":-1.37,"timestamp":"2021-05-31T13:29:49.099090Z"}
{"accX":49.32,"accY":997.56,"accZ":-3.91,"magX":-12.75,"magY":-56.55,"magZ":-105.15,"rotX":0.98,"rotY":-0.35,"rotZ":0.44,"timestamp":"2021-05-31T13:29:50.151750Z"}
{"accX":49.8,"accY":1000.0,"accZ":-24.41,"magX":-13.2,"magY":-58.65,"magZ":-96.9,"rotX":2.08,"rotY":-0.71,"rotZ":1.5,"timestamp":"2021-05-31T13:29:51.206239Z"}
{"accX":35.16,"accY":1016.11,"accZ":17.09,"magX":-14.85,"magY":-60.75,"magZ":-103.35,"rotX":1.03,"rotY":-1.21,"rotZ":1.26,"timestamp":"2021-05-31T13:29:52.243425Z"}
{"accX":33.2,"accY":1023.44,"accZ":82.52,"magX":-12.45,"magY":-58.65,"magZ":-97.65,"rotX":-2.28,"rotY":-0.66,"rotZ":2.02,"timestamp":"2021-05-31T13:29:53.297868Z"}
{"accX":39.55,"accY":1016.11,"accZ":46.88,"magX":-13.8,"magY":-58.5,"magZ":-98.25,"rotX":-0.82,"rotY":0.89,"rotZ":-1.85,"timestamp":"2021-05-31T13:29:54.353436Z"}
{"accX":49.8,"accY":1024.41,"accZ":38.09,"magX":-12.75,"magY":-58.05,"magZ":-109.65,"rotX":-1.66,"rotY":0.45,"rotZ":2.1,"timestamp":"2021-05-31T13:29:55.402480Z"}
{"accX":40.53,"accY":1025.39,"accZ":63.48,"magX":-10.95,"magY":-55.95,"magZ":-103.35,"rotX":0.4,"rotY":-0.15,"rotZ":-1.39,"timestamp":"2021-05-31T13:29:55.941767Z"}
{"accX":28.81,"accY":1028.81,"accZ":35.64,"magX":-13.5,"magY":-60.45,"magZ":-100.95,"rotX":-1.73,"rotY":-0.62,"rotZ":0.71,"timestamp":"2021-05-31T13:29:56.977897Z"}
{"accX":28.81,"accY":1006.84,"accZ":43.46,"magX":-14.4,"magY":-60.3,"magZ":-106.05,"rotX":2.11,"rotY":-0.56,"rotZ":-0.57,"timestamp":"2021-05-31T13:29:58.027733Z"}
{"accX":30.76,"accY":1016.11,"accZ":50.29,"magX":-12.45,"magY":-56.7,"magZ":-108.0,"rotX":2.85,"rotY":0.46,"rotZ":0.21,"timestamp":"2021-05-31T13:29:59.081862Z"}
{"accX":25.39,"accY":1010.74,"accZ":56.64,"magX":-11.7,"magY":-56.25,"magZ":-104.1,"rotX":2.5,"rotY":0.27,"rotZ":2.81,"timestamp":"2021-05-31T13:30:00.124542Z"}
{"accX":22.95,"accY":1028.81,"accZ":57.13,"magX":-14.25,"magY":-60.15,"magZ":-100.5,"rotX":0.37,"rotY":3.44,"rotZ":-1.6,"timestamp":"2021-05-31T13:30:01.174064Z"}
{"accX":37.11,"accY":1021.0,"accZ":80.08,"magX":-12.9,"magY":-59.55,"magZ":-105.6,"rotX":-0.96,"rotY":2.08,"rotZ":1.52,"timestamp":"2021-05-31T13:30:02.224254Z"}
{"accX":32.23,"accY":1033.2,"accZ":74.71,"magX":-12.75,"magY":-55.65,"magZ":-109.65,"rotX":-2.73,"rotY":2.59,"rotZ":3.44,"timestamp":"2021-05-31T13:30:03.282028Z"}
{"accX":22.95,"accY":1016.11,"accZ":82.03,"magX":-15.45,"magY":-60.45,"magZ":-104.7,"rotX":0.08,"rotY":3.5,"rotZ":-2.34,"timestamp":"2021-05-31T13:30:04.335709Z"}
{"accX":54.2,"accY":999.51,"accZ":42.97,"magX":-14.55,"magY":-60.9,"magZ":-108.15,"rotX":0.11,"rotY":0.85,"rotZ":-1.48,"timestamp":"2021-05-31T13:30:05.418057Z"}
{"accX":44.92,"accY":1007.32,"accZ":40.04,"magX":-12.3,"magY":-57.75,"magZ":-112.35,"rotX":1.05,"rotY":-1.82,"rotZ":4.41,"timestamp":"2021-05-31T13:30:06.466420Z"}
{"accX":38.09,"accY":995.12,"accZ":58.59,"magX":-14.25,"magY":-61.65,"magZ":-110.85,"rotX":2.16,"rotY":0.79,"rotZ":4.42,"timestamp":"2021-05-31T13:30:07.003338Z"}
{"accX":37.11,"accY":997.56,"accZ":65.92,"magX":-12.3,"magY":-57.75,"magZ":-111.9,"rotX":-1.25,"rotY":1.24,"rotZ":-1.54,"timestamp":"2021-05-31T13:30:08.049348Z"}
{"accX":25.88,"accY":994.14,"accZ":96.19,"magX":-13.2,"magY":-56.7,"magZ":-107.55,"rotX":-2.77,"rotY":2.1,"rotZ":0.82,"timestamp":"2021-05-31T13:30:09.110088Z"}
{"accX":50.29,"accY":1021.0,"accZ":77.64,"magX":-13.2,"magY":-58.65,"magZ":-103.35,"rotX":-1.38,"rotY":2.3,"rotZ":-1.17,"timestamp":"2021-05-31T13:30:10.159496Z"}
{"accX":37.11,"accY":1001.46,"accZ":51.76,"magX":-15.0,"magY":-61.35,"magZ":-100.95,"rotX":-3.47,"rotY":1.08,"rotZ":-3.76,"timestamp":"2021-05-31T13:30:11.213079Z"}
{"accX":42.97,"accY":1013.18,"accZ":49.32,"magX":-15.45,"magY":-64.5,"magZ":-105.45,"rotX":0.08,"rotY":-1.34,"rotZ":0.31,"timestamp":"2021-05-31T13:30:12.269466Z"}
{"accX":51.27,"accY":1004.88,"accZ":65.92,"magX":-13.65,"magY":-59.85,"magZ":-103.8,"rotX":3.38,"rotY":-0.47,"rotZ":-0.4,"timestamp":"2021-05-31T13:30:13.318402Z"}
{"accX":56.15,"accY":1020.02,"accZ":38.09,"magX":-15.0,"magY":-61.65,"magZ":-112.65,"rotX":0.6,"rotY":-1.73,"rotZ":1.18,"timestamp":"2021-05-31T13:30:14.378773Z"}
{"accX":42.97,"accY":1000.49,"accZ":63.96,"magX":-15.15,"magY":-61.95,"magZ":-107.25,"rotX":2.58,"rotY":-2.34,"rotZ":2.63,"timestamp":"2021-05-31T13:30:15.413803Z"}
{"accX":21.97,"accY":1020.51,"accZ":59.08,"magX":-13.5,"magY":-61.35,"magZ":-108.45,"rotX":-0.6,"rotY":1.24,"rotZ":-1.18,"timestamp":"2021-05-31T13:30:16.485889Z"}
{"accX":48.83,"accY":1001.95,"accZ":20.51,"magX":-11.4,"magY":-58.35,"magZ":-110.25,"rotX":-1.44,"rotY":2.63,"rotZ":-2.37,"timestamp":"2021-05-31T13:30:17.542274Z"}
{"accX":45.41,"accY":990.23,"accZ":26.86,"magX":-14.25,"magY":-57.75,"magZ":-110.1,"rotX":-1.59,"rotY":1.83,"rotZ":-1.6,"timestamp":"2021-05-31T13:30:18.080914Z"}
{"accX":44.92,"accY":996.09,"accZ":-11.23,"magX":-13.65,"magY":-57.45,"magZ":-104.85,"rotX":-0.17,"rotY":-1.6,"rotZ":1.57,"timestamp":"2021-05-31T13:30:19.119605Z"}
{"accX":47.85,"accY":991.21,"accZ":-15.14,"magX":-14.85,"magY":-63.15,"magZ":-101.55,"rotX":3.55,"rotY":0.92,"rotZ":0.3,"timestamp":"2021-05-31T13:30:20.168180Z"}
{"accX":43.46,"accY":1001.46,"accZ":-12.21,"magX":-15.6,"magY":-63.9,"magZ":-105.3,"rotX":1.6,"rotY":-0.82,"rotZ":-0.15,"timestamp":"2021-05-31T13:30:21.217025Z"}
{"accX":48.83,"accY":1001.46,"accZ":-22.46,"magX":-13.2,"magY":-57.9,"magZ":-109.8,"rotX":2.53,"rotY":-0.45,"rotZ":-0.16,"timestamp":"2021-05-31T13:30:22.265444Z"}
