{"accX":40.53,"accY":1001.46,"accZ":40.04,"magX":-13.05,"magY":-55.65,"magZ":-106.65,"rotX":1.02,"rotY":0.75,"rotZ":0.29,"timestamp":"2021-05-31T13:27:50.390585Z"}
{"accX":26.37,"accY":1002.93,"accZ":34.18,"magX":-13.8,"magY":-55.35,"magZ":-106.2,"rotX":-0.88,"rotY":-1.2,"rotZ":1.01,"timestamp":"2021-05-31T13:27:50.390711Z"}
{"accX":36.13,"accY":1008.79,"accZ":44.43,"magX":-12.3,"magY":-56.1,"magZ":-106.2,"rotX":0.96,"rotY":1.55,"rotZ":2.17,"timestamp":"2021-05-31T13:27:50.390764Z"}
{"accX":30.27,"accY":1003.91,"accZ":46.39,"magX":-11.85,"magY":-55.65,"magZ":-105.45,"rotX":-0.36,"rotY":1.38,"rotZ":1.95,"timestamp":"2021-05-31T13:27:50.390817Z"}
{"accX":33.69,"accY":1006.84,"accZ":35.16,"magX":-11.55,"magY":-56.85,"magZ":-107.7,"rotX":2.08,"rotY":1.42,"rotZ":4.5,"timestamp":"2021-05-31T13:27:50.390867Z"}
{"accX":43.95,"accY":1006.84,"accZ":30.76,"magX":-13.2,"magY":-56.25,"magZ":-105.3,"rotX":-1.05,"rotY":3.94,"rotZ":1.65,"timestamp":"2021-05-31T13:27:50.390917Z"}
{"accX":35.64,"accY":1016.11,"accZ":44.43,"magX":-11.1,"magY":-55.35,"magZ":-105.45,"rotX":-1.56,"rotY":1.6,"rotZ":-0.09,"timestamp":"2021-05-31T13:27:50.390966Z"}
{"accX":26.37,"accY":999.51,"accZ":46.88,"magX":-11.85,"magY":-58.05,"magZ":-106.65,"rotX":-2.3,"rotY":0.93,"rotZ":-2.29,"timestamp":"2021-05-31T13:27:50.391016Z"}
{"accX":42.97,"accY":1003.42,"accZ":37.6,"magX":-13.2,"magY":-56.25,"magZ":-106.05,"rotX":-0.41,"rotY":2.94,"rotZ":-0.76,"timestamp":"2021-05-31T13:27:50.391066Z"}
{"accX":33.2,"accY":998.54,"accZ":38.57,"magX":-11.1,"magY":-56.1,"magZ":-105.9,"rotX":1.3,"rotY":-3.25,"rotZ":2.3,"timestamp":"2021-05-31T13:27:50.391116Z"}
{"accX":32.23,"accY":1008.79,"accZ":36.62,"magX":-22.5,"magY":-63.45,"magZ":-101.1,"rotX":-3.44,"rotY":-0.56,"rotZ":1.13,"timestamp":"2021-05-31T13:27:51.445566Z"}
{"accX":44.43,"accY":997.56,"accZ":45.41,"magX":-10.05,"magY":-56.85,"magZ":-109.35,"rotX":3.54,"rotY":-1.43,"rotZ":1.92,"timestamp":"2021-05-31T13:27:52.505687Z"}
{"accX":58.11,"accY":1017.58,"accZ":44.92,"magX":-13.65,"magY":-56.25,"magZ":-100.8,"rotX":-1.21,"rotY":-0.18,"rotZ":2.36,"timestamp":"2021-05-31T13:27:53.563037Z"}
{"accX":36.13,"accY":988.77,"accZ":50.29,"magX":-12.9,"magY":-54.3,"magZ":-110.25,"rotX":-0.4,"rotY":-1.82,"rotZ":0.79,"timestamp":"2021-05-31T13:27:54.093116Z"}
{"accX":57.13,"accY":1002.93,"accZ":16.11,"magX":-13.05,"magY":-59.25,"magZ":-108.15,"rotX":-0.6,"rotY":3.92,"rotZ":-0.39,"timestamp":"2021-05-31T13:27:55.159236Z"}
{"accX":44.43,"accY":997.56,"accZ":32.23,"magX":-14.25,"magY":-58.05,"magZ":-102.75,"rotX":-0.97,"rotY":1.29,"rotZ":1.24,"timestamp":"2021-05-31T13:27:56.239833Z"}
{"accX":38.09,"accY":1014.16,"accZ":35.64,"magX":-11.1,"magY":-54.15,"magZ":-108.9,"rotX":-1.22,"rotY":1.56,"rotZ":-0.77,"timestamp":"2021-05-31T13:27:57.286872Z"}
{"accX":31.25,"accY":998.05,"accZ":60.55,"magX":-12.3,"magY":-56.85,"magZ":-111.9,"rotX":-1.82,"rotY":1.81,"rotZ":-1.35,"timestamp":"2021-05-31T13:27:58.365246Z"}
{"accX":59.57,"accY":1004.88,"accZ":39.55,"magX":-13.05,"magY":-58.05,"magZ":-100.95,"rotX":1.04,"rotY":0.46,"rotZ":0.72,"timestamp":"2021-05-31T13:27:59.405367Z"}
{"accX":7.81,"accY":1009.77,"accZ":76.66,"magX":-11.85,"magY":-55.35,"magZ":-111.15,"rotX":0.42,"rotY":1.09,"rotZ":1.24,"timestamp":"2021-05-31T13:28:00.452941Z"}
{"accX":38.09,"accY":1008.3,"accZ":-3.42,"magX":-11.85,"magY":-58.95,"magZ":-103.65,"rotX":-0.55,"rotY":-1.34,"rotZ":0.91,"timestamp":"2021-05-31T13:28:01.504369Z"}
{"accX":34.67,"accY":997.56,"accZ":-0.98,"magX":-13.2,"magY":-56.7,"magZ":-102.6,"rotX":-0.2,"rotY":-2.47,"rotZ":1.34,"timestamp":"2021-05-31T13:28:02.562838Z"}
{"accX":78.61,"accY":1040.53,"accZ":-5.86,"magX":-12.9,"magY":-55.95,"magZ":-104.85,"rotX":-2.21,"rotY":1.02,"rotZ":1.92,"timestamp":"2021-05-31T13:28:03.142525Z"}
{"accX":21.0,"accY":1007.32,"accZ":63.96,"magX":-14.25,"magY":-59.7,"magZ":-100.95,"rotX":-3.87,"rotY":2.63,"rotZ":1.69,"timestamp":"2021-05-31T13:28:04.194528Z"}
{"accX":38.57,"accY":1004.39,"accZ":34.18,"magX":-12.3,"magY":-55.35,"magZ":-108.9,"rotX":-2.67,"rotY":-0.17,"rotZ":-0.45,"timestamp":"2021-05-31T13:28:05.244847Z"}
{"accX":22.46,"accY":1026.86,"accZ":41.02,"magX":-13.05,"magY":-57.3,"magZ":-99.0,"rotX":-0.75,"rotY":2.12,"rotZ":-1.01,"timestamp":"2021-05-31T13:28:06.299229Z"}
{"accX":40.04,"accY":995.12,"accZ":44.92,"magX":-12.75,"magY":-57.3,"magZ":-109.35,"rotX":0.02,"rotY":0.01,"rotZ":2.73,"timestamp":"2021-05-31T13:28:07.372557Z"}
{"accX":37.6,"accY":1002.44,"accZ":11.23,"magX":-13.8,"magY":-59.7,"magZ":-100.95,"rotX":0.4,"rotY":-1.36,"rotZ":3.63,"timestamp":"2021-05-31T13:28:08.422941Z"}
{"accX":16.11,"accY":1017.58,"accZ":88.38,"magX":-11.85,"magY":-56.85,"magZ":-110.4,"rotX":-2.13,"rotY":-2.09,"rotZ":3.92,"timestamp":"2021-05-31T13:28:09.463380Z"}
{"accX":36.62,"accY":1019.04,"accZ":45.9,"magX":-13.5,"magY":-56.1,"magZ":-103.95,"rotX":1.26,"rotY":-2.21,"rotZ":3.37,"timestamp":"2021-05-31T13:28:10.512691Z"}
{"accX":27.83,"accY":986.33,"accZ":53.71,"magX":-13.65,"magY":-62.25,"magZ":-102.3,"rotX":-0.69,"rotY":2.6,"rotZ":-2.73,"timestamp":"2021-05-31T13:28:11.560Z"}
{"accX":30.27,"accY":1012.21,"accZ":12.21,"magX":-12.75,"magY":-57.75,"magZ":-110.4,"rotX":-3.02,"rotY":2.02,"rotZ":-0.87,"timestamp":"2021-05-31T13:28:12.608852Z"}
{"accX":42.97,"accY":1002.44,"accZ":38.57,"magX":-11.85,"magY":-56.55,"magZ":-99.45,"rotX":-0.15,"rotY":1.68,"rotZ":-0.69,"timestamp":"2021-05-31T13:28:13.653540Z"}
{"accX":36.13,"accY":1017.09,"accZ":21.97,"magX":-12.15,"magY":-57.45,"magZ":-109.5,"rotX":-1.98,"rotY":-0.55,"rotZ":-0.54,"timestamp":"2021-05-31T13:28:14.698262Z"}
{"accX":25.39,"accY":993.16,"accZ":36.13,"magX":-10.2,"magY":-57.45,"magZ":-109.05,"rotX":1.85,"rotY":-0.46,"rotZ":3.82,"timestamp":"2021-05-31T13:28:15.253366Z"}
{"accX":48.34,"accY":1007.32,"accZ":14.65,"magX":-11.1,"magY":-55.65,"magZ":-106.95,"rotX":-1.13,"rotY":-3.18,"rotZ":2.96,"timestamp":"2021-05-31T13:28:16.311624Z"}
